{"meta": {"format": 3, "version": "7.10.6", "timestamp": "2025-09-21T20:13:47.002231", "branch_coverage": false, "show_contexts": false}, "files": {"server/__init__.py": {"executed_lines": [0], "summary": {"covered_lines": 0, "num_statements": 0, "percent_covered": 100.0, "percent_covered_display": "100", "missing_lines": 0, "excluded_lines": 0}, "missing_lines": [], "excluded_lines": [], "functions": {"": {"executed_lines": [], "summary": {"covered_lines": 0, "num_statements": 0, "percent_covered": 100.0, "percent_covered_display": "100", "missing_lines": 0, "excluded_lines": 0}, "missing_lines": [], "excluded_lines": []}}, "classes": {"": {"executed_lines": [], "summary": {"covered_lines": 0, "num_statements": 0, "percent_covered": 100.0, "percent_covered_display": "100", "missing_lines": 0, "excluded_lines": 0}, "missing_lines": [], "excluded_lines": []}}}, "server/ai_integrations.py": {"executed_lines": [], "summary": {"covered_lines": 0, "num_statements": 205, "percent_covered": 0.0, "percent_covered_display": "0", "missing_lines": 205, "excluded_lines": 19}, "missing_lines": [7, 8, 9, 10, 11, 12, 13, 14, 16, 19, 20, 21, 22, 25, 26, 29, 30, 33, 34, 35, 36, 37, 38, 39, 42, 43, 46, 47, 48, 49, 50, 51, 52, 55, 58, 59, 60, 61, 62, 63, 65, 69, 75, 79, 81, 82, 84, 86, 89, 90, 91, 93, 94, 96, 97, 99, 101, 102, 104, 108, 109, 110, 111, 114, 117, 118, 119, 120, 124, 131, 134, 135, 137, 146, 147, 148, 153, 154, 156, 157, 158, 166, 167, 173, 174, 175, 176, 178, 180, 183, 186, 187, 188, 189, 193, 201, 204, 205, 207, 215, 216, 217, 222, 223, 225, 226, 227, 235, 236, 242, 243, 244, 245, 247, 249, 252, 255, 258, 260, 265, 271, 272, 279, 282, 283, 284, 285, 288, 318, 320, 321, 322, 323, 324, 325, 326, 327, 328, 329, 331, 333, 334, 335, 336, 337, 339, 341, 345, 346, 351, 354, 361, 363, 364, 367, 377, 380, 381, 383, 385, 386, 387, 394, 396, 398, 402, 404, 417, 429, 431, 432, 433, 435, 437, 439, 441, 442, 444, 445, 446, 448, 456, 460, 462, 463, 468, 472, 474, 476, 477, 481, 484, 486, 490, 494, 497, 499, 502, 504, 507, 511, 514, 516, 519, 521], "excluded_lines": [67, 73, 77, 524, 526, 527, 528, 529, 530, 531, 532, 533, 534, 535, 536, 537, 538, 539, 541], "functions": {"AIToolIntegration.__init__": {"executed_lines": [], "summary": {"covered_lines": 0, "num_statements": 5, "percent_covered": 0.0, "percent_covered_display": "0", "missing_lines": 5, "excluded_lines": 0}, "missing_lines": [59, 60, 61, 62, 63], "excluded_lines": []}, "AIToolIntegration.initialize": {"executed_lines": [], "summary": {"covered_lines": 0, "num_statements": 0, "percent_covered": 100.0, "percent_covered_display": "100", "missing_lines": 0, "excluded_lines": 1}, "missing_lines": [], "excluded_lines": [67]}, "AIToolIntegration.send_query": {"executed_lines": [], "summary": {"covered_lines": 0, "num_statements": 0, "percent_covered": 100.0, "percent_covered_display": "100", "missing_lines": 0, "excluded_lines": 1}, "missing_lines": [], "excluded_lines": [73]}, "AIToolIntegration.get_context": {"executed_lines": [], "summary": {"covered_lines": 0, "num_statements": 0, "percent_covered": 100.0, "percent_covered_display": "100", "missing_lines": 0, "excluded_lines": 1}, "missing_lines": [], "excluded_lines": [77]}, "AIToolIntegration.cleanup": {"executed_lines": [], "summary": {"covered_lines": 0, "num_statements": 2, "percent_covered": 0.0, "percent_covered_display": "0", "missing_lines": 2, "excluded_lines": 0}, "missing_lines": [81, 82], "excluded_lines": []}, "AIToolIntegration._check_rate_limit": {"executed_lines": [], "summary": {"covered_lines": 0, "num_statements": 8, "percent_covered": 0.0, "percent_covered_display": "0", "missing_lines": 8, "excluded_lines": 0}, "missing_lines": [86, 89, 90, 91, 93, 94, 96, 97], "excluded_lines": []}, "AIToolIntegration._wait_for_rate_limit": {"executed_lines": [], "summary": {"covered_lines": 0, "num_statements": 7, "percent_covered": 0.0, "percent_covered_display": "0", "missing_lines": 7, "excluded_lines": 0}, "missing_lines": [101, 102, 104, 108, 109, 110, 111], "excluded_lines": []}, "OpenAIIntegration.initialize": {"executed_lines": [], "summary": {"covered_lines": 0, "num_statements": 4, "percent_covered": 0.0, "percent_covered_display": "0", "missing_lines": 4, "excluded_lines": 0}, "missing_lines": [118, 119, 120, 124], "excluded_lines": []}, "OpenAIIntegration.send_query": {"executed_lines": [], "summary": {"covered_lines": 0, "num_statements": 17, "percent_covered": 0.0, "percent_covered_display": "0", "missing_lines": 17, "excluded_lines": 0}, "missing_lines": [134, 135, 137, 146, 147, 148, 153, 154, 156, 157, 158, 166, 167, 173, 174, 175, 176], "excluded_lines": []}, "OpenAIIntegration.get_context": {"executed_lines": [], "summary": {"covered_lines": 0, "num_statements": 1, "percent_covered": 0.0, "percent_covered_display": "0", "missing_lines": 1, "excluded_lines": 0}, "missing_lines": [180], "excluded_lines": []}, "AnthropicIntegration.initialize": {"executed_lines": [], "summary": {"covered_lines": 0, "num_statements": 4, "percent_covered": 0.0, "percent_covered_display": "0", "missing_lines": 4, "excluded_lines": 0}, "missing_lines": [187, 188, 189, 193], "excluded_lines": []}, "AnthropicIntegration.send_query": {"executed_lines": [], "summary": {"covered_lines": 0, "num_statements": 17, "percent_covered": 0.0, "percent_covered_display": "0", "missing_lines": 17, "excluded_lines": 0}, "missing_lines": [204, 205, 207, 215, 216, 217, 222, 223, 225, 226, 227, 235, 236, 242, 243, 244, 245], "excluded_lines": []}, "AnthropicIntegration.get_context": {"executed_lines": [], "summary": {"covered_lines": 0, "num_statements": 1, "percent_covered": 0.0, "percent_covered_display": "0", "missing_lines": 1, "excluded_lines": 0}, "missing_lines": [249], "excluded_lines": []}, "GitHubCopilotIntegration.initialize": {"executed_lines": [], "summary": {"covered_lines": 0, "num_statements": 1, "percent_covered": 0.0, "percent_covered_display": "0", "missing_lines": 1, "excluded_lines": 0}, "missing_lines": [258], "excluded_lines": []}, "GitHubCopilotIntegration.send_query": {"executed_lines": [], "summary": {"covered_lines": 0, "num_statements": 1, "percent_covered": 0.0, "percent_covered_display": "0", "missing_lines": 1, "excluded_lines": 0}, "missing_lines": [265], "excluded_lines": []}, "GitHubCopilotIntegration.get_context": {"executed_lines": [], "summary": {"covered_lines": 0, "num_statements": 1, "percent_covered": 0.0, "percent_covered_display": "0", "missing_lines": 1, "excluded_lines": 0}, "missing_lines": [272], "excluded_lines": []}, "AIIntegrationManager.__init__": {"executed_lines": [], "summary": {"covered_lines": 0, "num_statements": 4, "percent_covered": 0.0, "percent_covered_display": "0", "missing_lines": 4, "excluded_lines": 0}, "missing_lines": [283, 284, 285, 288], "excluded_lines": []}, "AIIntegrationManager.initialize_integrations": {"executed_lines": [], "summary": {"covered_lines": 0, "num_statements": 17, "percent_covered": 0.0, "percent_covered_display": "0", "missing_lines": 17, "excluded_lines": 0}, "missing_lines": [320, 321, 322, 323, 324, 325, 326, 327, 328, 329, 331, 333, 334, 335, 336, 337, 339], "excluded_lines": []}, "AIIntegrationManager.query_ai_tool": {"executed_lines": [], "summary": {"covered_lines": 0, "num_statements": 17, "percent_covered": 0.0, "percent_covered_display": "0", "missing_lines": 17, "excluded_lines": 0}, "missing_lines": [345, 346, 351, 354, 361, 363, 364, 367, 377, 380, 381, 383, 385, 386, 387, 394, 396], "excluded_lines": []}, "AIIntegrationManager._store_ai_interaction": {"executed_lines": [], "summary": {"covered_lines": 0, "num_statements": 7, "percent_covered": 0.0, "percent_covered_display": "0", "missing_lines": 7, "excluded_lines": 0}, "missing_lines": [402, 404, 417, 429, 431, 432, 433], "excluded_lines": []}, "AIIntegrationManager.get_supported_tools": {"executed_lines": [], "summary": {"covered_lines": 0, "num_statements": 1, "percent_covered": 0.0, "percent_covered_display": "0", "missing_lines": 1, "excluded_lines": 0}, "missing_lines": [437], "excluded_lines": []}, "AIIntegrationManager.get_tool_capabilities": {"executed_lines": [], "summary": {"covered_lines": 0, "num_statements": 6, "percent_covered": 0.0, "percent_covered_display": "0", "missing_lines": 6, "excluded_lines": 0}, "missing_lines": [441, 442, 444, 445, 446, 448], "excluded_lines": []}, "AIIntegrationManager.get_interaction_history": {"executed_lines": [], "summary": {"covered_lines": 0, "num_statements": 5, "percent_covered": 0.0, "percent_covered_display": "0", "missing_lines": 5, "excluded_lines": 0}, "missing_lines": [460, 462, 463, 468, 472], "excluded_lines": []}, "AIIntegrationManager.cleanup": {"executed_lines": [], "summary": {"covered_lines": 0, "num_statements": 2, "percent_covered": 0.0, "percent_covered_display": "0", "missing_lines": 2, "excluded_lines": 0}, "missing_lines": [476, 477], "excluded_lines": []}, "get_ai_manager": {"executed_lines": [], "summary": {"covered_lines": 0, "num_statements": 1, "percent_covered": 0.0, "percent_covered_display": "0", "missing_lines": 1, "excluded_lines": 0}, "missing_lines": [486], "excluded_lines": []}, "query_ai_tool": {"executed_lines": [], "summary": {"covered_lines": 0, "num_statements": 1, "percent_covered": 0.0, "percent_covered_display": "0", "missing_lines": 1, "excluded_lines": 0}, "missing_lines": [494], "excluded_lines": []}, "get_supported_ai_tools": {"executed_lines": [], "summary": {"covered_lines": 0, "num_statements": 1, "percent_covered": 0.0, "percent_covered_display": "0", "missing_lines": 1, "excluded_lines": 0}, "missing_lines": [499], "excluded_lines": []}, "get_ai_tool_capabilities": {"executed_lines": [], "summary": {"covered_lines": 0, "num_statements": 1, "percent_covered": 0.0, "percent_covered_display": "0", "missing_lines": 1, "excluded_lines": 0}, "missing_lines": [504], "excluded_lines": []}, "get_ai_interaction_history": {"executed_lines": [], "summary": {"covered_lines": 0, "num_statements": 1, "percent_covered": 0.0, "percent_covered_display": "0", "missing_lines": 1, "excluded_lines": 0}, "missing_lines": [511], "excluded_lines": []}, "initialize_ai_integrations": {"executed_lines": [], "summary": {"covered_lines": 0, "num_statements": 1, "percent_covered": 0.0, "percent_covered_display": "0", "missing_lines": 1, "excluded_lines": 0}, "missing_lines": [516], "excluded_lines": []}, "cleanup_ai_integrations": {"executed_lines": [], "summary": {"covered_lines": 0, "num_statements": 1, "percent_covered": 0.0, "percent_covered_display": "0", "missing_lines": 1, "excluded_lines": 0}, "missing_lines": [521], "excluded_lines": []}, "main": {"executed_lines": [], "summary": {"covered_lines": 0, "num_statements": 0, "percent_covered": 100.0, "percent_covered_display": "100", "missing_lines": 0, "excluded_lines": 13}, "missing_lines": [], "excluded_lines": [527, 528, 529, 530, 531, 532, 533, 534, 535, 536, 537, 538, 539]}, "": {"executed_lines": [], "summary": {"covered_lines": 0, "num_statements": 70, "percent_covered": 0.0, "percent_covered_display": "0", "missing_lines": 70, "excluded_lines": 3}, "missing_lines": [7, 8, 9, 10, 11, 12, 13, 14, 16, 19, 20, 21, 22, 25, 26, 29, 30, 33, 34, 35, 36, 37, 38, 39, 42, 43, 46, 47, 48, 49, 50, 51, 52, 55, 58, 65, 69, 75, 79, 84, 99, 114, 117, 131, 178, 183, 186, 201, 247, 252, 255, 260, 271, 279, 282, 318, 341, 398, 435, 439, 456, 474, 481, 484, 490, 497, 502, 507, 514, 519], "excluded_lines": [524, 526, 541]}}, "classes": {"AIToolConfig": {"executed_lines": [], "summary": {"covered_lines": 0, "num_statements": 0, "percent_covered": 100.0, "percent_covered_display": "100", "missing_lines": 0, "excluded_lines": 0}, "missing_lines": [], "excluded_lines": []}, "AIInteraction": {"executed_lines": [], "summary": {"covered_lines": 0, "num_statements": 0, "percent_covered": 100.0, "percent_covered_display": "100", "missing_lines": 0, "excluded_lines": 0}, "missing_lines": [], "excluded_lines": []}, "AIToolIntegration": {"executed_lines": [], "summary": {"covered_lines": 0, "num_statements": 22, "percent_covered": 0.0, "percent_covered_display": "0", "missing_lines": 22, "excluded_lines": 3}, "missing_lines": [59, 60, 61, 62, 63, 81, 82, 86, 89, 90, 91, 93, 94, 96, 97, 101, 102, 104, 108, 109, 110, 111], "excluded_lines": [67, 73, 77]}, "OpenAIIntegration": {"executed_lines": [], "summary": {"covered_lines": 0, "num_statements": 22, "percent_covered": 0.0, "percent_covered_display": "0", "missing_lines": 22, "excluded_lines": 0}, "missing_lines": [118, 119, 120, 124, 134, 135, 137, 146, 147, 148, 153, 154, 156, 157, 158, 166, 167, 173, 174, 175, 176, 180], "excluded_lines": []}, "AnthropicIntegration": {"executed_lines": [], "summary": {"covered_lines": 0, "num_statements": 22, "percent_covered": 0.0, "percent_covered_display": "0", "missing_lines": 22, "excluded_lines": 0}, "missing_lines": [187, 188, 189, 193, 204, 205, 207, 215, 216, 217, 222, 223, 225, 226, 227, 235, 236, 242, 243, 244, 245, 249], "excluded_lines": []}, "GitHubCopilotIntegration": {"executed_lines": [], "summary": {"covered_lines": 0, "num_statements": 3, "percent_covered": 0.0, "percent_covered_display": "0", "missing_lines": 3, "excluded_lines": 0}, "missing_lines": [258, 265, 272], "excluded_lines": []}, "AIIntegrationManager": {"executed_lines": [], "summary": {"covered_lines": 0, "num_statements": 59, "percent_covered": 0.0, "percent_covered_display": "0", "missing_lines": 59, "excluded_lines": 0}, "missing_lines": [283, 284, 285, 288, 320, 321, 322, 323, 324, 325, 326, 327, 328, 329, 331, 333, 334, 335, 336, 337, 339, 345, 346, 351, 354, 361, 363, 364, 367, 377, 380, 381, 383, 385, 386, 387, 394, 396, 402, 404, 417, 429, 431, 432, 433, 437, 441, 442, 444, 445, 446, 448, 460, 462, 463, 468, 472, 476, 477], "excluded_lines": []}, "": {"executed_lines": [], "summary": {"covered_lines": 0, "num_statements": 77, "percent_covered": 0.0, "percent_covered_display": "0", "missing_lines": 77, "excluded_lines": 16}, "missing_lines": [7, 8, 9, 10, 11, 12, 13, 14, 16, 19, 20, 21, 22, 25, 26, 29, 30, 33, 34, 35, 36, 37, 38, 39, 42, 43, 46, 47, 48, 49, 50, 51, 52, 55, 58, 65, 69, 75, 79, 84, 99, 114, 117, 131, 178, 183, 186, 201, 247, 252, 255, 260, 271, 279, 282, 318, 341, 398, 435, 439, 456, 474, 481, 484, 486, 490, 494, 497, 499, 502, 504, 507, 511, 514, 516, 519, 521], "excluded_lines": [524, 526, 527, 528, 529, 530, 531, 532, 533, 534, 535, 536, 537, 538, 539, 541]}}}, "server/approval_workflow.py": {"executed_lines": [2, 7, 8, 9, 10, 11, 13, 14, 17, 18, 21, 22, 23, 24, 25, 28, 29, 31, 33, 34, 37, 38, 39, 40, 41, 42, 43, 44, 45, 46, 47, 48, 49, 53, 54, 55, 56, 57, 60, 61, 63, 67, 145, 201, 246, 277, 312, 331, 344], "summary": {"covered_lines": 46, "num_statements": 155, "percent_covered": 29.677419354838708, "percent_covered_display": "30", "missing_lines": 109, "excluded_lines": 0}, "missing_lines": [64, 65, 77, 78, 80, 81, 84, 85, 91, 92, 93, 95, 96, 102, 113, 114, 117, 118, 128, 129, 130, 132, 139, 140, 141, 143, 147, 148, 149, 152, 153, 155, 156, 162, 163, 169, 170, 171, 172, 175, 176, 177, 180, 187, 189, 195, 196, 197, 199, 205, 206, 207, 210, 211, 213, 214, 220, 221, 227, 228, 229, 230, 232, 234, 240, 241, 242, 244, 248, 249, 250, 257, 258, 259, 272, 275, 279, 280, 281, 284, 285, 287, 298, 299, 300, 302, 303, 304, 305, 307, 310, 314, 315, 316, 325, 326, 329, 333, 334, 335, 340, 342, 346, 347, 348, 354, 355, 357, 359], "excluded_lines": [], "functions": {"ApprovalWorkflowManager.__init__": {"executed_lines": [], "summary": {"covered_lines": 0, "num_statements": 2, "percent_covered": 0.0, "percent_covered_display": "0", "missing_lines": 2, "excluded_lines": 0}, "missing_lines": [64, 65], "excluded_lines": []}, "ApprovalWorkflowManager.request_cross_team_access": {"executed_lines": [], "summary": {"covered_lines": 0, "num_statements": 24, "percent_covered": 0.0, "percent_covered_display": "0", "missing_lines": 24, "excluded_lines": 0}, "missing_lines": [77, 78, 80, 81, 84, 85, 91, 92, 93, 95, 96, 102, 113, 114, 117, 118, 128, 129, 130, 132, 139, 140, 141, 143], "excluded_lines": []}, "ApprovalWorkflowManager.approve_request": {"executed_lines": [], "summary": {"covered_lines": 0, "num_statements": 23, "percent_covered": 0.0, "percent_covered_display": "0", "missing_lines": 23, "excluded_lines": 0}, "missing_lines": [147, 148, 149, 152, 153, 155, 156, 162, 163, 169, 170, 171, 172, 175, 176, 177, 180, 187, 189, 195, 196, 197, 199], "excluded_lines": []}, "ApprovalWorkflowManager.reject_request": {"executed_lines": [], "summary": {"covered_lines": 0, "num_statements": 19, "percent_covered": 0.0, "percent_covered_display": "0", "missing_lines": 19, "excluded_lines": 0}, "missing_lines": [205, 206, 207, 210, 211, 213, 214, 220, 221, 227, 228, 229, 230, 232, 234, 240, 241, 242, 244], "excluded_lines": []}, "ApprovalWorkflowManager.get_pending_requests_for_team": {"executed_lines": [], "summary": {"covered_lines": 0, "num_statements": 8, "percent_covered": 0.0, "percent_covered_display": "0", "missing_lines": 8, "excluded_lines": 0}, "missing_lines": [248, 249, 250, 257, 258, 259, 272, 275], "excluded_lines": []}, "ApprovalWorkflowManager.get_request_status": {"executed_lines": [], "summary": {"covered_lines": 0, "num_statements": 15, "percent_covered": 0.0, "percent_covered_display": "0", "missing_lines": 15, "excluded_lines": 0}, "missing_lines": [279, 280, 281, 284, 285, 287, 298, 299, 300, 302, 303, 304, 305, 307, 310], "excluded_lines": []}, "ApprovalWorkflowManager.cleanup_expired_requests": {"executed_lines": [], "summary": {"covered_lines": 0, "num_statements": 6, "percent_covered": 0.0, "percent_covered_display": "0", "missing_lines": 6, "excluded_lines": 0}, "missing_lines": [314, 315, 316, 325, 326, 329], "excluded_lines": []}, "ApprovalWorkflowManager._is_team_member": {"executed_lines": [], "summary": {"covered_lines": 0, "num_statements": 5, "percent_covered": 0.0, "percent_covered_display": "0", "missing_lines": 5, "excluded_lines": 0}, "missing_lines": [333, 334, 335, 340, 342], "excluded_lines": []}, "ApprovalWorkflowManager._can_approve_for_team": {"executed_lines": [], "summary": {"covered_lines": 0, "num_statements": 7, "percent_covered": 0.0, "percent_covered_display": "0", "missing_lines": 7, "excluded_lines": 0}, "missing_lines": [346, 347, 348, 354, 355, 357, 359], "excluded_lines": []}, "": {"executed_lines": [2, 7, 8, 9, 10, 11, 13, 14, 17, 18, 21, 22, 23, 24, 25, 28, 29, 31, 33, 34, 37, 38, 39, 40, 41, 42, 43, 44, 45, 46, 47, 48, 49, 53, 54, 55, 56, 57, 60, 61, 63, 67, 145, 201, 246, 277, 312, 331, 344], "summary": {"covered_lines": 46, "num_statements": 46, "percent_covered": 100.0, "percent_covered_display": "100", "missing_lines": 0, "excluded_lines": 0}, "missing_lines": [], "excluded_lines": []}}, "classes": {"ApprovalStatus": {"executed_lines": [], "summary": {"covered_lines": 0, "num_statements": 0, "percent_covered": 100.0, "percent_covered_display": "100", "missing_lines": 0, "excluded_lines": 0}, "missing_lines": [], "excluded_lines": []}, "CrossTeamApprovalRequest": {"executed_lines": [], "summary": {"covered_lines": 0, "num_statements": 0, "percent_covered": 100.0, "percent_covered_display": "100", "missing_lines": 0, "excluded_lines": 0}, "missing_lines": [], "excluded_lines": []}, "ApprovalWorkflowManager": {"executed_lines": [], "summary": {"covered_lines": 0, "num_statements": 109, "percent_covered": 0.0, "percent_covered_display": "0", "missing_lines": 109, "excluded_lines": 0}, "missing_lines": [64, 65, 77, 78, 80, 81, 84, 85, 91, 92, 93, 95, 96, 102, 113, 114, 117, 118, 128, 129, 130, 132, 139, 140, 141, 143, 147, 148, 149, 152, 153, 155, 156, 162, 163, 169, 170, 171, 172, 175, 176, 177, 180, 187, 189, 195, 196, 197, 199, 205, 206, 207, 210, 211, 213, 214, 220, 221, 227, 228, 229, 230, 232, 234, 240, 241, 242, 244, 248, 249, 250, 257, 258, 259, 272, 275, 279, 280, 281, 284, 285, 287, 298, 299, 300, 302, 303, 304, 305, 307, 310, 314, 315, 316, 325, 326, 329, 333, 334, 335, 340, 342, 346, 347, 348, 354, 355, 357, 359], "excluded_lines": []}, "": {"executed_lines": [2, 7, 8, 9, 10, 11, 13, 14, 17, 18, 21, 22, 23, 24, 25, 28, 29, 31, 33, 34, 37, 38, 39, 40, 41, 42, 43, 44, 45, 46, 47, 48, 49, 53, 54, 55, 56, 57, 60, 61, 63, 67, 145, 201, 246, 277, 312, 331, 344], "summary": {"covered_lines": 46, "num_statements": 46, "percent_covered": 100.0, "percent_covered_display": "100", "missing_lines": 0, "excluded_lines": 0}, "missing_lines": [], "excluded_lines": []}}}, "server/auth.py": {"executed_lines": [1, 6, 7, 8, 9, 10, 11, 13, 14, 15, 16, 17, 21, 46, 55, 56, 60, 61, 67, 79, 90, 96, 102, 107, 113, 114, 115, 116, 117, 120, 121, 122, 125, 126, 127, 130, 131, 132, 135, 136, 137, 138, 139, 142, 143, 144, 147, 148, 149, 152, 153, 154, 155, 158, 159, 160, 161, 162, 163, 164, 165, 166, 169, 170, 171, 172, 173, 174, 175, 179, 182, 199, 233, 247, 266, 283, 369, 418, 428, 455, 460], "summary": {"covered_lines": 80, "num_statements": 231, "percent_covered": 34.63203463203463, "percent_covered_display": "35", "missing_lines": 151, "excluded_lines": 0}, "missing_lines": [23, 24, 25, 28, 29, 30, 31, 32, 33, 37, 38, 39, 42, 48, 50, 51, 57, 69, 70, 71, 72, 73, 74, 75, 81, 83, 84, 85, 86, 92, 93, 98, 104, 109, 183, 184, 185, 187, 188, 191, 192, 193, 195, 196, 201, 203, 205, 207, 208, 209, 211, 212, 217, 220, 221, 224, 225, 227, 228, 230, 235, 236, 237, 238, 239, 240, 241, 242, 243, 244, 251, 252, 253, 258, 259, 260, 261, 263, 268, 269, 270, 271, 273, 274, 276, 277, 278, 279, 285, 286, 288, 290, 298, 299, 300, 303, 306, 309, 311, 320, 321, 324, 325, 327, 329, 337, 338, 339, 340, 343, 349, 351, 362, 363, 364, 366, 371, 372, 373, 374, 376, 378, 379, 381, 382, 385, 386, 389, 392, 400, 402, 415, 421, 424, 430, 431, 432, 433, 435, 439, 440, 442, 443, 444, 446, 448, 449, 450, 452, 457, 462], "excluded_lines": [], "functions": {"load_config": {"executed_lines": [], "summary": {"covered_lines": 0, "num_statements": 13, "percent_covered": 0.0, "percent_covered_display": "0", "missing_lines": 13, "excluded_lines": 0}, "missing_lines": [23, 24, 25, 28, 29, 30, 31, 32, 33, 37, 38, 39, 42], "excluded_lines": []}, "get_db": {"executed_lines": [], "summary": {"covered_lines": 0, "num_statements": 3, "percent_covered": 0.0, "percent_covered_display": "0", "missing_lines": 3, "excluded_lines": 0}, "missing_lines": [48, 50, 51], "excluded_lines": []}, "validate_password": {"executed_lines": [], "summary": {"covered_lines": 0, "num_statements": 7, "percent_covered": 0.0, "percent_covered_display": "0", "missing_lines": 7, "excluded_lines": 0}, "missing_lines": [69, 70, 71, 72, 73, 74, 75], "excluded_lines": []}, "validate_email": {"executed_lines": [], "summary": {"covered_lines": 0, "num_statements": 5, "percent_covered": 0.0, "percent_covered_display": "0", "missing_lines": 5, "excluded_lines": 0}, "missing_lines": [81, 83, 84, 85, 86], "excluded_lines": []}, "hash_password": {"executed_lines": [], "summary": {"covered_lines": 0, "num_statements": 1, "percent_covered": 0.0, "percent_covered_display": "0", "missing_lines": 1, "excluded_lines": 0}, "missing_lines": [457], "excluded_lines": []}, "verify_password": {"executed_lines": [], "summary": {"covered_lines": 0, "num_statements": 1, "percent_covered": 0.0, "percent_covered_display": "0", "missing_lines": 1, "excluded_lines": 0}, "missing_lines": [462], "excluded_lines": []}, "generate_verification_token": {"executed_lines": [], "summary": {"covered_lines": 0, "num_statements": 1, "percent_covered": 0.0, "percent_covered_display": "0", "missing_lines": 1, "excluded_lines": 0}, "missing_lines": [104], "excluded_lines": []}, "generate_invitation_token": {"executed_lines": [], "summary": {"covered_lines": 0, "num_statements": 1, "percent_covered": 0.0, "percent_covered_display": "0", "missing_lines": 1, "excluded_lines": 0}, "missing_lines": [109], "excluded_lines": []}, "create_access_token": {"executed_lines": [], "summary": {"covered_lines": 0, "num_statements": 10, "percent_covered": 0.0, "percent_covered_display": "0", "missing_lines": 10, "excluded_lines": 0}, "missing_lines": [183, 184, 185, 187, 188, 191, 192, 193, 195, 196], "excluded_lines": []}, "get_user_roles_for_token": {"executed_lines": [], "summary": {"covered_lines": 0, "num_statements": 16, "percent_covered": 0.0, "percent_covered_display": "0", "missing_lines": 16, "excluded_lines": 0}, "missing_lines": [201, 203, 205, 207, 208, 209, 211, 212, 217, 220, 221, 224, 225, 227, 228, 230], "excluded_lines": []}, "verify_token": {"executed_lines": [], "summary": {"covered_lines": 0, "num_statements": 10, "percent_covered": 0.0, "percent_covered_display": "0", "missing_lines": 10, "excluded_lines": 0}, "missing_lines": [235, 236, 237, 238, 239, 240, 241, 242, 243, 244], "excluded_lines": []}, "get_current_user": {"executed_lines": [], "summary": {"covered_lines": 0, "num_statements": 8, "percent_covered": 0.0, "percent_covered_display": "0", "missing_lines": 8, "excluded_lines": 0}, "missing_lines": [251, 252, 253, 258, 259, 260, 261, 263], "excluded_lines": []}, "get_current_user_optional": {"executed_lines": [], "summary": {"covered_lines": 0, "num_statements": 10, "percent_covered": 0.0, "percent_covered_display": "0", "missing_lines": 10, "excluded_lines": 0}, "missing_lines": [268, 269, 270, 271, 273, 274, 276, 277, 278, 279], "excluded_lines": []}, "create_individual_user": {"executed_lines": [], "summary": {"covered_lines": 0, "num_statements": 28, "percent_covered": 0.0, "percent_covered_display": "0", "missing_lines": 28, "excluded_lines": 0}, "missing_lines": [285, 286, 288, 290, 298, 299, 300, 303, 306, 309, 311, 320, 321, 324, 325, 327, 329, 337, 338, 339, 340, 343, 349, 351, 362, 363, 364, 366], "excluded_lines": []}, "authenticate_user": {"executed_lines": [], "summary": {"covered_lines": 0, "num_statements": 16, "percent_covered": 0.0, "percent_covered_display": "0", "missing_lines": 16, "excluded_lines": 0}, "missing_lines": [371, 372, 373, 374, 376, 378, 379, 381, 382, 385, 386, 389, 392, 400, 402, 415], "excluded_lines": []}, "send_verification_email": {"executed_lines": [], "summary": {"covered_lines": 0, "num_statements": 2, "percent_covered": 0.0, "percent_covered_display": "0", "missing_lines": 2, "excluded_lines": 0}, "missing_lines": [421, 424], "excluded_lines": []}, "verify_email_token": {"executed_lines": [], "summary": {"covered_lines": 0, "num_statements": 15, "percent_covered": 0.0, "percent_covered_display": "0", "missing_lines": 15, "excluded_lines": 0}, "missing_lines": [430, 431, 432, 433, 435, 439, 440, 442, 443, 444, 446, 448, 449, 450, 452], "excluded_lines": []}, "": {"executed_lines": [1, 6, 7, 8, 9, 10, 11, 13, 14, 15, 16, 17, 21, 46, 55, 56, 60, 61, 67, 79, 90, 96, 102, 107, 113, 114, 115, 116, 117, 120, 121, 122, 125, 126, 127, 130, 131, 132, 135, 136, 137, 138, 139, 142, 143, 144, 147, 148, 149, 152, 153, 154, 155, 158, 159, 160, 161, 162, 163, 164, 165, 166, 169, 170, 171, 172, 173, 174, 175, 179, 182, 199, 233, 247, 266, 283, 369, 418, 428, 455, 460], "summary": {"covered_lines": 80, "num_statements": 81, "percent_covered": 98.76543209876543, "percent_covered_display": "99", "missing_lines": 1, "excluded_lines": 0}, "missing_lines": [57], "excluded_lines": []}}, "classes": {"IndividualUserSignup": {"executed_lines": [], "summary": {"covered_lines": 0, "num_statements": 0, "percent_covered": 100.0, "percent_covered_display": "100", "missing_lines": 0, "excluded_lines": 0}, "missing_lines": [], "excluded_lines": []}, "OrganizationSignup": {"executed_lines": [], "summary": {"covered_lines": 0, "num_statements": 0, "percent_covered": 100.0, "percent_covered_display": "100", "missing_lines": 0, "excluded_lines": 0}, "missing_lines": [], "excluded_lines": []}, "UserLogin": {"executed_lines": [], "summary": {"covered_lines": 0, "num_statements": 0, "percent_covered": 100.0, "percent_covered_display": "100", "missing_lines": 0, "excluded_lines": 0}, "missing_lines": [], "excluded_lines": []}, "InvitationAccept": {"executed_lines": [], "summary": {"covered_lines": 0, "num_statements": 0, "percent_covered": 100.0, "percent_covered_display": "100", "missing_lines": 0, "excluded_lines": 0}, "missing_lines": [], "excluded_lines": []}, "UserInvitation": {"executed_lines": [], "summary": {"covered_lines": 0, "num_statements": 0, "percent_covered": 100.0, "percent_covered_display": "100", "missing_lines": 0, "excluded_lines": 0}, "missing_lines": [], "excluded_lines": []}, "Token": {"executed_lines": [], "summary": {"covered_lines": 0, "num_statements": 0, "percent_covered": 100.0, "percent_covered_display": "100", "missing_lines": 0, "excluded_lines": 0}, "missing_lines": [], "excluded_lines": []}, "TokenData": {"executed_lines": [], "summary": {"covered_lines": 0, "num_statements": 0, "percent_covered": 100.0, "percent_covered_display": "100", "missing_lines": 0, "excluded_lines": 0}, "missing_lines": [], "excluded_lines": []}, "ApiKeyCreate": {"executed_lines": [], "summary": {"covered_lines": 0, "num_statements": 0, "percent_covered": 100.0, "percent_covered_display": "100", "missing_lines": 0, "excluded_lines": 0}, "missing_lines": [], "excluded_lines": []}, "ApiKeyResponse": {"executed_lines": [], "summary": {"covered_lines": 0, "num_statements": 0, "percent_covered": 100.0, "percent_covered_display": "100", "missing_lines": 0, "excluded_lines": 0}, "missing_lines": [], "excluded_lines": []}, "TokenUsage": {"executed_lines": [], "summary": {"covered_lines": 0, "num_statements": 0, "percent_covered": 100.0, "percent_covered_display": "100", "missing_lines": 0, "excluded_lines": 0}, "missing_lines": [], "excluded_lines": []}, "": {"executed_lines": [1, 6, 7, 8, 9, 10, 11, 13, 14, 15, 16, 17, 21, 46, 55, 56, 60, 61, 67, 79, 90, 96, 102, 107, 113, 114, 115, 116, 117, 120, 121, 122, 125, 126, 127, 130, 131, 132, 135, 136, 137, 138, 139, 142, 143, 144, 147, 148, 149, 152, 153, 154, 155, 158, 159, 160, 161, 162, 163, 164, 165, 166, 169, 170, 171, 172, 173, 174, 175, 179, 182, 199, 233, 247, 266, 283, 369, 418, 428, 455, 460], "summary": {"covered_lines": 80, "num_statements": 231, "percent_covered": 34.63203463203463, "percent_covered_display": "35", "missing_lines": 151, "excluded_lines": 0}, "missing_lines": [23, 24, 25, 28, 29, 30, 31, 32, 33, 37, 38, 39, 42, 48, 50, 51, 57, 69, 70, 71, 72, 73, 74, 75, 81, 83, 84, 85, 86, 92, 93, 98, 104, 109, 183, 184, 185, 187, 188, 191, 192, 193, 195, 196, 201, 203, 205, 207, 208, 209, 211, 212, 217, 220, 221, 224, 225, 227, 228, 230, 235, 236, 237, 238, 239, 240, 241, 242, 243, 244, 251, 252, 253, 258, 259, 260, 261, 263, 268, 269, 270, 271, 273, 274, 276, 277, 278, 279, 285, 286, 288, 290, 298, 299, 300, 303, 306, 309, 311, 320, 321, 324, 325, 327, 329, 337, 338, 339, 340, 343, 349, 351, 362, 363, 364, 366, 371, 372, 373, 374, 376, 378, 379, 381, 382, 385, 386, 389, 392, 400, 402, 415, 421, 424, 430, 431, 432, 433, 435, 439, 440, 442, 443, 444, 446, 448, 449, 450, 452, 457, 462], "excluded_lines": []}}}, "server/auto_recording.py": {"executed_lines": [4, 5, 7, 8, 11, 12, 17, 23, 61, 99, 157, 171, 220, 230, 258, 292, 307, 313, 316], "summary": {"covered_lines": 18, "num_statements": 138, "percent_covered": 13.043478260869565, "percent_covered_display": "13", "missing_lines": 120, "excluded_lines": 0}, "missing_lines": [18, 19, 20, 21, 27, 29, 30, 32, 40, 43, 44, 45, 48, 50, 58, 59, 63, 64, 65, 71, 74, 75, 76, 78, 79, 80, 81, 83, 86, 87, 89, 96, 97, 115, 116, 118, 119, 120, 123, 131, 132, 133, 136, 139, 142, 143, 149, 151, 153, 154, 155, 159, 178, 179, 182, 183, 184, 189, 190, 191, 192, 193, 194, 195, 200, 201, 202, 203, 204, 205, 206, 210, 212, 213, 222, 223, 224, 225, 226, 227, 228, 232, 233, 235, 236, 237, 239, 240, 242, 243, 253, 255, 256, 260, 261, 263, 264, 265, 267, 268, 269, 272, 273, 274, 276, 278, 281, 282, 285, 287, 288, 290, 294, 295, 296, 305, 309, 319, 320, 321], "excluded_lines": [], "functions": {"AutoRecorder.__init__": {"executed_lines": [], "summary": {"covered_lines": 0, "num_statements": 4, "percent_covered": 0.0, "percent_covered_display": "0", "missing_lines": 4, "excluded_lines": 0}, "missing_lines": [18, 19, 20, 21], "excluded_lines": []}, "AutoRecorder.start_recording": {"executed_lines": [], "summary": {"covered_lines": 0, "num_statements": 12, "percent_covered": 0.0, "percent_covered_display": "0", "missing_lines": 12, "excluded_lines": 0}, "missing_lines": [27, 29, 30, 32, 40, 43, 44, 45, 48, 50, 58, 59], "excluded_lines": []}, "AutoRecorder.stop_recording": {"executed_lines": [], "summary": {"covered_lines": 0, "num_statements": 17, "percent_covered": 0.0, "percent_covered_display": "0", "missing_lines": 17, "excluded_lines": 0}, "missing_lines": [63, 64, 65, 71, 74, 75, 76, 78, 79, 80, 81, 83, 86, 87, 89, 96, 97], "excluded_lines": []}, "AutoRecorder.record_interaction": {"executed_lines": [], "summary": {"covered_lines": 0, "num_statements": 18, "percent_covered": 0.0, "percent_covered_display": "0", "missing_lines": 18, "excluded_lines": 0}, "missing_lines": [115, 116, 118, 119, 120, 123, 131, 132, 133, 136, 139, 142, 143, 149, 151, 153, 154, 155], "excluded_lines": []}, "AutoRecorder.get_recording_status": {"executed_lines": [], "summary": {"covered_lines": 0, "num_statements": 1, "percent_covered": 0.0, "percent_covered_display": "0", "missing_lines": 1, "excluded_lines": 0}, "missing_lines": [159], "excluded_lines": []}, "AutoRecorder.recall_hierarchical": {"executed_lines": [], "summary": {"covered_lines": 0, "num_statements": 22, "percent_covered": 0.0, "percent_covered_display": "0", "missing_lines": 22, "excluded_lines": 0}, "missing_lines": [178, 179, 182, 183, 184, 189, 190, 191, 192, 193, 194, 195, 200, 201, 202, 203, 204, 205, 206, 210, 212, 213], "excluded_lines": []}, "AutoRecorder._auto_save_loop": {"executed_lines": [], "summary": {"covered_lines": 0, "num_statements": 7, "percent_covered": 0.0, "percent_covered_display": "0", "missing_lines": 7, "excluded_lines": 0}, "missing_lines": [222, 223, 224, 225, 226, 227, 228], "excluded_lines": []}, "AutoRecorder._flush_buffer": {"executed_lines": [], "summary": {"covered_lines": 0, "num_statements": 12, "percent_covered": 0.0, "percent_covered_display": "0", "missing_lines": 12, "excluded_lines": 0}, "missing_lines": [232, 233, 235, 236, 237, 239, 240, 242, 243, 253, 255, 256], "excluded_lines": []}, "AutoRecorder._flush_buffer_with_token_check": {"executed_lines": [], "summary": {"covered_lines": 0, "num_statements": 19, "percent_covered": 0.0, "percent_covered_display": "0", "missing_lines": 19, "excluded_lines": 0}, "missing_lines": [260, 261, 263, 264, 265, 267, 268, 269, 272, 273, 274, 276, 278, 281, 282, 285, 287, 288, 290], "excluded_lines": []}, "AutoRecorder._format_memories": {"executed_lines": [], "summary": {"covered_lines": 0, "num_statements": 4, "percent_covered": 0.0, "percent_covered_display": "0", "missing_lines": 4, "excluded_lines": 0}, "missing_lines": [294, 295, 296, 305], "excluded_lines": []}, "AutoRecorder._matches_query": {"executed_lines": [], "summary": {"covered_lines": 0, "num_statements": 1, "percent_covered": 0.0, "percent_covered_display": "0", "missing_lines": 1, "excluded_lines": 0}, "missing_lines": [309], "excluded_lines": []}, "get_auto_recorder": {"executed_lines": [], "summary": {"covered_lines": 0, "num_statements": 3, "percent_covered": 0.0, "percent_covered_display": "0", "missing_lines": 3, "excluded_lines": 0}, "missing_lines": [319, 320, 321], "excluded_lines": []}, "": {"executed_lines": [4, 5, 7, 8, 11, 12, 17, 23, 61, 99, 157, 171, 220, 230, 258, 292, 307, 313, 316], "summary": {"covered_lines": 18, "num_statements": 18, "percent_covered": 100.0, "percent_covered_display": "100", "missing_lines": 0, "excluded_lines": 0}, "missing_lines": [], "excluded_lines": []}}, "classes": {"AutoRecorder": {"executed_lines": [], "summary": {"covered_lines": 0, "num_statements": 117, "percent_covered": 0.0, "percent_covered_display": "0", "missing_lines": 117, "excluded_lines": 0}, "missing_lines": [18, 19, 20, 21, 27, 29, 30, 32, 40, 43, 44, 45, 48, 50, 58, 59, 63, 64, 65, 71, 74, 75, 76, 78, 79, 80, 81, 83, 86, 87, 89, 96, 97, 115, 116, 118, 119, 120, 123, 131, 132, 133, 136, 139, 142, 143, 149, 151, 153, 154, 155, 159, 178, 179, 182, 183, 184, 189, 190, 191, 192, 193, 194, 195, 200, 201, 202, 203, 204, 205, 206, 210, 212, 213, 222, 223, 224, 225, 226, 227, 228, 232, 233, 235, 236, 237, 239, 240, 242, 243, 253, 255, 256, 260, 261, 263, 264, 265, 267, 268, 269, 272, 273, 274, 276, 278, 281, 282, 285, 287, 288, 290, 294, 295, 296, 305, 309], "excluded_lines": []}, "": {"executed_lines": [4, 5, 7, 8, 11, 12, 17, 23, 61, 99, 157, 171, 220, 230, 258, 292, 307, 313, 316], "summary": {"covered_lines": 18, "num_statements": 21, "percent_covered": 85.71428571428571, "percent_covered_display": "86", "missing_lines": 3, "excluded_lines": 0}, "missing_lines": [319, 320, 321], "excluded_lines": []}}}, "server/context_merger.py": {"executed_lines": [], "summary": {"covered_lines": 0, "num_statements": 45, "percent_covered": 0.0, "percent_covered_display": "0", "missing_lines": 45, "excluded_lines": 0}, "missing_lines": [4, 5, 7, 9, 12, 13, 14, 16, 23, 24, 26, 33, 34, 41, 42, 44, 47, 49, 55, 58, 61, 62, 64, 66, 74, 75, 76, 77, 79, 81, 83, 84, 85, 90, 91, 92, 98, 99, 101, 102, 111, 113, 114, 115, 117], "excluded_lines": [], "functions": {"ContextMerger.__init__": {"executed_lines": [], "summary": {"covered_lines": 0, "num_statements": 1, "percent_covered": 0.0, "percent_covered_display": "0", "missing_lines": 1, "excluded_lines": 0}, "missing_lines": [14], "excluded_lines": []}, "ContextMerger.merge_duplicate_contexts": {"executed_lines": [], "summary": {"covered_lines": 0, "num_statements": 21, "percent_covered": 0.0, "percent_covered_display": "0", "missing_lines": 21, "excluded_lines": 0}, "missing_lines": [23, 24, 26, 33, 34, 41, 42, 44, 47, 49, 55, 58, 61, 62, 64, 66, 74, 75, 76, 77, 79], "excluded_lines": []}, "ContextMerger.find_duplicate_contexts": {"executed_lines": [], "summary": {"covered_lines": 0, "num_statements": 15, "percent_covered": 0.0, "percent_covered_display": "0", "missing_lines": 15, "excluded_lines": 0}, "missing_lines": [83, 84, 85, 90, 91, 92, 98, 99, 101, 102, 111, 113, 114, 115, 117], "excluded_lines": []}, "": {"executed_lines": [], "summary": {"covered_lines": 0, "num_statements": 8, "percent_covered": 0.0, "percent_covered_display": "0", "missing_lines": 8, "excluded_lines": 0}, "missing_lines": [4, 5, 7, 9, 12, 13, 16, 81], "excluded_lines": []}}, "classes": {"ContextMerger": {"executed_lines": [], "summary": {"covered_lines": 0, "num_statements": 37, "percent_covered": 0.0, "percent_covered_display": "0", "missing_lines": 37, "excluded_lines": 0}, "missing_lines": [14, 23, 24, 26, 33, 34, 41, 42, 44, 47, 49, 55, 58, 61, 62, 64, 66, 74, 75, 76, 77, 79, 83, 84, 85, 90, 91, 92, 98, 99, 101, 102, 111, 113, 114, 115, 117], "excluded_lines": []}, "": {"executed_lines": [], "summary": {"covered_lines": 0, "num_statements": 8, "percent_covered": 0.0, "percent_covered_display": "0", "missing_lines": 8, "excluded_lines": 0}, "missing_lines": [4, 5, 7, 9, 12, 13, 16, 81], "excluded_lines": []}}}, "server/copilot_wrapper.py": {"executed_lines": [], "summary": {"covered_lines": 0, "num_statements": 149, "percent_covered": 0.0, "percent_covered_display": "0", "missing_lines": 149, "excluded_lines": 19}, "missing_lines": [7, 8, 9, 10, 11, 12, 13, 14, 17, 18, 19, 22, 23, 26, 27, 30, 31, 32, 33, 34, 35, 36, 39, 42, 43, 44, 46, 50, 52, 54, 55, 58, 62, 63, 65, 66, 67, 69, 73, 75, 77, 78, 87, 90, 91, 99, 102, 103, 107, 110, 112, 114, 115, 116, 118, 122, 124, 132, 140, 144, 145, 146, 147, 149, 151, 152, 153, 155, 157, 158, 160, 161, 163, 164, 165, 166, 167, 168, 173, 174, 176, 177, 179, 180, 182, 184, 188, 190, 191, 192, 195, 196, 199, 200, 201, 204, 205, 206, 207, 209, 210, 211, 214, 215, 217, 224, 225, 228, 229, 230, 232, 235, 238, 239, 240, 242, 244, 246, 247, 249, 251, 254, 288, 289, 290, 291, 293, 295, 299, 300, 311, 320, 324, 325, 328, 331, 332, 334, 338, 340, 352, 355, 359, 365, 366, 367, 375, 378, 380], "excluded_lines": [383, 385, 386, 387, 388, 389, 390, 391, 392, 393, 394, 395, 396, 397, 398, 399, 400, 401, 403], "functions": {"Mem0CopilotWrapper.__init__": {"executed_lines": [], "summary": {"covered_lines": 0, "num_statements": 2, "percent_covered": 0.0, "percent_covered_display": "0", "missing_lines": 2, "excluded_lines": 0}, "missing_lines": [43, 44], "excluded_lines": []}, "Mem0CopilotWrapper.enhance_copilot_prompt": {"executed_lines": [], "summary": {"covered_lines": 0, "num_statements": 10, "percent_covered": 0.0, "percent_covered_display": "0", "missing_lines": 10, "excluded_lines": 0}, "missing_lines": [50, 52, 54, 55, 58, 62, 63, 65, 66, 67], "excluded_lines": []}, "Mem0CopilotWrapper._get_relevant_memories": {"executed_lines": [], "summary": {"covered_lines": 0, "num_statements": 16, "percent_covered": 0.0, "percent_covered_display": "0", "missing_lines": 16, "excluded_lines": 0}, "missing_lines": [73, 75, 77, 78, 87, 90, 91, 99, 102, 103, 107, 110, 112, 114, 115, 116], "excluded_lines": []}, "Mem0CopilotWrapper._query_mcp_server": {"executed_lines": [], "summary": {"covered_lines": 0, "num_statements": 12, "percent_covered": 0.0, "percent_covered_display": "0", "missing_lines": 12, "excluded_lines": 0}, "missing_lines": [122, 124, 132, 140, 144, 145, 146, 147, 149, 151, 152, 153], "excluded_lines": []}, "Mem0CopilotWrapper._parse_memory_response": {"executed_lines": [], "summary": {"covered_lines": 0, "num_statements": 17, "percent_covered": 0.0, "percent_covered_display": "0", "missing_lines": 17, "excluded_lines": 0}, "missing_lines": [157, 158, 160, 161, 163, 164, 165, 166, 167, 168, 173, 174, 176, 177, 179, 180, 182], "excluded_lines": []}, "Mem0CopilotWrapper._filter_relevant_memories": {"executed_lines": [], "summary": {"covered_lines": 0, "num_statements": 18, "percent_covered": 0.0, "percent_covered_display": "0", "missing_lines": 18, "excluded_lines": 0}, "missing_lines": [188, 190, 191, 192, 195, 196, 199, 200, 201, 204, 205, 206, 207, 209, 210, 211, 214, 215], "excluded_lines": []}, "Mem0CopilotWrapper._build_enhanced_prompt": {"executed_lines": [], "summary": {"covered_lines": 0, "num_statements": 11, "percent_covered": 0.0, "percent_covered_display": "0", "missing_lines": 11, "excluded_lines": 0}, "missing_lines": [224, 225, 228, 229, 230, 232, 235, 238, 239, 240, 242], "excluded_lines": []}, "Mem0CopilotWrapper._get_file_type": {"executed_lines": [], "summary": {"covered_lines": 0, "num_statements": 2, "percent_covered": 0.0, "percent_covered_display": "0", "missing_lines": 2, "excluded_lines": 0}, "missing_lines": [246, 247], "excluded_lines": []}, "Mem0CopilotWrapper._extract_code_keywords": {"executed_lines": [], "summary": {"covered_lines": 0, "num_statements": 7, "percent_covered": 0.0, "percent_covered_display": "0", "missing_lines": 7, "excluded_lines": 0}, "missing_lines": [251, 254, 288, 289, 290, 291, 293], "excluded_lines": []}, "Mem0CopilotWrapper.store_copilot_interaction": {"executed_lines": [], "summary": {"covered_lines": 0, "num_statements": 6, "percent_covered": 0.0, "percent_covered_display": "0", "missing_lines": 6, "excluded_lines": 0}, "missing_lines": [299, 300, 311, 320, 324, 325], "excluded_lines": []}, "VSCodeCopilotBridge.__init__": {"executed_lines": [], "summary": {"covered_lines": 0, "num_statements": 1, "percent_covered": 0.0, "percent_covered_display": "0", "missing_lines": 1, "excluded_lines": 0}, "missing_lines": [332], "excluded_lines": []}, "VSCodeCopilotBridge.handle_copilot_request": {"executed_lines": [], "summary": {"covered_lines": 0, "num_statements": 8, "percent_covered": 0.0, "percent_covered_display": "0", "missing_lines": 8, "excluded_lines": 0}, "missing_lines": [338, 340, 352, 355, 359, 365, 366, 367], "excluded_lines": []}, "enhance_copilot_with_mem0": {"executed_lines": [], "summary": {"covered_lines": 0, "num_statements": 1, "percent_covered": 0.0, "percent_covered_display": "0", "missing_lines": 1, "excluded_lines": 0}, "missing_lines": [380], "excluded_lines": []}, "test_wrapper": {"executed_lines": [], "summary": {"covered_lines": 0, "num_statements": 0, "percent_covered": 100.0, "percent_covered_display": "100", "missing_lines": 0, "excluded_lines": 16}, "missing_lines": [], "excluded_lines": [386, 387, 388, 389, 390, 391, 392, 393, 394, 395, 396, 397, 398, 399, 400, 401]}, "": {"executed_lines": [], "summary": {"covered_lines": 0, "num_statements": 38, "percent_covered": 0.0, "percent_covered_display": "0", "missing_lines": 38, "excluded_lines": 3}, "missing_lines": [7, 8, 9, 10, 11, 12, 13, 14, 17, 18, 19, 22, 23, 26, 27, 30, 31, 32, 33, 34, 35, 36, 39, 42, 46, 69, 118, 155, 184, 217, 244, 249, 295, 328, 331, 334, 375, 378], "excluded_lines": [383, 385, 403]}}, "classes": {"CopilotContext": {"executed_lines": [], "summary": {"covered_lines": 0, "num_statements": 0, "percent_covered": 100.0, "percent_covered_display": "100", "missing_lines": 0, "excluded_lines": 0}, "missing_lines": [], "excluded_lines": []}, "Mem0CopilotWrapper": {"executed_lines": [], "summary": {"covered_lines": 0, "num_statements": 101, "percent_covered": 0.0, "percent_covered_display": "0", "missing_lines": 101, "excluded_lines": 0}, "missing_lines": [43, 44, 50, 52, 54, 55, 58, 62, 63, 65, 66, 67, 73, 75, 77, 78, 87, 90, 91, 99, 102, 103, 107, 110, 112, 114, 115, 116, 122, 124, 132, 140, 144, 145, 146, 147, 149, 151, 152, 153, 157, 158, 160, 161, 163, 164, 165, 166, 167, 168, 173, 174, 176, 177, 179, 180, 182, 188, 190, 191, 192, 195, 196, 199, 200, 201, 204, 205, 206, 207, 209, 210, 211, 214, 215, 224, 225, 228, 229, 230, 232, 235, 238, 239, 240, 242, 246, 247, 251, 254, 288, 289, 290, 291, 293, 299, 300, 311, 320, 324, 325], "excluded_lines": []}, "VSCodeCopilotBridge": {"executed_lines": [], "summary": {"covered_lines": 0, "num_statements": 9, "percent_covered": 0.0, "percent_covered_display": "0", "missing_lines": 9, "excluded_lines": 0}, "missing_lines": [332, 338, 340, 352, 355, 359, 365, 366, 367], "excluded_lines": []}, "": {"executed_lines": [], "summary": {"covered_lines": 0, "num_statements": 39, "percent_covered": 0.0, "percent_covered_display": "0", "missing_lines": 39, "excluded_lines": 19}, "missing_lines": [7, 8, 9, 10, 11, 12, 13, 14, 17, 18, 19, 22, 23, 26, 27, 30, 31, 32, 33, 34, 35, 36, 39, 42, 46, 69, 118, 155, 184, 217, 244, 249, 295, 328, 331, 334, 375, 378, 380], "excluded_lines": [383, 385, 386, 387, 388, 389, 390, 391, 392, 393, 394, 395, 396, 397, 398, 399, 400, 401, 403]}}}, "server/database.py": {"executed_lines": [3, 4, 5, 7, 18, 19, 21, 24, 25, 27, 28, 31, 34, 35, 36, 39, 42, 43, 46, 49, 50, 51, 52, 53, 54, 57, 58, 61, 64, 65, 70, 75, 76, 78, 79, 80, 81, 82, 83, 84, 85, 88, 89, 91, 92, 93, 94, 95, 96, 97, 98, 101, 102, 103, 106, 107, 109, 110, 111, 114, 115, 116, 119, 120, 121, 122, 125, 126, 128, 129, 130, 131, 134, 137, 138, 141, 142, 144, 145, 146, 149, 152, 155, 156, 157, 160, 161, 162, 163, 164, 168, 169, 171, 172, 173, 174, 175, 178, 179, 180, 181, 182, 185, 186, 189, 190, 192, 193, 194, 195, 196, 197, 198, 199, 202, 203, 204, 205, 206, 209, 210, 211, 215, 216, 218, 219, 220, 221, 224, 227, 230, 233, 234, 235, 236, 239, 240, 241, 242, 245, 246, 267, 270, 273, 327, 353, 419, 452, 468, 492, 552, 676, 702, 732, 763, 796, 818, 822, 847, 851, 866, 874, 893, 915, 928, 936, 944, 967, 984, 1004, 1024, 1044, 1068, 1163, 1168, 1231, 1239, 1247, 1257, 1263, 1271, 1274], "summary": {"covered_lines": 182, "num_statements": 571, "percent_covered": 31.873905429071804, "percent_covered_display": "32", "missing_lines": 389, "excluded_lines": 0}, "missing_lines": [248, 249, 253, 256, 257, 258, 261, 262, 265, 268, 271, 275, 276, 278, 279, 280, 282, 283, 285, 286, 292, 295, 296, 298, 301, 304, 305, 307, 308, 310, 311, 314, 315, 316, 318, 319, 320, 322, 324, 325, 330, 331, 332, 334, 335, 338, 344, 346, 347, 348, 349, 351, 363, 364, 366, 367, 368, 369, 370, 371, 372, 374, 377, 378, 379, 382, 383, 386, 387, 391, 393, 395, 396, 397, 398, 400, 409, 410, 411, 412, 413, 414, 415, 417, 421, 422, 424, 425, 427, 433, 435, 436, 441, 445, 446, 447, 448, 450, 453, 454, 455, 456, 460, 461, 462, 463, 464, 466, 469, 470, 471, 472, 478, 485, 486, 487, 488, 490, 494, 495, 496, 498, 503, 508, 513, 520, 527, 529, 536, 550, 556, 557, 558, 560, 562, 563, 565, 566, 571, 572, 574, 579, 586, 587, 589, 596, 604, 609, 614, 615, 618, 623, 630, 631, 634, 641, 649, 650, 653, 662, 663, 665, 666, 667, 669, 671, 673, 674, 684, 685, 686, 693, 694, 695, 696, 697, 698, 700, 703, 704, 705, 706, 713, 720, 730, 733, 734, 735, 736, 743, 750, 761, 764, 765, 766, 767, 775, 783, 794, 797, 798, 799, 800, 807, 814, 816, 820, 824, 825, 826, 828, 829, 830, 831, 832, 834, 837, 838, 839, 840, 841, 842, 843, 845, 849, 853, 854, 855, 856, 857, 858, 859, 860, 861, 862, 864, 868, 869, 870, 872, 878, 879, 880, 883, 884, 885, 886, 887, 888, 889, 891, 895, 896, 898, 903, 904, 906, 907, 908, 909, 910, 911, 913, 917, 918, 919, 926, 930, 931, 932, 934, 938, 939, 940, 942, 946, 947, 949, 957, 958, 959, 960, 961, 962, 963, 965, 969, 970, 971, 977, 982, 986, 987, 988, 993, 994, 995, 996, 997, 998, 999, 1000, 1002, 1008, 1009, 1010, 1016, 1017, 1018, 1019, 1020, 1022, 1028, 1029, 1030, 1036, 1037, 1038, 1039, 1040, 1042, 1052, 1053, 1054, 1060, 1061, 1062, 1063, 1064, 1066, 1072, 1073, 1075, 1076, 1077, 1079, 1080, 1083, 1089, 1090, 1095, 1098, 1107, 1108, 1113, 1121, 1130, 1131, 1136, 1137, 1138, 1140, 1148, 1156, 1158, 1161, 1165, 1166, 1170, 1171, 1173, 1176, 1184, 1187, 1195, 1203, 1211, 1215, 1229, 1233, 1234, 1235, 1237, 1241, 1242, 1243, 1245, 1249, 1250, 1251, 1255, 1259, 1261, 1265, 1267, 1277, 1279, 1284, 1285], "excluded_lines": [], "functions": {"DatabaseManager.__init__": {"executed_lines": [], "summary": {"covered_lines": 0, "num_statements": 9, "percent_covered": 0.0, "percent_covered_display": "0", "missing_lines": 9, "excluded_lines": 0}, "missing_lines": [248, 249, 253, 256, 257, 258, 261, 262, 265], "excluded_lines": []}, "DatabaseManager.create_tables": {"executed_lines": [], "summary": {"covered_lines": 0, "num_statements": 1, "percent_covered": 0.0, "percent_covered_display": "0", "missing_lines": 1, "excluded_lines": 0}, "missing_lines": [268], "excluded_lines": []}, "DatabaseManager.get_session": {"executed_lines": [], "summary": {"covered_lines": 0, "num_statements": 1, "percent_covered": 0.0, "percent_covered_display": "0", "missing_lines": 1, "excluded_lines": 0}, "missing_lines": [271], "excluded_lines": []}, "DatabaseManager.migrate_from_json": {"executed_lines": [], "summary": {"covered_lines": 0, "num_statements": 29, "percent_covered": 0.0, "percent_covered_display": "0", "missing_lines": 29, "excluded_lines": 0}, "missing_lines": [275, 276, 278, 279, 280, 282, 283, 285, 286, 292, 295, 296, 298, 301, 304, 305, 307, 308, 310, 311, 314, 315, 316, 318, 319, 320, 322, 324, 325], "excluded_lines": []}, "DatabaseManager.set_active_context": {"executed_lines": [], "summary": {"covered_lines": 0, "num_statements": 12, "percent_covered": 0.0, "percent_covered_display": "0", "missing_lines": 12, "excluded_lines": 0}, "missing_lines": [330, 331, 332, 334, 335, 338, 344, 346, 347, 348, 349, 351], "excluded_lines": []}, "DatabaseManager.create_context": {"executed_lines": [], "summary": {"covered_lines": 0, "num_statements": 32, "percent_covered": 0.0, "percent_covered_display": "0", "missing_lines": 32, "excluded_lines": 0}, "missing_lines": [363, 364, 366, 367, 368, 369, 370, 371, 372, 374, 377, 378, 379, 382, 383, 386, 387, 391, 393, 395, 396, 397, 398, 400, 409, 410, 411, 412, 413, 414, 415, 417], "excluded_lines": []}, "DatabaseManager.delete_context": {"executed_lines": [], "summary": {"covered_lines": 0, "num_statements": 14, "percent_covered": 0.0, "percent_covered_display": "0", "missing_lines": 14, "excluded_lines": 0}, "missing_lines": [421, 422, 424, 425, 427, 433, 435, 436, 441, 445, 446, 447, 448, 450], "excluded_lines": []}, "DatabaseManager.clear_active_context": {"executed_lines": [], "summary": {"covered_lines": 0, "num_statements": 10, "percent_covered": 0.0, "percent_covered_display": "0", "missing_lines": 10, "excluded_lines": 0}, "missing_lines": [453, 454, 455, 456, 460, 461, 462, 463, 464, 466], "excluded_lines": []}, "DatabaseManager.get_active_context": {"executed_lines": [], "summary": {"covered_lines": 0, "num_statements": 10, "percent_covered": 0.0, "percent_covered_display": "0", "missing_lines": 10, "excluded_lines": 0}, "missing_lines": [469, 470, 471, 472, 478, 485, 486, 487, 488, 490], "excluded_lines": []}, "DatabaseManager.get_all_contexts": {"executed_lines": [], "summary": {"covered_lines": 0, "num_statements": 12, "percent_covered": 0.0, "percent_covered_display": "0", "missing_lines": 12, "excluded_lines": 0}, "missing_lines": [494, 495, 496, 498, 503, 508, 513, 520, 527, 529, 536, 550], "excluded_lines": []}, "DatabaseManager.resolve_context": {"executed_lines": [], "summary": {"covered_lines": 0, "num_statements": 38, "percent_covered": 0.0, "percent_covered_display": "0", "missing_lines": 38, "excluded_lines": 0}, "missing_lines": [556, 557, 558, 560, 562, 563, 565, 566, 571, 572, 574, 579, 586, 587, 589, 596, 604, 609, 614, 615, 618, 623, 630, 631, 634, 641, 649, 650, 653, 662, 663, 665, 666, 667, 669, 671, 673, 674], "excluded_lines": []}, "DatabaseManager.add_memory": {"executed_lines": [], "summary": {"covered_lines": 0, "num_statements": 10, "percent_covered": 0.0, "percent_covered_display": "0", "missing_lines": 10, "excluded_lines": 0}, "missing_lines": [684, 685, 686, 693, 694, 695, 696, 697, 698, 700], "excluded_lines": []}, "DatabaseManager.get_memories": {"executed_lines": [], "summary": {"covered_lines": 0, "num_statements": 7, "percent_covered": 0.0, "percent_covered_display": "0", "missing_lines": 7, "excluded_lines": 0}, "missing_lines": [703, 704, 705, 706, 713, 720, 730], "excluded_lines": []}, "DatabaseManager.get_all_memories": {"executed_lines": [], "summary": {"covered_lines": 0, "num_statements": 7, "percent_covered": 0.0, "percent_covered_display": "0", "missing_lines": 7, "excluded_lines": 0}, "missing_lines": [733, 734, 735, 736, 743, 750, 761], "excluded_lines": []}, "DatabaseManager.get_recent_memories": {"executed_lines": [], "summary": {"covered_lines": 0, "num_statements": 7, "percent_covered": 0.0, "percent_covered_display": "0", "missing_lines": 7, "excluded_lines": 0}, "missing_lines": [764, 765, 766, 767, 775, 783, 794], "excluded_lines": []}, "DatabaseManager.get_contexts": {"executed_lines": [], "summary": {"covered_lines": 0, "num_statements": 7, "percent_covered": 0.0, "percent_covered_display": "0", "missing_lines": 7, "excluded_lines": 0}, "missing_lines": [797, 798, 799, 800, 807, 814, 816], "excluded_lines": []}, "DatabaseManager.start_context": {"executed_lines": [], "summary": {"covered_lines": 0, "num_statements": 1, "percent_covered": 0.0, "percent_covered_display": "0", "missing_lines": 1, "excluded_lines": 0}, "missing_lines": [820], "excluded_lines": []}, "DatabaseManager.stop_context": {"executed_lines": [], "summary": {"covered_lines": 0, "num_statements": 17, "percent_covered": 0.0, "percent_covered_display": "0", "missing_lines": 17, "excluded_lines": 0}, "missing_lines": [824, 825, 826, 828, 829, 830, 831, 832, 834, 837, 838, 839, 840, 841, 842, 843, 845], "excluded_lines": []}, "DatabaseManager.stop_specific_context": {"executed_lines": [], "summary": {"covered_lines": 0, "num_statements": 1, "percent_covered": 0.0, "percent_covered_display": "0", "missing_lines": 1, "excluded_lines": 0}, "missing_lines": [849], "excluded_lines": []}, "DatabaseManager.create_organization": {"executed_lines": [], "summary": {"covered_lines": 0, "num_statements": 11, "percent_covered": 0.0, "percent_covered_display": "0", "missing_lines": 11, "excluded_lines": 0}, "missing_lines": [853, 854, 855, 856, 857, 858, 859, 860, 861, 862, 864], "excluded_lines": []}, "DatabaseManager.get_organization_by_name": {"executed_lines": [], "summary": {"covered_lines": 0, "num_statements": 4, "percent_covered": 0.0, "percent_covered_display": "0", "missing_lines": 4, "excluded_lines": 0}, "missing_lines": [868, 869, 870, 872], "excluded_lines": []}, "DatabaseManager.create_team": {"executed_lines": [], "summary": {"covered_lines": 0, "num_statements": 11, "percent_covered": 0.0, "percent_covered_display": "0", "missing_lines": 11, "excluded_lines": 0}, "missing_lines": [878, 879, 880, 883, 884, 885, 886, 887, 888, 889, 891], "excluded_lines": []}, "DatabaseManager.add_team_member": {"executed_lines": [], "summary": {"covered_lines": 0, "num_statements": 12, "percent_covered": 0.0, "percent_covered_display": "0", "missing_lines": 12, "excluded_lines": 0}, "missing_lines": [895, 896, 898, 903, 904, 906, 907, 908, 909, 910, 911, 913], "excluded_lines": []}, "DatabaseManager.get_user_teams": {"executed_lines": [], "summary": {"covered_lines": 0, "num_statements": 4, "percent_covered": 0.0, "percent_covered_display": "0", "missing_lines": 4, "excluded_lines": 0}, "missing_lines": [917, 918, 919, 926], "excluded_lines": []}, "DatabaseManager.get_all_organizations": {"executed_lines": [], "summary": {"covered_lines": 0, "num_statements": 4, "percent_covered": 0.0, "percent_covered_display": "0", "missing_lines": 4, "excluded_lines": 0}, "missing_lines": [930, 931, 932, 934], "excluded_lines": []}, "DatabaseManager.get_organization_teams": {"executed_lines": [], "summary": {"covered_lines": 0, "num_statements": 4, "percent_covered": 0.0, "percent_covered_display": "0", "missing_lines": 4, "excluded_lines": 0}, "missing_lines": [938, 939, 940, 942], "excluded_lines": []}, "DatabaseManager.get_user_organizations": {"executed_lines": [], "summary": {"covered_lines": 0, "num_statements": 11, "percent_covered": 0.0, "percent_covered_display": "0", "missing_lines": 11, "excluded_lines": 0}, "missing_lines": [946, 947, 949, 957, 958, 959, 960, 961, 962, 963, 965], "excluded_lines": []}, "DatabaseManager.get_team_members": {"executed_lines": [], "summary": {"covered_lines": 0, "num_statements": 5, "percent_covered": 0.0, "percent_covered_display": "0", "missing_lines": 5, "excluded_lines": 0}, "missing_lines": [969, 970, 971, 977, 982], "excluded_lines": []}, "DatabaseManager.remove_team_member": {"executed_lines": [], "summary": {"covered_lines": 0, "num_statements": 12, "percent_covered": 0.0, "percent_covered_display": "0", "missing_lines": 12, "excluded_lines": 0}, "missing_lines": [986, 987, 988, 993, 994, 995, 996, 997, 998, 999, 1000, 1002], "excluded_lines": []}, "DatabaseManager.share_context_with_user": {"executed_lines": [], "summary": {"covered_lines": 0, "num_statements": 9, "percent_covered": 0.0, "percent_covered_display": "0", "missing_lines": 9, "excluded_lines": 0}, "missing_lines": [1008, 1009, 1010, 1016, 1017, 1018, 1019, 1020, 1022], "excluded_lines": []}, "DatabaseManager.share_context_with_team": {"executed_lines": [], "summary": {"covered_lines": 0, "num_statements": 9, "percent_covered": 0.0, "percent_covered_display": "0", "missing_lines": 9, "excluded_lines": 0}, "missing_lines": [1028, 1029, 1030, 1036, 1037, 1038, 1039, 1040, 1042], "excluded_lines": []}, "DatabaseManager.share_context_with_organization": {"executed_lines": [], "summary": {"covered_lines": 0, "num_statements": 9, "percent_covered": 0.0, "percent_covered_display": "0", "missing_lines": 9, "excluded_lines": 0}, "missing_lines": [1052, 1053, 1054, 1060, 1061, 1062, 1063, 1064, 1066], "excluded_lines": []}, "DatabaseManager.check_context_permission": {"executed_lines": [], "summary": {"covered_lines": 0, "num_statements": 26, "percent_covered": 0.0, "percent_covered_display": "0", "missing_lines": 26, "excluded_lines": 0}, "missing_lines": [1072, 1073, 1075, 1076, 1077, 1079, 1080, 1083, 1089, 1090, 1095, 1098, 1107, 1108, 1113, 1121, 1130, 1131, 1136, 1137, 1138, 1140, 1148, 1156, 1158, 1161], "excluded_lines": []}, "DatabaseManager._has_permission_level": {"executed_lines": [], "summary": {"covered_lines": 0, "num_statements": 2, "percent_covered": 0.0, "percent_covered_display": "0", "missing_lines": 2, "excluded_lines": 0}, "missing_lines": [1165, 1166], "excluded_lines": []}, "DatabaseManager.get_user_contexts": {"executed_lines": [], "summary": {"covered_lines": 0, "num_statements": 11, "percent_covered": 0.0, "percent_covered_display": "0", "missing_lines": 11, "excluded_lines": 0}, "missing_lines": [1170, 1171, 1173, 1176, 1184, 1187, 1195, 1203, 1211, 1215, 1229], "excluded_lines": []}, "DatabaseManager.get_user_by_id": {"executed_lines": [], "summary": {"covered_lines": 0, "num_statements": 4, "percent_covered": 0.0, "percent_covered_display": "0", "missing_lines": 4, "excluded_lines": 0}, "missing_lines": [1233, 1234, 1235, 1237], "excluded_lines": []}, "DatabaseManager.get_user_by_email": {"executed_lines": [], "summary": {"covered_lines": 0, "num_statements": 4, "percent_covered": 0.0, "percent_covered_display": "0", "missing_lines": 4, "excluded_lines": 0}, "missing_lines": [1241, 1242, 1243, 1245], "excluded_lines": []}, "DatabaseManager.get_user_by_username": {"executed_lines": [], "summary": {"covered_lines": 0, "num_statements": 4, "percent_covered": 0.0, "percent_covered_display": "0", "missing_lines": 4, "excluded_lines": 0}, "missing_lines": [1249, 1250, 1251, 1255], "excluded_lines": []}, "DatabaseManager._hash_password": {"executed_lines": [], "summary": {"covered_lines": 0, "num_statements": 2, "percent_covered": 0.0, "percent_covered_display": "0", "missing_lines": 2, "excluded_lines": 0}, "missing_lines": [1259, 1261], "excluded_lines": []}, "DatabaseManager._verify_password": {"executed_lines": [], "summary": {"covered_lines": 0, "num_statements": 2, "percent_covered": 0.0, "percent_covered_display": "0", "missing_lines": 2, "excluded_lines": 0}, "missing_lines": [1265, 1267], "excluded_lines": []}, "get_db": {"executed_lines": [], "summary": {"covered_lines": 0, "num_statements": 4, "percent_covered": 0.0, "percent_covered_display": "0", "missing_lines": 4, "excluded_lines": 0}, "missing_lines": [1277, 1279, 1284, 1285], "excluded_lines": []}, "": {"executed_lines": [3, 4, 5, 7, 18, 19, 21, 24, 25, 27, 28, 31, 34, 35, 36, 39, 42, 43, 46, 49, 50, 51, 52, 53, 54, 57, 58, 61, 64, 65, 70, 75, 76, 78, 79, 80, 81, 82, 83, 84, 85, 88, 89, 91, 92, 93, 94, 95, 96, 97, 98, 101, 102, 103, 106, 107, 109, 110, 111, 114, 115, 116, 119, 120, 121, 122, 125, 126, 128, 129, 130, 131, 134, 137, 138, 141, 142, 144, 145, 146, 149, 152, 155, 156, 157, 160, 161, 162, 163, 164, 168, 169, 171, 172, 173, 174, 175, 178, 179, 180, 181, 182, 185, 186, 189, 190, 192, 193, 194, 195, 196, 197, 198, 199, 202, 203, 204, 205, 206, 209, 210, 211, 215, 216, 218, 219, 220, 221, 224, 227, 230, 233, 234, 235, 236, 239, 240, 241, 242, 245, 246, 267, 270, 273, 327, 353, 419, 452, 468, 492, 552, 676, 702, 732, 763, 796, 818, 822, 847, 851, 866, 874, 893, 915, 928, 936, 944, 967, 984, 1004, 1024, 1044, 1068, 1163, 1168, 1231, 1239, 1247, 1257, 1263, 1271, 1274], "summary": {"covered_lines": 182, "num_statements": 182, "percent_covered": 100.0, "percent_covered_display": "100", "missing_lines": 0, "excluded_lines": 0}, "missing_lines": [], "excluded_lines": []}}, "classes": {"User": {"executed_lines": [], "summary": {"covered_lines": 0, "num_statements": 0, "percent_covered": 100.0, "percent_covered_display": "100", "missing_lines": 0, "excluded_lines": 0}, "missing_lines": [], "excluded_lines": []}, "Memory": {"executed_lines": [], "summary": {"covered_lines": 0, "num_statements": 0, "percent_covered": 100.0, "percent_covered_display": "100", "missing_lines": 0, "excluded_lines": 0}, "missing_lines": [], "excluded_lines": []}, "Organization": {"executed_lines": [], "summary": {"covered_lines": 0, "num_statements": 0, "percent_covered": 100.0, "percent_covered_display": "100", "missing_lines": 0, "excluded_lines": 0}, "missing_lines": [], "excluded_lines": []}, "Team": {"executed_lines": [], "summary": {"covered_lines": 0, "num_statements": 0, "percent_covered": 100.0, "percent_covered_display": "100", "missing_lines": 0, "excluded_lines": 0}, "missing_lines": [], "excluded_lines": []}, "TeamMember": {"executed_lines": [], "summary": {"covered_lines": 0, "num_statements": 0, "percent_covered": 100.0, "percent_covered_display": "100", "missing_lines": 0, "excluded_lines": 0}, "missing_lines": [], "excluded_lines": []}, "ContextPermission": {"executed_lines": [], "summary": {"covered_lines": 0, "num_statements": 0, "percent_covered": 100.0, "percent_covered_display": "100", "missing_lines": 0, "excluded_lines": 0}, "missing_lines": [], "excluded_lines": []}, "OrganizationRegistration": {"executed_lines": [], "summary": {"covered_lines": 0, "num_statements": 0, "percent_covered": 100.0, "percent_covered_display": "100", "missing_lines": 0, "excluded_lines": 0}, "missing_lines": [], "excluded_lines": []}, "UserInvitation": {"executed_lines": [], "summary": {"covered_lines": 0, "num_statements": 0, "percent_covered": 100.0, "percent_covered_display": "100", "missing_lines": 0, "excluded_lines": 0}, "missing_lines": [], "excluded_lines": []}, "Context": {"executed_lines": [], "summary": {"covered_lines": 0, "num_statements": 0, "percent_covered": 100.0, "percent_covered_display": "100", "missing_lines": 0, "excluded_lines": 0}, "missing_lines": [], "excluded_lines": []}, "DatabaseManager": {"executed_lines": [], "summary": {"covered_lines": 0, "num_statements": 385, "percent_covered": 0.0, "percent_covered_display": "0", "missing_lines": 385, "excluded_lines": 0}, "missing_lines": [248, 249, 253, 256, 257, 258, 261, 262, 265, 268, 271, 275, 276, 278, 279, 280, 282, 283, 285, 286, 292, 295, 296, 298, 301, 304, 305, 307, 308, 310, 311, 314, 315, 316, 318, 319, 320, 322, 324, 325, 330, 331, 332, 334, 335, 338, 344, 346, 347, 348, 349, 351, 363, 364, 366, 367, 368, 369, 370, 371, 372, 374, 377, 378, 379, 382, 383, 386, 387, 391, 393, 395, 396, 397, 398, 400, 409, 410, 411, 412, 413, 414, 415, 417, 421, 422, 424, 425, 427, 433, 435, 436, 441, 445, 446, 447, 448, 450, 453, 454, 455, 456, 460, 461, 462, 463, 464, 466, 469, 470, 471, 472, 478, 485, 486, 487, 488, 490, 494, 495, 496, 498, 503, 508, 513, 520, 527, 529, 536, 550, 556, 557, 558, 560, 562, 563, 565, 566, 571, 572, 574, 579, 586, 587, 589, 596, 604, 609, 614, 615, 618, 623, 630, 631, 634, 641, 649, 650, 653, 662, 663, 665, 666, 667, 669, 671, 673, 674, 684, 685, 686, 693, 694, 695, 696, 697, 698, 700, 703, 704, 705, 706, 713, 720, 730, 733, 734, 735, 736, 743, 750, 761, 764, 765, 766, 767, 775, 783, 794, 797, 798, 799, 800, 807, 814, 816, 820, 824, 825, 826, 828, 829, 830, 831, 832, 834, 837, 838, 839, 840, 841, 842, 843, 845, 849, 853, 854, 855, 856, 857, 858, 859, 860, 861, 862, 864, 868, 869, 870, 872, 878, 879, 880, 883, 884, 885, 886, 887, 888, 889, 891, 895, 896, 898, 903, 904, 906, 907, 908, 909, 910, 911, 913, 917, 918, 919, 926, 930, 931, 932, 934, 938, 939, 940, 942, 946, 947, 949, 957, 958, 959, 960, 961, 962, 963, 965, 969, 970, 971, 977, 982, 986, 987, 988, 993, 994, 995, 996, 997, 998, 999, 1000, 1002, 1008, 1009, 1010, 1016, 1017, 1018, 1019, 1020, 1022, 1028, 1029, 1030, 1036, 1037, 1038, 1039, 1040, 1042, 1052, 1053, 1054, 1060, 1061, 1062, 1063, 1064, 1066, 1072, 1073, 1075, 1076, 1077, 1079, 1080, 1083, 1089, 1090, 1095, 1098, 1107, 1108, 1113, 1121, 1130, 1131, 1136, 1137, 1138, 1140, 1148, 1156, 1158, 1161, 1165, 1166, 1170, 1171, 1173, 1176, 1184, 1187, 1195, 1203, 1211, 1215, 1229, 1233, 1234, 1235, 1237, 1241, 1242, 1243, 1245, 1249, 1250, 1251, 1255, 1259, 1261, 1265, 1267], "excluded_lines": []}, "": {"executed_lines": [3, 4, 5, 7, 18, 19, 21, 24, 25, 27, 28, 31, 34, 35, 36, 39, 42, 43, 46, 49, 50, 51, 52, 53, 54, 57, 58, 61, 64, 65, 70, 75, 76, 78, 79, 80, 81, 82, 83, 84, 85, 88, 89, 91, 92, 93, 94, 95, 96, 97, 98, 101, 102, 103, 106, 107, 109, 110, 111, 114, 115, 116, 119, 120, 121, 122, 125, 126, 128, 129, 130, 131, 134, 137, 138, 141, 142, 144, 145, 146, 149, 152, 155, 156, 157, 160, 161, 162, 163, 164, 168, 169, 171, 172, 173, 174, 175, 178, 179, 180, 181, 182, 185, 186, 189, 190, 192, 193, 194, 195, 196, 197, 198, 199, 202, 203, 204, 205, 206, 209, 210, 211, 215, 216, 218, 219, 220, 221, 224, 227, 230, 233, 234, 235, 236, 239, 240, 241, 242, 245, 246, 267, 270, 273, 327, 353, 419, 452, 468, 492, 552, 676, 702, 732, 763, 796, 818, 822, 847, 851, 866, 874, 893, 915, 928, 936, 944, 967, 984, 1004, 1024, 1044, 1068, 1163, 1168, 1231, 1239, 1247, 1257, 1263, 1271, 1274], "summary": {"covered_lines": 182, "num_statements": 186, "percent_covered": 97.84946236559139, "percent_covered_display": "98", "missing_lines": 4, "excluded_lines": 0}, "missing_lines": [1277, 1279, 1284, 1285], "excluded_lines": []}}}, "server/feedback_api.py": {"executed_lines": [], "summary": {"covered_lines": 0, "num_statements": 148, "percent_covered": 0.0, "percent_covered_display": "0", "missing_lines": 148, "excluded_lines": 0}, "missing_lines": [8, 9, 11, 12, 13, 14, 15, 21, 23, 25, 29, 30, 31, 32, 33, 34, 35, 36, 39, 40, 41, 44, 45, 46, 47, 48, 51, 52, 53, 56, 57, 58, 61, 62, 63, 64, 65, 66, 69, 70, 71, 72, 75, 76, 77, 78, 79, 80, 81, 82, 83, 84, 87, 88, 89, 90, 91, 92, 93, 97, 99, 102, 103, 105, 106, 107, 113, 114, 115, 118, 119, 126, 128, 134, 135, 136, 141, 152, 158, 159, 165, 168, 169, 176, 178, 184, 190, 191, 193, 194, 199, 200, 204, 215, 221, 222, 228, 231, 232, 239, 240, 251, 257, 258, 264, 267, 268, 275, 277, 278, 279, 280, 281, 282, 284, 289, 299, 305, 306, 312, 315, 316, 322, 323, 325, 326, 332, 333, 335, 347, 348, 349, 350, 356, 359, 360, 365, 368, 377, 378, 381, 384, 385, 392, 396, 401, 402, 408], "excluded_lines": [], "functions": {"get_feedback_engine_dep": {"executed_lines": [], "summary": {"covered_lines": 0, "num_statements": 1, "percent_covered": 0.0, "percent_covered_display": "0", "missing_lines": 1, "excluded_lines": 0}, "missing_lines": [99], "excluded_lines": []}, "feedback_health": {"executed_lines": [], "summary": {"covered_lines": 0, "num_statements": 6, "percent_covered": 0.0, "percent_covered_display": "0", "missing_lines": 6, "excluded_lines": 0}, "missing_lines": [105, 106, 107, 113, 114, 115], "excluded_lines": []}, "record_implicit_feedback": {"executed_lines": [], "summary": {"covered_lines": 0, "num_statements": 10, "percent_covered": 0.0, "percent_covered_display": "0", "missing_lines": 10, "excluded_lines": 0}, "missing_lines": [126, 128, 134, 135, 136, 141, 152, 158, 159, 165], "excluded_lines": []}, "record_explicit_feedback": {"executed_lines": [], "summary": {"covered_lines": 0, "num_statements": 14, "percent_covered": 0.0, "percent_covered_display": "0", "missing_lines": 14, "excluded_lines": 0}, "missing_lines": [176, 178, 184, 190, 191, 193, 194, 199, 200, 204, 215, 221, 222, 228], "excluded_lines": []}, "record_dwell_time": {"executed_lines": [], "summary": {"covered_lines": 0, "num_statements": 6, "percent_covered": 0.0, "percent_covered_display": "0", "missing_lines": 6, "excluded_lines": 0}, "missing_lines": [239, 240, 251, 257, 258, 264], "excluded_lines": []}, "rate_memory": {"executed_lines": [], "summary": {"covered_lines": 0, "num_statements": 13, "percent_covered": 0.0, "percent_covered_display": "0", "missing_lines": 13, "excluded_lines": 0}, "missing_lines": [275, 277, 278, 279, 280, 281, 282, 284, 289, 299, 305, 306, 312], "excluded_lines": []}, "get_memory_feedback_score": {"executed_lines": [], "summary": {"covered_lines": 0, "num_statements": 12, "percent_covered": 0.0, "percent_covered_display": "0", "missing_lines": 12, "excluded_lines": 0}, "missing_lines": [322, 323, 325, 326, 332, 333, 335, 347, 348, 349, 350, 356], "excluded_lines": []}, "get_feedback_stats": {"executed_lines": [], "summary": {"covered_lines": 0, "num_statements": 5, "percent_covered": 0.0, "percent_covered_display": "0", "missing_lines": 5, "excluded_lines": 0}, "missing_lines": [365, 368, 377, 378, 381], "excluded_lines": []}, "process_memory_feedback": {"executed_lines": [], "summary": {"covered_lines": 0, "num_statements": 5, "percent_covered": 0.0, "percent_covered_display": "0", "missing_lines": 5, "excluded_lines": 0}, "missing_lines": [392, 396, 401, 402, 408], "excluded_lines": []}, "": {"executed_lines": [], "summary": {"covered_lines": 0, "num_statements": 76, "percent_covered": 0.0, "percent_covered_display": "0", "missing_lines": 76, "excluded_lines": 0}, "missing_lines": [8, 9, 11, 12, 13, 14, 15, 21, 23, 25, 29, 30, 31, 32, 33, 34, 35, 36, 39, 40, 41, 44, 45, 46, 47, 48, 51, 52, 53, 56, 57, 58, 61, 62, 63, 64, 65, 66, 69, 70, 71, 72, 75, 76, 77, 78, 79, 80, 81, 82, 83, 84, 87, 88, 89, 90, 91, 92, 93, 97, 102, 103, 118, 119, 168, 169, 231, 232, 267, 268, 315, 316, 359, 360, 384, 385], "excluded_lines": []}}, "classes": {"ImplicitFeedbackRequest": {"executed_lines": [], "summary": {"covered_lines": 0, "num_statements": 0, "percent_covered": 100.0, "percent_covered_display": "100", "missing_lines": 0, "excluded_lines": 0}, "missing_lines": [], "excluded_lines": []}, "ExplicitFeedbackRequest": {"executed_lines": [], "summary": {"covered_lines": 0, "num_statements": 0, "percent_covered": 100.0, "percent_covered_display": "100", "missing_lines": 0, "excluded_lines": 0}, "missing_lines": [], "excluded_lines": []}, "DwellTimeFeedbackRequest": {"executed_lines": [], "summary": {"covered_lines": 0, "num_statements": 0, "percent_covered": 100.0, "percent_covered_display": "100", "missing_lines": 0, "excluded_lines": 0}, "missing_lines": [], "excluded_lines": []}, "MemoryRatingRequest": {"executed_lines": [], "summary": {"covered_lines": 0, "num_statements": 0, "percent_covered": 100.0, "percent_covered_display": "100", "missing_lines": 0, "excluded_lines": 0}, "missing_lines": [], "excluded_lines": []}, "FeedbackResponse": {"executed_lines": [], "summary": {"covered_lines": 0, "num_statements": 0, "percent_covered": 100.0, "percent_covered_display": "100", "missing_lines": 0, "excluded_lines": 0}, "missing_lines": [], "excluded_lines": []}, "MemoryFeedbackScoreResponse": {"executed_lines": [], "summary": {"covered_lines": 0, "num_statements": 0, "percent_covered": 100.0, "percent_covered_display": "100", "missing_lines": 0, "excluded_lines": 0}, "missing_lines": [], "excluded_lines": []}, "FeedbackStatsResponse": {"executed_lines": [], "summary": {"covered_lines": 0, "num_statements": 0, "percent_covered": 100.0, "percent_covered_display": "100", "missing_lines": 0, "excluded_lines": 0}, "missing_lines": [], "excluded_lines": []}, "": {"executed_lines": [], "summary": {"covered_lines": 0, "num_statements": 148, "percent_covered": 0.0, "percent_covered_display": "0", "missing_lines": 148, "excluded_lines": 0}, "missing_lines": [8, 9, 11, 12, 13, 14, 15, 21, 23, 25, 29, 30, 31, 32, 33, 34, 35, 36, 39, 40, 41, 44, 45, 46, 47, 48, 51, 52, 53, 56, 57, 58, 61, 62, 63, 64, 65, 66, 69, 70, 71, 72, 75, 76, 77, 78, 79, 80, 81, 82, 83, 84, 87, 88, 89, 90, 91, 92, 93, 97, 99, 102, 103, 105, 106, 107, 113, 114, 115, 118, 119, 126, 128, 134, 135, 136, 141, 152, 158, 159, 165, 168, 169, 176, 178, 184, 190, 191, 193, 194, 199, 200, 204, 215, 221, 222, 228, 231, 232, 239, 240, 251, 257, 258, 264, 267, 268, 275, 277, 278, 279, 280, 281, 282, 284, 289, 299, 305, 306, 312, 315, 316, 322, 323, 325, 326, 332, 333, 335, 347, 348, 349, 350, 356, 359, 360, 365, 368, 377, 378, 381, 384, 385, 392, 396, 401, 402, 408], "excluded_lines": []}}}, "server/feedback_engine.py": {"executed_lines": [], "summary": {"covered_lines": 0, "num_statements": 175, "percent_covered": 0.0, "percent_covered_display": "0", "missing_lines": 175, "excluded_lines": 0}, "missing_lines": [15, 16, 17, 18, 19, 20, 22, 23, 24, 25, 27, 30, 33, 34, 35, 36, 37, 38, 41, 44, 45, 46, 49, 50, 53, 54, 55, 56, 57, 58, 59, 60, 61, 62, 63, 66, 67, 70, 71, 72, 73, 74, 75, 76, 77, 78, 81, 84, 85, 86, 87, 88, 91, 97, 103, 105, 106, 107, 108, 109, 110, 111, 112, 114, 128, 131, 134, 149, 150, 152, 161, 163, 177, 179, 182, 197, 198, 200, 209, 211, 216, 218, 219, 220, 221, 223, 224, 235, 236, 242, 244, 247, 249, 253, 255, 267, 270, 271, 272, 274, 275, 278, 279, 280, 281, 284, 287, 290, 293, 295, 302, 303, 308, 310, 315, 317, 318, 320, 321, 323, 325, 327, 332, 333, 334, 335, 336, 338, 340, 342, 347, 348, 349, 350, 352, 354, 357, 358, 359, 360, 361, 362, 364, 366, 369, 370, 371, 372, 373, 375, 379, 382, 383, 384, 386, 390, 393, 394, 397, 398, 404, 409, 411, 414, 418, 430, 431, 439, 442, 445, 446, 447, 448, 451, 454], "excluded_lines": [], "functions": {"FeedbackEngine.__init__": {"executed_lines": [], "summary": {"covered_lines": 0, "num_statements": 6, "percent_covered": 0.0, "percent_covered_display": "0", "missing_lines": 6, "excluded_lines": 0}, "missing_lines": [85, 86, 87, 88, 91, 97], "excluded_lines": []}, "FeedbackEngine.initialize": {"executed_lines": [], "summary": {"covered_lines": 0, "num_statements": 8, "percent_covered": 0.0, "percent_covered_display": "0", "missing_lines": 8, "excluded_lines": 0}, "missing_lines": [105, 106, 107, 108, 109, 110, 111, 112], "excluded_lines": []}, "FeedbackEngine.record_implicit_feedback": {"executed_lines": [], "summary": {"covered_lines": 0, "num_statements": 7, "percent_covered": 0.0, "percent_covered_display": "0", "missing_lines": 7, "excluded_lines": 0}, "missing_lines": [128, 131, 134, 149, 150, 152, 161], "excluded_lines": []}, "FeedbackEngine.record_explicit_feedback": {"executed_lines": [], "summary": {"covered_lines": 0, "num_statements": 7, "percent_covered": 0.0, "percent_covered_display": "0", "missing_lines": 7, "excluded_lines": 0}, "missing_lines": [177, 179, 182, 197, 198, 200, 209], "excluded_lines": []}, "FeedbackEngine.get_memory_feedback_score": {"executed_lines": [], "summary": {"covered_lines": 0, "num_statements": 10, "percent_covered": 0.0, "percent_covered_display": "0", "missing_lines": 10, "excluded_lines": 0}, "missing_lines": [216, 218, 219, 220, 221, 223, 224, 235, 236, 242], "excluded_lines": []}, "FeedbackEngine.process_feedback_event": {"executed_lines": [], "summary": {"covered_lines": 0, "num_statements": 22, "percent_covered": 0.0, "percent_covered_display": "0", "missing_lines": 22, "excluded_lines": 0}, "missing_lines": [247, 249, 253, 255, 267, 270, 271, 272, 274, 275, 278, 279, 280, 281, 284, 287, 290, 293, 295, 302, 303, 308], "excluded_lines": []}, "FeedbackEngine._normalize_implicit_value": {"executed_lines": [], "summary": {"covered_lines": 0, "num_statements": 7, "percent_covered": 0.0, "percent_covered_display": "0", "missing_lines": 7, "excluded_lines": 0}, "missing_lines": [315, 317, 318, 320, 321, 323, 325], "excluded_lines": []}, "FeedbackEngine._calculate_sentiment": {"executed_lines": [], "summary": {"covered_lines": 0, "num_statements": 7, "percent_covered": 0.0, "percent_covered_display": "0", "missing_lines": 7, "excluded_lines": 0}, "missing_lines": [332, 333, 334, 335, 336, 338, 340], "excluded_lines": []}, "FeedbackEngine._calculate_explicit_value": {"executed_lines": [], "summary": {"covered_lines": 0, "num_statements": 5, "percent_covered": 0.0, "percent_covered_display": "0", "missing_lines": 5, "excluded_lines": 0}, "missing_lines": [347, 348, 349, 350, 352], "excluded_lines": []}, "FeedbackEngine._apply_time_decay": {"executed_lines": [], "summary": {"covered_lines": 0, "num_statements": 7, "percent_covered": 0.0, "percent_covered_display": "0", "missing_lines": 7, "excluded_lines": 0}, "missing_lines": [357, 358, 359, 360, 361, 362, 364], "excluded_lines": []}, "FeedbackEngine._store_feedback_event": {"executed_lines": [], "summary": {"covered_lines": 0, "num_statements": 6, "percent_covered": 0.0, "percent_covered_display": "0", "missing_lines": 6, "excluded_lines": 0}, "missing_lines": [369, 370, 371, 372, 373, 375], "excluded_lines": []}, "FeedbackEngine._store_feedback_score": {"executed_lines": [], "summary": {"covered_lines": 0, "num_statements": 4, "percent_covered": 0.0, "percent_covered_display": "0", "missing_lines": 4, "excluded_lin
[...]
 "0", "missing_lines": 6, "excluded_lines": 0}, "missing_lines": [246, 247, 248, 256, 262, 263], "excluded_lines": []}, "hash_api_key": {"executed_lines": [], "summary": {"covered_lines": 0, "num_statements": 1, "percent_covered": 0.0, "percent_covered_display": "0", "missing_lines": 1, "excluded_lines": 0}, "missing_lines": [272], "excluded_lines": []}, "validate_api_key_permissions": {"executed_lines": [], "summary": {"covered_lines": 0, "num_statements": 1, "percent_covered": 0.0, "percent_covered_display": "0", "missing_lines": 1, "excluded_lines": 0}, "missing_lines": [278], "excluded_lines": []}, "log_api_usage": {"executed_lines": [], "summary": {"covered_lines": 0, "num_statements": 1, "percent_covered": 0.0, "percent_covered_display": "0", "missing_lines": 1, "excluded_lines": 0}, "missing_lines": [284], "excluded_lines": []}, "": {"executed_lines": [], "summary": {"covered_lines": 0, "num_statements": 34, "percent_covered": 0.0, "percent_covered_display": "0", "missing_lines": 34, "excluded_lines": 0}, "missing_lines": [6, 7, 8, 10, 17, 18, 19, 21, 24, 25, 26, 27, 30, 31, 32, 35, 36, 48, 49, 81, 82, 120, 121, 160, 161, 179, 180, 222, 223, 243, 244, 270, 275, 281], "excluded_lines": []}}, "classes": {"TokenRegenerateResponse": {"executed_lines": [], "summary": {"covered_lines": 0, "num_statements": 0, "percent_covered": 100.0, "percent_covered_display": "100", "missing_lines": 0, "excluded_lines": 0}, "missing_lines": [], "excluded_lines": []}, "UserSettings": {"executed_lines": [], "summary": {"covered_lines": 0, "num_statements": 0, "percent_covered": 100.0, "percent_covered_display": "100", "missing_lines": 0, "excluded_lines": 0}, "missing_lines": [], "excluded_lines": []}, "": {"executed_lines": [], "summary": {"covered_lines": 0, "num_statements": 90, "percent_covered": 0.0, "percent_covered_display": "0", "missing_lines": 90, "excluded_lines": 0}, "missing_lines": [6, 7, 8, 10, 17, 18, 19, 21, 24, 25, 26, 27, 30, 31, 32, 35, 36, 38, 48, 49, 51, 53, 61, 62, 63, 68, 74, 75, 81, 82, 84, 85, 86, 90, 111, 113, 114, 120, 121, 125, 126, 127, 130, 131, 134, 135, 136, 140, 151, 153, 154, 160, 161, 163, 164, 165, 170, 172, 173, 179, 180, 182, 183, 184, 188, 213, 215, 216, 222, 223, 227, 228, 229, 234, 236, 237, 243, 244, 246, 247, 248, 256, 262, 263, 270, 272, 275, 278, 281, 284], "excluded_lines": []}}}, "server/token_refresh.py": {"executed_lines": [2, 7, 8, 10, 11, 14, 15, 17, 18, 19, 21, 37, 65, 75, 82, 105, 140, 165, 168, 173], "summary": {"covered_lines": 18, "num_statements": 99, "percent_covered": 18.181818181818183, "percent_covered_display": "18", "missing_lines": 81, "excluded_lines": 0}, "missing_lines": [23, 24, 25, 26, 27, 29, 30, 32, 34, 35, 39, 41, 49, 58, 59, 61, 62, 63, 67, 77, 78, 79, 80, 84, 85, 87, 88, 91, 92, 93, 94, 95, 98, 101, 103, 107, 108, 110, 111, 112, 114, 115, 117, 119, 120, 130, 131, 134, 136, 137, 138, 142, 144, 145, 147, 149, 150, 152, 153, 154, 156, 159, 160, 161, 170, 175, 176, 177, 180, 181, 183, 185, 186, 187, 188, 191, 192, 197, 199, 200, 201], "excluded_lines": [], "functions": {"TokenManager.__init__": {"executed_lines": [18, 19], "summary": {"covered_lines": 2, "num_statements": 2, "percent_covered": 100.0, "percent_covered_display": "100", "missing_lines": 0, "excluded_lines": 0}, "missing_lines": [], "excluded_lines": []}, "TokenManager.is_token_near_expiry": {"executed_lines": [], "summary": {"covered_lines": 0, "num_statements": 10, "percent_covered": 0.0, "percent_covered_display": "0", "missing_lines": 10, "excluded_lines": 0}, "missing_lines": [23, 24, 25, 26, 27, 29, 30, 32, 34, 35], "excluded_lines": []}, "TokenManager.create_refreshed_token": {"executed_lines": [], "summary": {"covered_lines": 0, "num_statements": 8, "percent_covered": 0.0, "percent_covered_display": "0", "missing_lines": 8, "excluded_lines": 0}, "missing_lines": [39, 41, 49, 58, 59, 61, 62, 63], "excluded_lines": []}, "TokenManager.register_active_session": {"executed_lines": [], "summary": {"covered_lines": 0, "num_statements": 1, "percent_covered": 0.0, "percent_covered_display": "0", "missing_lines": 1, "excluded_lines": 0}, "missing_lines": [67], "excluded_lines": []}, "TokenManager.update_session_activity": {"executed_lines": [], "summary": {"covered_lines": 0, "num_statements": 4, "percent_covered": 0.0, "percent_covered_display": "0", "missing_lines": 4, "excluded_lines": 0}, "missing_lines": [77, 78, 79, 80], "excluded_lines": []}, "TokenManager.get_session_token": {"executed_lines": [], "summary": {"covered_lines": 0, "num_statements": 12, "percent_covered": 0.0, "percent_covered_display": "0", "missing_lines": 12, "excluded_lines": 0}, "missing_lines": [84, 85, 87, 88, 91, 92, 93, 94, 95, 98, 101, 103], "excluded_lines": []}, "TokenManager.flush_memory_buffer": {"executed_lines": [], "summary": {"covered_lines": 0, "num_statements": 16, "percent_covered": 0.0, "percent_covered_display": "0", "missing_lines": 16, "excluded_lines": 0}, "missing_lines": [107, 108, 110, 111, 112, 114, 115, 117, 119, 120, 130, 131, 134, 136, 137, 138], "excluded_lines": []}, "TokenManager.cleanup_expired_sessions": {"executed_lines": [], "summary": {"covered_lines": 0, "num_statements": 13, "percent_covered": 0.0, "percent_covered_display": "0", "missing_lines": 13, "excluded_lines": 0}, "missing_lines": [142, 144, 145, 147, 149, 150, 152, 153, 154, 156, 159, 160, 161], "excluded_lines": []}, "get_token_manager": {"executed_lines": [], "summary": {"covered_lines": 0, "num_statements": 1, "percent_covered": 0.0, "percent_covered_display": "0", "missing_lines": 1, "excluded_lines": 0}, "missing_lines": [170], "excluded_lines": []}, "auto_refresh_tokens": {"executed_lines": [], "summary": {"covered_lines": 0, "num_statements": 16, "percent_covered": 0.0, "percent_covered_display": "0", "missing_lines": 16, "excluded_lines": 0}, "missing_lines": [175, 176, 177, 180, 181, 183, 185, 186, 187, 188, 191, 192, 197, 199, 200, 201], "excluded_lines": []}, "": {"executed_lines": [2, 7, 8, 10, 11, 14, 15, 17, 21, 37, 65, 75, 82, 105, 140, 165, 168, 173], "summary": {"covered_lines": 16, "num_statements": 16, "percent_covered": 100.0, "percent_covered_display": "100", "missing_lines": 0, "excluded_lines": 0}, "missing_lines": [], "excluded_lines": []}}, "classes": {"TokenManager": {"executed_lines": [18, 19], "summary": {"covered_lines": 2, "num_statements": 66, "percent_covered": 3.0303030303030303, "percent_covered_display": "3", "missing_lines": 64, "excluded_lines": 0}, "missing_lines": [23, 24, 25, 26, 27, 29, 30, 32, 34, 35, 39, 41, 49, 58, 59, 61, 62, 63, 67, 77, 78, 79, 80, 84, 85, 87, 88, 91, 92, 93, 94, 95, 98, 101, 103, 107, 108, 110, 111, 112, 114, 115, 117, 119, 120, 130, 131, 134, 136, 137, 138, 142, 144, 145, 147, 149, 150, 152, 153, 154, 156, 159, 160, 161], "excluded_lines": []}, "": {"executed_lines": [2, 7, 8, 10, 11, 14, 15, 17, 21, 37, 65, 75, 82, 105, 140, 165, 168, 173], "summary": {"covered_lines": 16, "num_statements": 33, "percent_covered": 48.484848484848484, "percent_covered_display": "48", "missing_lines": 17, "excluded_lines": 0}, "missing_lines": [170, 175, 176, 177, 180, 181, 183, 185, 186, 187, 188, 191, 192, 197, 199, 200, 201], "excluded_lines": []}}}, "server/universal_ai_wrapper.py": {"executed_lines": [], "summary": {"covered_lines": 0, "num_statements": 240, "percent_covered": 0.0, "percent_covered_display": "0", "missing_lines": 240, "excluded_lines": 23}, "missing_lines": [8, 9, 10, 11, 12, 13, 14, 15, 16, 19, 20, 21, 24, 25, 28, 29, 30, 31, 32, 33, 36, 37, 41, 42, 43, 44, 47, 48, 49, 52, 53, 56, 57, 60, 61, 64, 65, 68, 69, 70, 71, 72, 73, 76, 79, 80, 81, 83, 87, 89, 91, 92, 99, 104, 108, 112, 119, 120, 121, 128, 132, 134, 136, 137, 140, 143, 144, 145, 148, 149, 152, 153, 156, 159, 160, 161, 164, 166, 168, 169, 170, 172, 176, 178, 180, 181, 182, 183, 184, 185, 186, 187, 190, 196, 197, 198, 211, 213, 214, 215, 217, 219, 221, 223, 224, 225, 227, 229, 231, 239, 247, 251, 252, 253, 255, 256, 258, 259, 260, 262, 266, 268, 269, 270, 272, 273, 274, 275, 276, 278, 285, 286, 288, 289, 291, 292, 294, 296, 300, 301, 302, 305, 306, 309, 310, 311, 314, 315, 318, 319, 320, 321, 324, 325, 326, 327, 328, 329, 331, 334, 335, 337, 341, 342, 345, 346, 347, 348, 349, 350, 353, 356, 357, 358, 359, 360, 363, 364, 365, 366, 367, 370, 371, 372, 373, 374, 377, 378, 379, 380, 381, 384, 385, 386, 387, 388, 391, 392, 393, 394, 397, 398, 399, 400, 402, 404, 406, 414, 415, 426, 435, 436, 438, 440, 441, 443, 445, 448, 515, 516, 517, 518, 519, 521, 525, 528, 529, 531, 533, 535, 550, 553, 555, 556, 558, 560, 561, 565, 569, 571], "excluded_lines": [574, 576, 577, 578, 579, 580, 581, 582, 583, 584, 585, 586, 587, 588, 589, 590, 591, 592, 593, 594, 595, 596, 598], "functions": {"UniversalAIWrapper.__init__": {"executed_lines": [], "summary": {"covered_lines": 0, "num_statements": 2, "percent_covered": 0.0, "percent_covered_display": "0", "missing_lines": 2, "excluded_lines": 0}, "missing_lines": [80, 81], "excluded_lines": []}, "UniversalAIWrapper.enhance_ai_prompt": {"executed_lines": [], "summary": {"covered_lines": 0, "num_statements": 11, "percent_covered": 0.0, "percent_covered_display": "0", "missing_lines": 11, "excluded_lines": 0}, "missing_lines": [87, 89, 91, 92, 99, 104, 108, 112, 119, 120, 121], "excluded_lines": []}, "UniversalAIWrapper._get_hierarchical_memories": {"executed_lines": [], "summary": {"covered_lines": 0, "num_statements": 21, "percent_covered": 0.0, "percent_covered_display": "0", "missing_lines": 21, "excluded_lines": 0}, "missing_lines": [132, 134, 136, 137, 140, 143, 144, 145, 148, 149, 152, 153, 156, 159, 160, 161, 164, 166, 168, 169, 170], "excluded_lines": []}, "UniversalAIWrapper._get_memories_by_level": {"executed_lines": [], "summary": {"covered_lines": 0, "num_statements": 18, "percent_covered": 0.0, "percent_covered_display": "0", "missing_lines": 18, "excluded_lines": 0}, "missing_lines": [176, 178, 180, 181, 182, 183, 184, 185, 186, 187, 190, 196, 197, 198, 211, 213, 214, 215], "excluded_lines": []}, "UniversalAIWrapper._get_cross_team_memories": {"executed_lines": [], "summary": {"covered_lines": 0, "num_statements": 5, "percent_covered": 0.0, "percent_covered_display": "0", "missing_lines": 5, "excluded_lines": 0}, "missing_lines": [219, 221, 223, 224, 225], "excluded_lines": []}, "UniversalAIWrapper._query_mcp_server": {"executed_lines": [], "summary": {"covered_lines": 0, "num_statements": 12, "percent_covered": 0.0, "percent_covered_display": "0", "missing_lines": 12, "excluded_lines": 0}, "missing_lines": [229, 231, 239, 247, 251, 252, 253, 255, 256, 258, 259, 260], "excluded_lines": []}, "UniversalAIWrapper._parse_memories_response": {"executed_lines": [], "summary": {"covered_lines": 0, "num_statements": 17, "percent_covered": 0.0, "percent_covered_display": "0", "missing_lines": 17, "excluded_lines": 0}, "missing_lines": [266, 268, 269, 270, 272, 273, 274, 275, 276, 278, 285, 286, 288, 289, 291, 292, 294], "excluded_lines": []}, "UniversalAIWrapper._rank_memories_by_relevance": {"executed_lines": [], "summary": {"covered_lines": 0, "num_statements": 23, "percent_covered": 0.0, "percent_covered_display": "0", "missing_lines": 23, "excluded_lines": 0}, "missing_lines": [300, 301, 302, 305, 306, 309, 310, 311, 314, 315, 318, 319, 320, 321, 324, 325, 326, 327, 328, 329, 331, 334, 335], "excluded_lines": []}, "UniversalAIWrapper._build_enhanced_prompt": {"executed_lines": [], "summary": {"covered_lines": 0, "num_statements": 44, "percent_covered": 0.0, "percent_covered_display": "0", "missing_lines": 44, "excluded_lines": 0}, "missing_lines": [341, 342, 345, 346, 347, 348, 349, 350, 353, 356, 357, 358, 359, 360, 363, 364, 365, 366, 367, 370, 371, 372, 373, 374, 377, 378, 379, 380, 381, 384, 385, 386, 387, 388, 391, 392, 393, 394, 397, 398, 399, 400, 402, 404], "excluded_lines": []}, "UniversalAIWrapper._store_ai_interaction": {"executed_lines": [], "summary": {"covered_lines": 0, "num_statements": 5, "percent_covered": 0.0, "percent_covered_display": "0", "missing_lines": 5, "excluded_lines": 0}, "missing_lines": [414, 415, 426, 435, 436], "excluded_lines": []}, "UniversalAIWrapper._get_file_type": {"executed_lines": [], "summary": {"covered_lines": 0, "num_statements": 2, "percent_covered": 0.0, "percent_covered_display": "0", "missing_lines": 2, "excluded_lines": 0}, "missing_lines": [440, 441], "excluded_lines": []}, "UniversalAIWrapper._extract_code_keywords": {"executed_lines": [], "summary": {"covered_lines": 0, "num_statements": 8, "percent_covered": 0.0, "percent_covered_display": "0", "missing_lines": 8, "excluded_lines": 0}, "missing_lines": [445, 448, 515, 516, 517, 518, 519, 521], "excluded_lines": []}, "MCPAIEnhancer.__init__": {"executed_lines": [], "summary": {"covered_lines": 0, "num_statements": 1, "percent_covered": 0.0, "percent_covered_display": "0", "missing_lines": 1, "excluded_lines": 0}, "missing_lines": [529], "excluded_lines": []}, "MCPAIEnhancer.enhance_prompt": {"executed_lines": [], "summary": {"covered_lines": 0, "num_statements": 9, "percent_covered": 0.0, "percent_covered_display": "0", "missing_lines": 9, "excluded_lines": 0}, "missing_lines": [533, 535, 550, 553, 555, 556, 558, 560, 561], "excluded_lines": []}, "enhance_ai_prompt": {"executed_lines": [], "summary": {"covered_lines": 0, "num_statements": 1, "percent_covered": 0.0, "percent_covered_display": "0", "missing_lines": 1, "excluded_lines": 0}, "missing_lines": [571], "excluded_lines": []}, "test_wrapper": {"executed_lines": [], "summary": {"covered_lines": 0, "num_statements": 0, "percent_covered": 100.0, "percent_covered_display": "100", "missing_lines": 0, "excluded_lines": 20}, "missing_lines": [], "excluded_lines": [577, 578, 579, 580, 581, 582, 583, 584, 585, 586, 587, 588, 589, 590, 591, 592, 593, 594, 595, 596]}, "": {"executed_lines": [], "summary": {"covered_lines": 0, "num_statements": 61, "percent_covered": 0.0, "percent_covered_display": "0", "missing_lines": 61, "excluded_lines": 3}, "missing_lines": [8, 9, 10, 11, 12, 13, 14, 15, 16, 19, 20, 21, 24, 25, 28, 29, 30, 31, 32, 33, 36, 37, 41, 42, 43, 44, 47, 48, 49, 52, 53, 56, 57, 60, 61, 64, 65, 68, 69, 70, 71, 72, 73, 76, 79, 83, 128, 172, 217, 227, 262, 296, 337, 406, 438, 443, 525, 528, 531, 565, 569], "excluded_lines": [574, 576, 598]}}, "classes": {"AIModel": {"executed_lines": [], "summary": {"covered_lines": 0, "num_statements": 0, "percent_covered": 100.0, "percent_covered_display": "100", "missing_lines": 0, "excluded_lines": 0}, "missing_lines": [], "excluded_lines": []}, "AIContext": {"executed_lines": [], "summary": {"covered_lines": 0, "num_statements": 0, "percent_covered": 100.0, "percent_covered_display": "100", "missing_lines": 0, "excluded_lines": 0}, "missing_lines": [], "excluded_lines": []}, "MemoryContext": {"executed_lines": [], "summary": {"covered_lines": 0, "num_statements": 0, "percent_covered": 100.0, "percent_covered_display": "100", "missing_lines": 0, "excluded_lines": 0}, "missing_lines": [], "excluded_lines": []}, "UniversalAIWrapper": {"executed_lines": [], "summary": {"covered_lines": 0, "num_statements": 168, "percent_covered": 0.0, "percent_covered_display": "0", "missing_lines": 168, "excluded_lines": 0}, "missing_lines": [80, 81, 87, 89, 91, 92, 99, 104, 108, 112, 119, 120, 121, 132, 134, 136, 137, 140, 143, 144, 145, 148, 149, 152, 153, 156, 159, 160, 161, 164, 166, 168, 169, 170, 176, 178, 180, 181, 182, 183, 184, 185, 186, 187, 190, 196, 197, 198, 211, 213, 214, 215, 219, 221, 223, 224, 225, 229, 231, 239, 247, 251, 252, 253, 255, 256, 258, 259, 260, 266, 268, 269, 270, 272, 273, 274, 275, 276, 278, 285, 286, 288, 289, 291, 292, 294, 300, 301, 302, 305, 306, 309, 310, 311, 314, 315, 318, 319, 320, 321, 324, 325, 326, 327, 328, 329, 331, 334, 335, 341, 342, 345, 346, 347, 348, 349, 350, 353, 356, 357, 358, 359, 360, 363, 364, 365, 366, 367, 370, 371, 372, 373, 374, 377, 378, 379, 380, 381, 384, 385, 386, 387, 388, 391, 392, 393, 394, 397, 398, 399, 400, 402, 404, 414, 415, 426, 435, 436, 440, 441, 445, 448, 515, 516, 517, 518, 519, 521], "excluded_lines": []}, "MCPAIEnhancer": {"executed_lines": [], "summary": {"covered_lines": 0, "num_statements": 10, "percent_covered": 0.0, "percent_covered_display": "0", "missing_lines": 10, "excluded_lines": 0}, "missing_lines": [529, 533, 535, 550, 553, 555, 556, 558, 560, 561], "excluded_lines": []}, "": {"executed_lines": [], "summary": {"covered_lines": 0, "num_statements": 62, "percent_covered": 0.0, "percent_covered_display": "0", "missing_lines": 62, "excluded_lines": 23}, "missing_lines": [8, 9, 10, 11, 12, 13, 14, 15, 16, 19, 20, 21, 24, 25, 28, 29, 30, 31, 32, 33, 36, 37, 41, 42, 43, 44, 47, 48, 49, 52, 53, 56, 57, 60, 61, 64, 65, 68, 69, 70, 71, 72, 73, 76, 79, 83, 128, 172, 217, 227, 262, 296, 337, 406, 438, 443, 525, 528, 531, 565, 569, 571], "excluded_lines": [574, 576, 577, 578, 579, 580, 581, 582, 583, 584, 585, 586, 587, 588, 589, 590, 591, 592, 593, 594, 595, 596, 598]}}}, "server/utils/filename_sanitizer.py": {"executed_lines": [1, 3, 4, 5, 8, 89, 137, 179], "summary": {"covered_lines": 7, "num_statements": 78, "percent_covered": 8.974358974358974, "percent_covered_display": "9", "missing_lines": 71, "excluded_lines": 0}, "missing_lines": [19, 20, 23, 27, 30, 33, 36, 37, 40, 65, 66, 67, 70, 71, 72, 73, 76, 77, 78, 80, 83, 84, 86, 101, 102, 108, 109, 110, 112, 113, 114, 115, 116, 118, 120, 121, 122, 123, 126, 127, 128, 130, 131, 132, 134, 147, 148, 150, 175, 176, 190, 192, 193, 194, 195, 198, 199, 200, 203, 204, 205, 208, 209, 210, 213, 214, 215, 218, 219, 222, 224], "excluded_lines": [], "functions": {"sanitize_filename": {"executed_lines": [], "summary": {"covered_lines": 0, "num_statements": 23, "percent_covered": 0.0, "percent_covered_display": "0", "missing_lines": 23, "excluded_lines": 0}, "missing_lines": [19, 20, 23, 27, 30, 33, 36, 37, 40, 65, 66, 67, 70, 71, 72, 73, 76, 77, 78, 80, 83, 84, 86], "excluded_lines": []}, "normalize_content_disposition_filename": {"executed_lines": [], "summary": {"covered_lines": 0, "num_statements": 22, "percent_covered": 0.0, "percent_covered_display": "0", "missing_lines": 22, "excluded_lines": 0}, "missing_lines": [101, 102, 108, 109, 110, 112, 113, 114, 115, 116, 118, 120, 121, 122, 123, 126, 127, 128, 130, 131, 132, 134], "excluded_lines": []}, "is_archive_extension": {"executed_lines": [], "summary": {"covered_lines": 0, "num_statements": 5, "percent_covered": 0.0, "percent_covered_display": "0", "missing_lines": 5, "excluded_lines": 0}, "missing_lines": [147, 148, 150, 175, 176], "excluded_lines": []}, "validate_filename_safety": {"executed_lines": [], "summary": {"covered_lines": 0, "num_statements": 21, "percent_covered": 0.0, "percent_covered_display": "0", "missing_lines": 21, "excluded_lines": 0}, "missing_lines": [190, 192, 193, 194, 195, 198, 199, 200, 203, 204, 205, 208, 209, 210, 213, 214, 215, 218, 219, 222, 224], "excluded_lines": []}, "": {"executed_lines": [1, 3, 4, 5, 8, 89, 137, 179], "summary": {"covered_lines": 7, "num_statements": 7, "percent_covered": 100.0, "percent_covered_display": "100", "missing_lines": 0, "excluded_lines": 0}, "missing_lines": [], "excluded_lines": []}}, "classes": {"": {"executed_lines": [1, 3, 4, 5, 8, 89, 137, 179], "summary": {"covered_lines": 7, "num_statements": 78, "percent_covered": 8.974358974358974, "percent_covered_display": "9", "missing_lines": 71, "excluded_lines": 0}, "missing_lines": [19, 20, 23, 27, 30, 33, 36, 37, 40, 65, 66, 67, 70, 71, 72, 73, 76, 77, 78, 80, 83, 84, 86, 101, 102, 108, 109, 110, 112, 113, 114, 115, 116, 118, 120, 121, 122, 123, 126, 127, 128, 130, 131, 132, 134, 147, 148, 150, 175, 176, 190, 192, 193, 194, 195, 198, 199, 200, 203, 204, 205, 208, 209, 210, 213, 214, 215, 218, 219, 222, 224], "excluded_lines": []}}}}, "totals": {"covered_lines": 1505, "num_statements": 13966, "percent_covered": 10.77617070027209, "percent_covered_display": "11", "missing_lines": 12461, "excluded_lines": 279}}
