mode: set
github.com/arunosaur/ninaivalaigal/load-tester/tracing/tracing.go:42.70,51.16 3 0
github.com/arunosaur/ninaivalaigal/load-tester/tracing/tracing.go:51.16,53.3 1 0
github.com/arunosaur/ninaivalaigal/load-tester/tracing/tracing.go:56.2,63.16 2 0
github.com/arunosaur/ninaivalaigal/load-tester/tracing/tracing.go:63.16,65.3 1 0
github.com/arunosaur/ninaivalaigal/load-tester/tracing/tracing.go:68.2,88.16 5 0
github.com/arunosaur/ninaivalaigal/load-tester/tracing/tracing.go:88.16,91.42 3 0
github.com/arunosaur/ninaivalaigal/load-tester/tracing/tracing.go:91.42,93.4 1 0
github.com/arunosaur/ninaivalaigal/load-tester/tracing/tracing.go:98.30,100.15 2 0
github.com/arunosaur/ninaivalaigal/load-tester/tracing/tracing.go:100.15,102.3 1 0
github.com/arunosaur/ninaivalaigal/load-tester/tracing/tracing.go:103.2,103.12 1 0
github.com/arunosaur/ninaivalaigal/load-tester/commands.go:16.41,43.55 1 0
github.com/arunosaur/ninaivalaigal/load-tester/commands.go:43.55,47.53 2 0
github.com/arunosaur/ninaivalaigal/load-tester/commands.go:47.53,49.5 1 0
github.com/arunosaur/ninaivalaigal/load-tester/commands.go:52.4,53.36 2 0
github.com/arunosaur/ninaivalaigal/load-tester/commands.go:58.2,80.12 16 0
github.com/arunosaur/ninaivalaigal/load-tester/commands.go:84.41,104.55 1 0
github.com/arunosaur/ninaivalaigal/load-tester/commands.go:104.55,107.53 2 0
github.com/arunosaur/ninaivalaigal/load-tester/commands.go:107.53,109.5 1 0
github.com/arunosaur/ninaivalaigal/load-tester/commands.go:111.4,112.36 2 0
github.com/arunosaur/ninaivalaigal/load-tester/commands.go:116.2,129.12 13 0
github.com/arunosaur/ninaivalaigal/load-tester/commands.go:133.46,149.55 1 0
github.com/arunosaur/ninaivalaigal/load-tester/commands.go:149.55,153.4 3 0
github.com/arunosaur/ninaivalaigal/load-tester/commands.go:156.2,160.12 4 0
github.com/arunosaur/ninaivalaigal/load-tester/commands.go:164.45,179.55 1 0
github.com/arunosaur/ninaivalaigal/load-tester/commands.go:179.55,184.4 2 0
github.com/arunosaur/ninaivalaigal/load-tester/commands.go:187.2,194.12 7 0
github.com/arunosaur/ninaivalaigal/load-tester/commands.go:198.44,206.55 1 0
github.com/arunosaur/ninaivalaigal/load-tester/commands.go:206.55,210.4 3 0
github.com/arunosaur/ninaivalaigal/load-tester/commands.go:213.2,213.12 1 0
github.com/arunosaur/ninaivalaigal/load-tester/commands.go:217.43,226.55 1 0
github.com/arunosaur/ninaivalaigal/load-tester/commands.go:226.55,230.4 3 0
github.com/arunosaur/ninaivalaigal/load-tester/commands.go:233.2,233.12 1 0
github.com/arunosaur/ninaivalaigal/load-tester/commands.go:237.55,238.22 1 0
github.com/arunosaur/ninaivalaigal/load-tester/commands.go:238.22,240.3 1 0
github.com/arunosaur/ninaivalaigal/load-tester/commands.go:242.2,242.29 1 0
github.com/arunosaur/ninaivalaigal/load-tester/commands.go:242.29,244.3 1 0
github.com/arunosaur/ninaivalaigal/load-tester/commands.go:246.2,246.30 1 0
github.com/arunosaur/ninaivalaigal/load-tester/commands.go:246.30,248.3 1 0
github.com/arunosaur/ninaivalaigal/load-tester/commands.go:250.2,250.55 1 0
github.com/arunosaur/ninaivalaigal/load-tester/commands.go:250.55,252.3 1 0
github.com/arunosaur/ninaivalaigal/load-tester/commands.go:255.2,257.38 3 0
github.com/arunosaur/ninaivalaigal/load-tester/commands.go:257.38,258.47 1 0
github.com/arunosaur/ninaivalaigal/load-tester/commands.go:258.47,261.9 3 0
github.com/arunosaur/ninaivalaigal/load-tester/commands.go:264.2,264.18 1 0
github.com/arunosaur/ninaivalaigal/load-tester/commands.go:264.18,266.3 1 0
github.com/arunosaur/ninaivalaigal/load-tester/commands.go:268.2,268.12 1 0
github.com/arunosaur/ninaivalaigal/load-tester/commands.go:271.55,272.22 1 0
github.com/arunosaur/ninaivalaigal/load-tester/commands.go:272.22,274.3 1 0
github.com/arunosaur/ninaivalaigal/load-tester/commands.go:276.2,276.29 1 0
github.com/arunosaur/ninaivalaigal/load-tester/commands.go:276.29,278.3 1 0
github.com/arunosaur/ninaivalaigal/load-tester/commands.go:280.2,280.55 1 0
github.com/arunosaur/ninaivalaigal/load-tester/commands.go:280.55,282.3 1 0
github.com/arunosaur/ninaivalaigal/load-tester/commands.go:284.2,284.25 1 0
github.com/arunosaur/ninaivalaigal/load-tester/commands.go:284.25,286.3 1 0
github.com/arunosaur/ninaivalaigal/load-tester/commands.go:288.2,288.12 1 0
github.com/arunosaur/ninaivalaigal/load-tester/commands.go:292.66,300.22 4 0
github.com/arunosaur/ninaivalaigal/load-tester/commands.go:301.33,302.77 1 0
github.com/arunosaur/ninaivalaigal/load-tester/commands.go:303.15,304.70 1 0
github.com/arunosaur/ninaivalaigal/load-tester/commands.go:305.14,306.69 1 0
github.com/arunosaur/ninaivalaigal/load-tester/commands.go:307.16,308.71 1 0
github.com/arunosaur/ninaivalaigal/load-tester/commands.go:309.15,310.70 1 0
github.com/arunosaur/ninaivalaigal/load-tester/commands.go:311.19,312.74 1 0
github.com/arunosaur/ninaivalaigal/load-tester/commands.go:316.2,316.57 1 0
github.com/arunosaur/ninaivalaigal/load-tester/commands.go:316.57,319.36 3 0
github.com/arunosaur/ninaivalaigal/load-tester/commands.go:319.36,321.4 1 0
github.com/arunosaur/ninaivalaigal/load-tester/commands.go:322.3,322.13 1 0
github.com/arunosaur/ninaivalaigal/load-tester/commands.go:326.2,327.16 2 0
github.com/arunosaur/ninaivalaigal/load-tester/commands.go:327.16,329.3 1 0
github.com/arunosaur/ninaivalaigal/load-tester/commands.go:331.2,332.54 2 0
github.com/arunosaur/ninaivalaigal/load-tester/commands.go:332.54,334.3 1 0
github.com/arunosaur/ninaivalaigal/load-tester/commands.go:336.2,337.39 2 0
github.com/arunosaur/ninaivalaigal/load-tester/commands.go:341.108,351.2 6 0
github.com/arunosaur/ninaivalaigal/load-tester/commands.go:354.107,358.44 2 0
github.com/arunosaur/ninaivalaigal/load-tester/commands.go:358.44,370.42 7 0
github.com/arunosaur/ninaivalaigal/load-tester/commands.go:370.42,372.4 1 0
github.com/arunosaur/ninaivalaigal/load-tester/commands.go:373.3,373.44 1 0
github.com/arunosaur/ninaivalaigal/load-tester/commands.go:373.44,375.4 1 0
github.com/arunosaur/ninaivalaigal/load-tester/commands.go:376.3,379.26 2 0
github.com/arunosaur/ninaivalaigal/load-tester/commands.go:379.26,381.4 1 0
github.com/arunosaur/ninaivalaigal/load-tester/commands.go:381.9,381.47 1 0
github.com/arunosaur/ninaivalaigal/load-tester/commands.go:381.47,383.4 1 0
github.com/arunosaur/ninaivalaigal/load-tester/commands.go:385.3,386.41 2 0
github.com/arunosaur/ninaivalaigal/load-tester/commands.go:386.41,389.4 1 0
github.com/arunosaur/ninaivalaigal/load-tester/commands.go:392.2,393.12 2 0
github.com/arunosaur/ninaivalaigal/load-tester/commands.go:397.70,401.2 2 0
github.com/arunosaur/ninaivalaigal/load-tester/commands.go:404.13,411.55 1 1
github.com/arunosaur/ninaivalaigal/load-tester/commands.go:411.55,413.21 2 0
github.com/arunosaur/ninaivalaigal/load-tester/commands.go:413.21,415.5 1 0
github.com/arunosaur/ninaivalaigal/load-tester/commands.go:417.4,427.36 9 0
github.com/arunosaur/ninaivalaigal/load-tester/commands.go:432.2,432.14 1 1
github.com/arunosaur/ninaivalaigal/load-tester/commands.go:436.45,442.55 1 0
github.com/arunosaur/ninaivalaigal/load-tester/commands.go:442.55,444.21 2 0
github.com/arunosaur/ninaivalaigal/load-tester/commands.go:444.21,446.5 1 0
github.com/arunosaur/ninaivalaigal/load-tester/commands.go:448.4,449.49 2 0
github.com/arunosaur/ninaivalaigal/load-tester/config.go:60.42,79.2 1 1
github.com/arunosaur/ninaivalaigal/load-tester/config.go:89.41,158.2 1 0
github.com/arunosaur/ninaivalaigal/load-tester/config.go:188.45,285.2 1 0
github.com/arunosaur/ninaivalaigal/load-tester/grpc_tester.go:22.53,24.2 1 0
github.com/arunosaur/ninaivalaigal/load-tester/grpc_tester.go:27.54,29.16 2 0
github.com/arunosaur/ninaivalaigal/load-tester/grpc_tester.go:29.16,31.3 1 0
github.com/arunosaur/ninaivalaigal/load-tester/grpc_tester.go:33.2,38.33 5 0
github.com/arunosaur/ninaivalaigal/load-tester/grpc_tester.go:38.33,40.3 1 0
github.com/arunosaur/ninaivalaigal/load-tester/grpc_tester.go:40.8,42.3 1 0
github.com/arunosaur/ninaivalaigal/load-tester/grpc_tester.go:44.2,44.29 1 0
github.com/arunosaur/ninaivalaigal/load-tester/grpc_tester.go:44.29,46.3 1 0
github.com/arunosaur/ninaivalaigal/load-tester/grpc_tester.go:48.2,48.31 1 0
github.com/arunosaur/ninaivalaigal/load-tester/grpc_tester.go:48.31,50.3 1 0
github.com/arunosaur/ninaivalaigal/load-tester/grpc_tester.go:50.8,52.3 1 0
github.com/arunosaur/ninaivalaigal/load-tester/grpc_tester.go:54.2,57.16 3 0
github.com/arunosaur/ninaivalaigal/load-tester/grpc_tester.go:57.16,59.3 1 0
github.com/arunosaur/ninaivalaigal/load-tester/grpc_tester.go:61.2,64.12 3 0
github.com/arunosaur/ninaivalaigal/load-tester/grpc_tester.go:64.12,66.20 2 0
github.com/arunosaur/ninaivalaigal/load-tester/grpc_tester.go:66.20,69.4 2 0
github.com/arunosaur/ninaivalaigal/load-tester/grpc_tester.go:70.3,70.21 1 0
github.com/arunosaur/ninaivalaigal/load-tester/grpc_tester.go:73.2,73.9 1 0
github.com/arunosaur/ninaivalaigal/load-tester/grpc_tester.go:74.20,75.19 1 0
github.com/arunosaur/ninaivalaigal/load-tester/grpc_tester.go:76.25,77.16 1 0
github.com/arunosaur/ninaivalaigal/load-tester/grpc_tester.go:78.28,79.25 1 0
github.com/arunosaur/ninaivalaigal/load-tester/grpc_tester.go:82.2,82.12 1 0
github.com/arunosaur/ninaivalaigal/load-tester/grpc_tester.go:85.53,89.18 3 0
github.com/arunosaur/ninaivalaigal/load-tester/grpc_tester.go:89.18,91.3 1 0
github.com/arunosaur/ninaivalaigal/load-tester/grpc_tester.go:93.2,93.35 1 0
github.com/arunosaur/ninaivalaigal/load-tester/grpc_tester.go:93.35,95.3 1 0
github.com/arunosaur/ninaivalaigal/load-tester/grpc_tester.go:97.2,97.19 1 0
github.com/arunosaur/ninaivalaigal/load-tester/grpc_tester.go:97.19,99.3 1 0
github.com/arunosaur/ninaivalaigal/load-tester/grpc_tester.go:101.2,101.51 1 0
github.com/arunosaur/ninaivalaigal/load-tester/grpc_tester.go:104.63,111.33 2 0
github.com/arunosaur/ninaivalaigal/load-tester/grpc_tester.go:111.33,113.3 1 0
github.com/arunosaur/ninaivalaigal/load-tester/grpc_tester.go:113.8,114.30 1 0
github.com/arunosaur/ninaivalaigal/load-tester/grpc_tester.go:114.30,116.4 1 0
github.com/arunosaur/ninaivalaigal/load-tester/grpc_tester.go:117.3,117.72 1 0
github.com/arunosaur/ninaivalaigal/load-tester/grpc_tester.go:120.2,120.29 1 0
github.com/arunosaur/ninaivalaigal/load-tester/grpc_tester.go:120.29,122.3 1 0
github.com/arunosaur/ninaivalaigal/load-tester/grpc_tester.go:124.2,124.31 1 0
github.com/arunosaur/ninaivalaigal/load-tester/grpc_tester.go:124.31,127.3 2 0
github.com/arunosaur/ninaivalaigal/load-tester/grpc_tester.go:129.2,130.47 2 0
github.com/arunosaur/ninaivalaigal/load-tester/grpc_tester.go:130.47,132.17 2 0
github.com/arunosaur/ninaivalaigal/load-tester/grpc_tester.go:132.17,134.4 1 0
github.com/arunosaur/ninaivalaigal/load-tester/grpc_tester.go:135.3,135.25 1 0
github.com/arunosaur/ninaivalaigal/load-tester/grpc_tester.go:138.2,138.19 1 0
github.com/arunosaur/ninaivalaigal/load-tester/grpc_tester.go:138.19,140.3 1 0
github.com/arunosaur/ninaivalaigal/load-tester/grpc_tester.go:142.2,142.32 1 0
github.com/arunosaur/ninaivalaigal/load-tester/grpc_tester.go:142.32,144.44 2 0
github.com/arunosaur/ninaivalaigal/load-tester/grpc_tester.go:144.44,146.23 2 0
github.com/arunosaur/ninaivalaigal/load-tester/grpc_tester.go:146.23,148.5 1 0
github.com/arunosaur/ninaivalaigal/load-tester/grpc_tester.go:150.4,152.25 3 0
github.com/arunosaur/ninaivalaigal/load-tester/grpc_tester.go:155.3,155.59 1 0
github.com/arunosaur/ninaivalaigal/load-tester/grpc_tester.go:158.2,158.21 1 0
github.com/arunosaur/ninaivalaigal/load-tester/grpc_tester.go:161.58,163.41 2 0
github.com/arunosaur/ninaivalaigal/load-tester/grpc_tester.go:163.41,165.3 1 0
github.com/arunosaur/ninaivalaigal/load-tester/grpc_tester.go:167.2,171.22 4 0
github.com/arunosaur/ninaivalaigal/load-tester/grpc_tester.go:171.22,174.3 2 0
github.com/arunosaur/ninaivalaigal/load-tester/grpc_tester.go:176.2,179.18 4 0
github.com/arunosaur/ninaivalaigal/load-tester/grpc_tester.go:179.18,181.3 1 0
github.com/arunosaur/ninaivalaigal/load-tester/grpc_tester.go:182.2,189.50 7 0
github.com/arunosaur/ninaivalaigal/load-tester/grpc_tester.go:189.50,191.3 1 0
github.com/arunosaur/ninaivalaigal/load-tester/grpc_tester.go:193.2,193.26 1 0
github.com/arunosaur/ninaivalaigal/load-tester/grpc_tester.go:193.26,195.37 2 0
github.com/arunosaur/ninaivalaigal/load-tester/grpc_tester.go:195.37,197.4 1 0
github.com/arunosaur/ninaivalaigal/load-tester/grpc_tester.go:198.3,198.37 1 0
github.com/arunosaur/ninaivalaigal/load-tester/grpc_tester.go:198.37,200.4 1 0
github.com/arunosaur/ninaivalaigal/load-tester/grpc_tester.go:201.3,201.37 1 0
github.com/arunosaur/ninaivalaigal/load-tester/grpc_tester.go:201.37,203.4 1 0
github.com/arunosaur/ninaivalaigal/load-tester/grpc_tester.go:206.2,206.36 1 0
github.com/arunosaur/ninaivalaigal/load-tester/grpc_tester.go:206.36,208.50 2 0
github.com/arunosaur/ninaivalaigal/load-tester/grpc_tester.go:208.50,211.60 2 0
github.com/arunosaur/ninaivalaigal/load-tester/grpc_tester.go:211.60,212.27 1 0
github.com/arunosaur/ninaivalaigal/load-tester/grpc_tester.go:212.27,214.6 1 0
github.com/arunosaur/ninaivalaigal/load-tester/grpc_tester.go:214.11,216.6 1 0
github.com/arunosaur/ninaivalaigal/load-tester/grpc_tester.go:217.10,219.38 1 0
github.com/arunosaur/ninaivalaigal/load-tester/grpc_tester.go:219.38,221.6 1 0
github.com/arunosaur/ninaivalaigal/load-tester/grpc_tester.go:221.11,223.6 1 0
github.com/arunosaur/ninaivalaigal/load-tester/grpc_tester.go:228.2,228.31 1 0
github.com/arunosaur/ninaivalaigal/load-tester/grpc_tester.go:228.31,230.47 2 0
github.com/arunosaur/ninaivalaigal/load-tester/grpc_tester.go:230.47,232.4 1 0
github.com/arunosaur/ninaivalaigal/load-tester/grpc_tester.go:235.2,235.45 1 0
github.com/arunosaur/ninaivalaigal/load-tester/http_tester.go:28.56,40.19 2 1
github.com/arunosaur/ninaivalaigal/load-tester/http_tester.go:40.19,42.3 1 1
github.com/arunosaur/ninaivalaigal/load-tester/http_tester.go:44.2,51.26 3 1
github.com/arunosaur/ninaivalaigal/load-tester/http_tester.go:51.26,53.3 1 1
github.com/arunosaur/ninaivalaigal/load-tester/http_tester.go:55.2,60.3 1 1
github.com/arunosaur/ninaivalaigal/load-tester/http_tester.go:64.54,72.29 7 1
github.com/arunosaur/ninaivalaigal/load-tester/http_tester.go:72.29,74.3 1 0
github.com/arunosaur/ninaivalaigal/load-tester/http_tester.go:76.2,88.33 5 1
github.com/arunosaur/ninaivalaigal/load-tester/http_tester.go:88.33,89.48 1 1
github.com/arunosaur/ninaivalaigal/load-tester/http_tester.go:89.48,91.4 1 1
github.com/arunosaur/ninaivalaigal/load-tester/http_tester.go:92.3,92.18 1 1
github.com/arunosaur/ninaivalaigal/load-tester/http_tester.go:96.2,101.45 3 1
github.com/arunosaur/ninaivalaigal/load-tester/http_tester.go:101.45,104.25 2 1
github.com/arunosaur/ninaivalaigal/load-tester/http_tester.go:104.25,107.4 2 1
github.com/arunosaur/ninaivalaigal/load-tester/http_tester.go:110.3,110.25 1 1
github.com/arunosaur/ninaivalaigal/load-tester/http_tester.go:110.25,111.11 1 1
github.com/arunosaur/ninaivalaigal/load-tester/http_tester.go:112.22,113.10 1 1
github.com/arunosaur/ninaivalaigal/load-tester/http_tester.go:114.38,114.38 0 0
github.com/arunosaur/ninaivalaigal/load-tester/http_tester.go:120.2,121.12 2 1
github.com/arunosaur/ninaivalaigal/load-tester/http_tester.go:121.12,124.3 2 1
github.com/arunosaur/ninaivalaigal/load-tester/http_tester.go:126.2,126.9 1 1
github.com/arunosaur/ninaivalaigal/load-tester/http_tester.go:127.14,128.43 1 0
github.com/arunosaur/ninaivalaigal/load-tester/http_tester.go:129.40,130.47 1 1
github.com/arunosaur/ninaivalaigal/load-tester/http_tester.go:131.20,132.38 1 1
github.com/arunosaur/ninaivalaigal/load-tester/http_tester.go:136.2,136.28 1 1
github.com/arunosaur/ninaivalaigal/load-tester/http_tester.go:136.28,139.3 2 1
github.com/arunosaur/ninaivalaigal/load-tester/http_tester.go:142.2,144.12 2 1
github.com/arunosaur/ninaivalaigal/load-tester/http_tester.go:148.91,149.6 1 1
github.com/arunosaur/ninaivalaigal/load-tester/http_tester.go:149.6,150.10 1 1
github.com/arunosaur/ninaivalaigal/load-tester/http_tester.go:151.21,152.10 1 1
github.com/arunosaur/ninaivalaigal/load-tester/http_tester.go:153.19,154.36 1 1
github.com/arunosaur/ninaivalaigal/load-tester/http_tester.go:155.11,157.35 1 0
github.com/arunosaur/ninaivalaigal/load-tester/http_tester.go:157.35,159.5 1 0
github.com/arunosaur/ninaivalaigal/load-tester/http_tester.go:161.4,161.30 1 0
github.com/arunosaur/ninaivalaigal/load-tester/http_tester.go:161.30,165.32 2 0
github.com/arunosaur/ninaivalaigal/load-tester/http_tester.go:165.32,166.13 1 0
github.com/arunosaur/ninaivalaigal/load-tester/http_tester.go:167.24,168.13 1 0
github.com/arunosaur/ninaivalaigal/load-tester/http_tester.go:169.45,169.45 0 0
github.com/arunosaur/ninaivalaigal/load-tester/http_tester.go:172.10,174.5 1 0
github.com/arunosaur/ninaivalaigal/load-tester/http_tester.go:180.73,182.23 1 1
github.com/arunosaur/ninaivalaigal/load-tester/http_tester.go:182.23,183.46 1 0
github.com/arunosaur/ninaivalaigal/load-tester/http_tester.go:183.46,185.4 1 0
github.com/arunosaur/ninaivalaigal/load-tester/http_tester.go:188.2,192.26 3 1
github.com/arunosaur/ninaivalaigal/load-tester/http_tester.go:192.26,194.3 1 0
github.com/arunosaur/ninaivalaigal/load-tester/http_tester.go:196.2,197.16 2 1
github.com/arunosaur/ninaivalaigal/load-tester/http_tester.go:197.16,200.3 2 0
github.com/arunosaur/ninaivalaigal/load-tester/http_tester.go:203.2,203.33 1 1
github.com/arunosaur/ninaivalaigal/load-tester/http_tester.go:203.33,205.3 1 1
github.com/arunosaur/ninaivalaigal/load-tester/http_tester.go:207.2,207.43 1 1
github.com/arunosaur/ninaivalaigal/load-tester/http_tester.go:207.43,210.22 2 0
github.com/arunosaur/ninaivalaigal/load-tester/http_tester.go:210.22,214.4 3 0
github.com/arunosaur/ninaivalaigal/load-tester/http_tester.go:218.2,221.16 3 1
github.com/arunosaur/ninaivalaigal/load-tester/http_tester.go:221.16,224.3 2 1
github.com/arunosaur/ninaivalaigal/load-tester/http_tester.go:225.2,225.15 1 1
github.com/arunosaur/ninaivalaigal/load-tester/http_tester.go:225.15,226.43 1 1
github.com/arunosaur/ninaivalaigal/load-tester/http_tester.go:226.43,228.4 1 0
github.com/arunosaur/ninaivalaigal/load-tester/http_tester.go:232.2,233.16 2 1
github.com/arunosaur/ninaivalaigal/load-tester/http_tester.go:233.16,236.3 2 0
github.com/arunosaur/ninaivalaigal/load-tester/http_tester.go:239.2,241.23 2 1
github.com/arunosaur/ninaivalaigal/load-tester/http_tester.go:241.23,243.3 1 0
github.com/arunosaur/ninaivalaigal/load-tester/http_tester.go:247.90,254.43 5 1
github.com/arunosaur/ninaivalaigal/load-tester/http_tester.go:254.43,256.3 1 1
github.com/arunosaur/ninaivalaigal/load-tester/http_tester.go:256.8,256.30 1 1
github.com/arunosaur/ninaivalaigal/load-tester/http_tester.go:256.30,258.3 1 1
github.com/arunosaur/ninaivalaigal/load-tester/http_tester.go:261.2,263.68 2 1
github.com/arunosaur/ninaivalaigal/load-tester/http_tester.go:263.68,265.3 1 1
github.com/arunosaur/ninaivalaigal/load-tester/http_tester.go:266.2,266.38 1 1
github.com/arunosaur/ninaivalaigal/load-tester/http_tester.go:266.38,268.3 1 1
github.com/arunosaur/ninaivalaigal/load-tester/http_tester.go:271.2,271.35 1 1
github.com/arunosaur/ninaivalaigal/load-tester/http_tester.go:271.35,273.3 1 0
github.com/arunosaur/ninaivalaigal/load-tester/http_tester.go:274.2,274.38 1 1
github.com/arunosaur/ninaivalaigal/load-tester/http_tester.go:278.70,285.30 5 1
github.com/arunosaur/ninaivalaigal/load-tester/http_tester.go:285.30,287.3 1 0
github.com/arunosaur/ninaivalaigal/load-tester/http_tester.go:288.2,290.23 2 1
github.com/arunosaur/ninaivalaigal/load-tester/http_tester.go:290.23,292.3 1 0
github.com/arunosaur/ninaivalaigal/load-tester/http_tester.go:296.59,299.19 2 1
github.com/arunosaur/ninaivalaigal/load-tester/http_tester.go:299.19,301.3 1 0
github.com/arunosaur/ninaivalaigal/load-tester/http_tester.go:302.2,305.6 3 1
github.com/arunosaur/ninaivalaigal/load-tester/http_tester.go:305.6,306.10 1 1
github.com/arunosaur/ninaivalaigal/load-tester/http_tester.go:307.21,308.10 1 1
github.com/arunosaur/ninaivalaigal/load-tester/http_tester.go:309.19,314.36 3 1
github.com/arunosaur/ninaivalaigal/load-tester/http_tester.go:314.36,316.5 1 1
github.com/arunosaur/ninaivalaigal/load-tester/http_tester.go:317.4,317.19 1 1
github.com/arunosaur/ninaivalaigal/load-tester/http_tester.go:323.59,326.19 2 1
github.com/arunosaur/ninaivalaigal/load-tester/http_tester.go:326.19,328.3 1 0
github.com/arunosaur/ninaivalaigal/load-tester/http_tester.go:329.2,334.6 4 1
github.com/arunosaur/ninaivalaigal/load-tester/http_tester.go:334.6,335.10 1 1
github.com/arunosaur/ninaivalaigal/load-tester/http_tester.go:336.21,337.10 1 1
github.com/arunosaur/ninaivalaigal/load-tester/http_tester.go:338.19,349.23 7 1
github.com/arunosaur/ninaivalaigal/load-tester/http_tester.go:355.42,367.16 9 1
github.com/arunosaur/ninaivalaigal/load-tester/http_tester.go:367.16,369.3 1 1
github.com/arunosaur/ninaivalaigal/load-tester/http_tester.go:370.2,374.35 3 1
github.com/arunosaur/ninaivalaigal/load-tester/http_tester.go:374.35,381.3 6 1
github.com/arunosaur/ninaivalaigal/load-tester/http_tester.go:384.2,384.37 1 1
github.com/arunosaur/ninaivalaigal/load-tester/http_tester.go:384.37,386.51 2 1
github.com/arunosaur/ninaivalaigal/load-tester/http_tester.go:386.51,388.33 2 1
github.com/arunosaur/ninaivalaigal/load-tester/http_tester.go:388.33,390.5 1 1
github.com/arunosaur/ninaivalaigal/load-tester/http_tester.go:390.10,390.26 1 0
github.com/arunosaur/ninaivalaigal/load-tester/http_tester.go:390.26,392.5 1 0
github.com/arunosaur/ninaivalaigal/load-tester/http_tester.go:392.10,394.5 1 0
github.com/arunosaur/ninaivalaigal/load-tester/http_tester.go:399.2,399.32 1 1
github.com/arunosaur/ninaivalaigal/load-tester/http_tester.go:399.32,401.45 2 1
github.com/arunosaur/ninaivalaigal/load-tester/http_tester.go:401.45,403.4 1 1
github.com/arunosaur/ninaivalaigal/load-tester/http_tester.go:407.2,408.20 2 1
github.com/arunosaur/ninaivalaigal/load-tester/http_tester.go:408.20,413.3 4 1
github.com/arunosaur/ninaivalaigal/load-tester/http_tester.go:415.2,415.59 1 1
github.com/arunosaur/ninaivalaigal/load-tester/main.go:25.13,77.12 12 0
github.com/arunosaur/ninaivalaigal/load-tester/main.go:77.12,83.3 5 0
github.com/arunosaur/ninaivalaigal/load-tester/main.go:86.2,86.52 1 0
github.com/arunosaur/ninaivalaigal/load-tester/main.go:86.52,89.3 2 0
github.com/arunosaur/ninaivalaigal/load-tester/main.go:93.13,102.16 2 1
github.com/arunosaur/ninaivalaigal/load-tester/main.go:102.16,104.3 1 0
github.com/arunosaur/ninaivalaigal/load-tester/main.go:107.2,107.46 1 1
github.com/arunosaur/ninaivalaigal/load-tester/results.go:51.36,59.2 1 1
github.com/arunosaur/ninaivalaigal/load-tester/results.go:62.60,63.36 1 1
github.com/arunosaur/ninaivalaigal/load-tester/results.go:63.36,65.3 1 0
github.com/arunosaur/ninaivalaigal/load-tester/results.go:67.2,68.47 2 1
github.com/arunosaur/ninaivalaigal/load-tester/results.go:68.47,70.3 1 1
github.com/arunosaur/ninaivalaigal/load-tester/results.go:72.2,72.57 1 1
github.com/arunosaur/ninaivalaigal/load-tester/results.go:76.77,77.36 1 1
github.com/arunosaur/ninaivalaigal/load-tester/results.go:77.36,79.3 1 0
github.com/arunosaur/ninaivalaigal/load-tester/results.go:82.2,84.41 3 1
github.com/arunosaur/ninaivalaigal/load-tester/results.go:84.41,86.3 1 1
github.com/arunosaur/ninaivalaigal/load-tester/results.go:88.2,89.26 2 1
github.com/arunosaur/ninaivalaigal/load-tester/results.go:89.26,91.3 1 0
github.com/arunosaur/ninaivalaigal/load-tester/results.go:93.2,93.22 1 1
github.com/arunosaur/ninaivalaigal/load-tester/results.go:97.35,101.35 3 0
github.com/arunosaur/ninaivalaigal/load-tester/results.go:101.35,103.3 1 0
github.com/arunosaur/ninaivalaigal/load-tester/results.go:106.2,106.27 1 0
github.com/arunosaur/ninaivalaigal/load-tester/results.go:106.27,108.48 1 0
github.com/arunosaur/ninaivalaigal/load-tester/results.go:108.48,110.4 1 0
github.com/arunosaur/ninaivalaigal/load-tester/results.go:113.3,119.40 5 0
github.com/arunosaur/ninaivalaigal/load-tester/results.go:119.40,121.4 1 0
github.com/arunosaur/ninaivalaigal/load-tester/results.go:122.3,122.60 1 0
github.com/arunosaur/ninaivalaigal/load-tester/results.go:127.72,128.28 1 0
github.com/arunosaur/ninaivalaigal/load-tester/results.go:128.28,130.3 1 0
github.com/arunosaur/ninaivalaigal/load-tester/results.go:132.2,133.32 2 0
github.com/arunosaur/ninaivalaigal/load-tester/results.go:133.32,135.3 1 0
github.com/arunosaur/ninaivalaigal/load-tester/results.go:137.2,137.28 1 0
github.com/arunosaur/ninaivalaigal/load-tester/results.go:141.49,142.27 1 0
github.com/arunosaur/ninaivalaigal/load-tester/results.go:142.27,144.3 1 0
github.com/arunosaur/ninaivalaigal/load-tester/results.go:145.2,145.73 1 0
github.com/arunosaur/ninaivalaigal/load-tester/results.go:149.47,150.27 1 0
github.com/arunosaur/ninaivalaigal/load-tester/results.go:150.27,152.3 1 0
github.com/arunosaur/ninaivalaigal/load-tester/results.go:153.2,153.69 1 0
github.com/arunosaur/ninaivalaigal/load-tester/results.go:157.52,158.36 1 0
github.com/arunosaur/ninaivalaigal/load-tester/results.go:158.36,160.3 1 0
github.com/arunosaur/ninaivalaigal/load-tester/results.go:161.2,161.73 1 0
github.com/arunosaur/ninaivalaigal/load-tester/results.go:165.79,167.2 1 0
github.com/arunosaur/ninaivalaigal/load-tester/results.go:183.51,195.2 1 0
github.com/arunosaur/ninaivalaigal/load-tester/results.go:198.41,209.2 3 0
github.com/arunosaur/ninaivalaigal/load-tester/results.go:212.49,213.20 1 0
github.com/arunosaur/ninaivalaigal/load-tester/results.go:213.20,215.3 1 0
github.com/arunosaur/ninaivalaigal/load-tester/results.go:217.2,218.22 2 0
github.com/arunosaur/ninaivalaigal/load-tester/results.go:218.22,220.3 1 0
github.com/arunosaur/ninaivalaigal/load-tester/results.go:220.8,220.29 1 0
github.com/arunosaur/ninaivalaigal/load-tester/results.go:220.29,222.3 1 0
github.com/arunosaur/ninaivalaigal/load-tester/results.go:224.2,224.35 1 0
github.com/arunosaur/ninaivalaigal/load-tester/results.go:224.35,226.3 1 0
github.com/arunosaur/ninaivalaigal/load-tester/results.go:226.8,226.40 1 0
github.com/arunosaur/ninaivalaigal/load-tester/results.go:226.40,228.3 1 0
github.com/arunosaur/ninaivalaigal/load-tester/results.go:230.2,230.19 1 0
github.com/arunosaur/ninaivalaigal/load-tester/test_build.go:10.18,27.2 9 0
github.com/arunosaur/ninaivalaigal/load-tester/validate_tester.go:30.56,38.2 1 0
github.com/arunosaur/ninaivalaigal/load-tester/validate_tester.go:41.67,63.29 7 0
github.com/arunosaur/ninaivalaigal/load-tester/validate_tester.go:63.29,68.21 3 0
github.com/arunosaur/ninaivalaigal/load-tester/validate_tester.go:68.21,71.4 2 0
github.com/arunosaur/ninaivalaigal/load-tester/validate_tester.go:71.9,73.27 2 0
github.com/arunosaur/ninaivalaigal/load-tester/validate_tester.go:73.27,75.5 1 0
github.com/arunosaur/ninaivalaigal/load-tester/validate_tester.go:79.2,84.34 3 0
github.com/arunosaur/ninaivalaigal/load-tester/validate_tester.go:84.34,87.3 2 0
github.com/arunosaur/ninaivalaigal/load-tester/validate_tester.go:87.8,90.3 1 0
github.com/arunosaur/ninaivalaigal/load-tester/validate_tester.go:94.83,98.16 3 0
github.com/arunosaur/ninaivalaigal/load-tester/validate_tester.go:98.16,105.3 1 0
github.com/arunosaur/ninaivalaigal/load-tester/validate_tester.go:107.2,108.16 2 0
github.com/arunosaur/ninaivalaigal/load-tester/validate_tester.go:108.16,115.3 1 0
github.com/arunosaur/ninaivalaigal/load-tester/validate_tester.go:116.2,116.15 1 0
github.com/arunosaur/ninaivalaigal/load-tester/validate_tester.go:116.15,117.43 1 0
github.com/arunosaur/ninaivalaigal/load-tester/validate_tester.go:117.43,119.4 1 0
github.com/arunosaur/ninaivalaigal/load-tester/validate_tester.go:122.2,124.28 2 0
github.com/arunosaur/ninaivalaigal/load-tester/validate_tester.go:124.28,132.3 1 0
github.com/arunosaur/ninaivalaigal/load-tester/validate_tester.go:134.2,142.3 3 0
github.com/arunosaur/ninaivalaigal/load-tester/validate_tester.go:146.81,150.16 3 0
github.com/arunosaur/ninaivalaigal/load-tester/validate_tester.go:150.16,157.3 1 0
github.com/arunosaur/ninaivalaigal/load-tester/validate_tester.go:159.2,160.16 2 0
github.com/arunosaur/ninaivalaigal/load-tester/validate_tester.go:160.16,167.3 1 0
github.com/arunosaur/ninaivalaigal/load-tester/validate_tester.go:168.2,168.15 1 0
github.com/arunosaur/ninaivalaigal/load-tester/validate_tester.go:168.15,169.43 1 0
github.com/arunosaur/ninaivalaigal/load-tester/validate_tester.go:169.43,171.4 1 0
github.com/arunosaur/ninaivalaigal/load-tester/validate_tester.go:174.2,183.3 4 0
github.com/arunosaur/ninaivalaigal/load-tester/validate_tester.go:187.80,191.16 3 0
github.com/arunosaur/ninaivalaigal/load-tester/validate_tester.go:191.16,198.3 1 0
github.com/arunosaur/ninaivalaigal/load-tester/validate_tester.go:200.2,201.16 2 0
github.com/arunosaur/ninaivalaigal/load-tester/validate_tester.go:201.16,208.3 1 0
github.com/arunosaur/ninaivalaigal/load-tester/validate_tester.go:209.2,209.15 1 0
github.com/arunosaur/ninaivalaigal/load-tester/validate_tester.go:209.15,210.43 1 0
github.com/arunosaur/ninaivalaigal/load-tester/validate_tester.go:210.43,212.4 1 0
github.com/arunosaur/ninaivalaigal/load-tester/validate_tester.go:215.2,217.50 2 0
github.com/arunosaur/ninaivalaigal/load-tester/validate_tester.go:217.50,224.3 1 0
github.com/arunosaur/ninaivalaigal/load-tester/validate_tester.go:226.2,234.3 3 0
github.com/arunosaur/ninaivalaigal/load-tester/validate_tester.go:238.83,243.16 3 0
github.com/arunosaur/ninaivalaigal/load-tester/validate_tester.go:243.16,250.3 1 0
github.com/arunosaur/ninaivalaigal/load-tester/validate_tester.go:252.2,255.16 3 0
github.com/arunosaur/ninaivalaigal/load-tester/validate_tester.go:255.16,262.3 1 0
github.com/arunosaur/ninaivalaigal/load-tester/validate_tester.go:263.2,263.15 1 0
github.com/arunosaur/ninaivalaigal/load-tester/validate_tester.go:263.15,264.43 1 0
github.com/arunosaur/ninaivalaigal/load-tester/validate_tester.go:264.43,266.4 1 0
github.com/arunosaur/ninaivalaigal/load-tester/validate_tester.go:269.2,279.3 4 0
github.com/arunosaur/ninaivalaigal/load-tester/validate_tester.go:283.81,287.16 3 0
github.com/arunosaur/ninaivalaigal/load-tester/validate_tester.go:287.16,294.3 1 0
github.com/arunosaur/ninaivalaigal/load-tester/validate_tester.go:296.2,297.16 2 0
github.com/arunosaur/ninaivalaigal/load-tester/validate_tester.go:297.16,304.3 1 0
github.com/arunosaur/ninaivalaigal/load-tester/validate_tester.go:305.2,305.15 1 0
github.com/arunosaur/ninaivalaigal/load-tester/validate_tester.go:305.15,306.43 1 0
github.com/arunosaur/ninaivalaigal/load-tester/validate_tester.go:306.43,308.4 1 0
github.com/arunosaur/ninaivalaigal/load-tester/validate_tester.go:311.2,320.3 4 0
github.com/arunosaur/ninaivalaigal/load-tester/validate_tester.go:324.79,328.16 3 0
github.com/arunosaur/ninaivalaigal/load-tester/validate_tester.go:328.16,335.3 1 0
github.com/arunosaur/ninaivalaigal/load-tester/validate_tester.go:337.2,340.16 3 0
github.com/arunosaur/ninaivalaigal/load-tester/validate_tester.go:340.16,347.3 1 0
github.com/arunosaur/ninaivalaigal/load-tester/validate_tester.go:348.2,348.15 1 0
github.com/arunosaur/ninaivalaigal/load-tester/validate_tester.go:348.15,349.43 1 0
github.com/arunosaur/ninaivalaigal/load-tester/validate_tester.go:349.43,351.4 1 0
github.com/arunosaur/ninaivalaigal/load-tester/validate_tester.go:354.2,363.3 4 0
github.com/arunosaur/ninaivalaigal/load-tester/validate_tester.go:367.82,374.25 4 0
github.com/arunosaur/ninaivalaigal/load-tester/validate_tester.go:374.25,377.17 3 0
github.com/arunosaur/ninaivalaigal/load-tester/validate_tester.go:377.17,378.12 1 0
github.com/arunosaur/ninaivalaigal/load-tester/validate_tester.go:381.3,385.17 4 0
github.com/arunosaur/ninaivalaigal/load-tester/validate_tester.go:385.17,386.54 1 0
github.com/arunosaur/ninaivalaigal/load-tester/validate_tester.go:386.54,388.5 1 0
github.com/arunosaur/ninaivalaigal/load-tester/validate_tester.go:389.4,389.24 1 0
github.com/arunosaur/ninaivalaigal/load-tester/validate_tester.go:393.2,395.28 2 0
github.com/arunosaur/ninaivalaigal/load-tester/validate_tester.go:395.28,402.3 2 0
github.com/arunosaur/ninaivalaigal/load-tester/validate_tester.go:404.2,408.3 1 0
github.com/arunosaur/ninaivalaigal/load-tester/validate_tester.go:412.82,417.16 3 0
github.com/arunosaur/ninaivalaigal/load-tester/validate_tester.go:417.16,424.3 1 0
github.com/arunosaur/ninaivalaigal/load-tester/validate_tester.go:426.2,429.16 3 0
github.com/arunosaur/ninaivalaigal/load-tester/validate_tester.go:429.16,436.3 1 0
github.com/arunosaur/ninaivalaigal/load-tester/validate_tester.go:437.2,437.15 1 0
github.com/arunosaur/ninaivalaigal/load-tester/validate_tester.go:437.15,438.43 1 0
github.com/arunosaur/ninaivalaigal/load-tester/validate_tester.go:438.43,440.4 1 0
github.com/arunosaur/ninaivalaigal/load-tester/validate_tester.go:444.2,452.3 3 0
