mode: set
github.com/ninaivalaigal/cli-tools/config.go:57.52,148.2 1 0
github.com/ninaivalaigal/cli-tools/config.go:151.43,165.2 1 0
github.com/ninaivalaigal/cli-tools/config.go:168.42,183.2 1 0
github.com/ninaivalaigal/cli-tools/config.go:186.43,202.2 1 0
github.com/ninaivalaigal/cli-tools/config.go:205.51,250.2 1 0
github.com/ninaivalaigal/cli-tools/config_commands.go:18.43,37.2 3 0
github.com/ninaivalaigal/cli-tools/config_commands.go:40.47,51.55 2 0
github.com/ninaivalaigal/cli-tools/config_commands.go:51.55,53.21 2 0
github.com/ninaivalaigal/cli-tools/config_commands.go:53.21,55.5 1 0
github.com/ninaivalaigal/cli-tools/config_commands.go:57.4,57.17 1 0
github.com/ninaivalaigal/cli-tools/config_commands.go:57.17,60.21 2 0
github.com/ninaivalaigal/cli-tools/config_commands.go:60.21,62.6 1 0
github.com/ninaivalaigal/cli-tools/config_commands.go:64.5,64.19 1 0
github.com/ninaivalaigal/cli-tools/config_commands.go:65.17,67.31 2 0
github.com/ninaivalaigal/cli-tools/config_commands.go:68.17,70.29 2 0
github.com/ninaivalaigal/cli-tools/config_commands.go:71.13,72.40 1 0
github.com/ninaivalaigal/cli-tools/config_commands.go:74.10,78.19 2 0
github.com/ninaivalaigal/cli-tools/config_commands.go:79.17,81.31 2 0
github.com/ninaivalaigal/cli-tools/config_commands.go:82.17,84.29 2 0
github.com/ninaivalaigal/cli-tools/config_commands.go:85.13,86.39 1 0
github.com/ninaivalaigal/cli-tools/config_commands.go:90.4,90.14 1 0
github.com/ninaivalaigal/cli-tools/config_commands.go:94.2,97.12 3 0
github.com/ninaivalaigal/cli-tools/config_commands.go:101.46,112.55 2 0
github.com/ninaivalaigal/cli-tools/config_commands.go:112.55,117.70 3 0
github.com/ninaivalaigal/cli-tools/config_commands.go:117.70,120.5 1 0
github.com/ninaivalaigal/cli-tools/config_commands.go:123.4,126.14 2 0
github.com/ninaivalaigal/cli-tools/config_commands.go:126.14,127.40 1 0
github.com/ninaivalaigal/cli-tools/config_commands.go:127.40,129.6 1 0
github.com/ninaivalaigal/cli-tools/config_commands.go:130.5,130.52 1 0
github.com/ninaivalaigal/cli-tools/config_commands.go:131.10,134.5 2 0
github.com/ninaivalaigal/cli-tools/config_commands.go:136.4,137.14 2 0
github.com/ninaivalaigal/cli-tools/config_commands.go:141.2,144.12 3 0
github.com/ninaivalaigal/cli-tools/config_commands.go:148.46,156.55 2 0
github.com/ninaivalaigal/cli-tools/config_commands.go:156.55,160.20 3 0
github.com/ninaivalaigal/cli-tools/config_commands.go:160.20,161.27 1 0
github.com/ninaivalaigal/cli-tools/config_commands.go:161.27,163.6 1 0
github.com/ninaivalaigal/cli-tools/config_commands.go:163.11,165.6 1 0
github.com/ninaivalaigal/cli-tools/config_commands.go:166.10,168.5 1 0
github.com/ninaivalaigal/cli-tools/config_commands.go:170.4,170.14 1 0
github.com/ninaivalaigal/cli-tools/config_commands.go:174.2,176.12 2 0
github.com/ninaivalaigal/cli-tools/config_commands.go:180.47,191.55 2 0
github.com/ninaivalaigal/cli-tools/config_commands.go:191.55,194.24 2 0
github.com/ninaivalaigal/cli-tools/config_commands.go:194.24,197.5 2 0
github.com/ninaivalaigal/cli-tools/config_commands.go:200.4,200.59 1 0
github.com/ninaivalaigal/cli-tools/config_commands.go:200.59,202.5 1 0
github.com/ninaivalaigal/cli-tools/config_commands.go:205.4,208.15 2 0
github.com/ninaivalaigal/cli-tools/config_commands.go:208.15,210.5 1 0
github.com/ninaivalaigal/cli-tools/config_commands.go:213.4,214.18 2 0
github.com/ninaivalaigal/cli-tools/config_commands.go:214.18,216.5 1 0
github.com/ninaivalaigal/cli-tools/config_commands.go:218.4,218.63 1 0
github.com/ninaivalaigal/cli-tools/config_commands.go:218.63,220.5 1 0
github.com/ninaivalaigal/cli-tools/config_commands.go:222.4,224.15 2 0
github.com/ninaivalaigal/cli-tools/config_commands.go:224.15,227.5 2 0
github.com/ninaivalaigal/cli-tools/config_commands.go:229.4,229.14 1 0
github.com/ninaivalaigal/cli-tools/config_commands.go:233.2,237.12 4 0
github.com/ninaivalaigal/cli-tools/config_commands.go:241.50,252.56 2 0
github.com/ninaivalaigal/cli-tools/config_commands.go:252.56,262.41 8 0
github.com/ninaivalaigal/cli-tools/config_commands.go:262.41,264.48 2 0
github.com/ninaivalaigal/cli-tools/config_commands.go:264.48,266.7 1 0
github.com/ninaivalaigal/cli-tools/config_commands.go:268.6,272.8 1 0
github.com/ninaivalaigal/cli-tools/config_commands.go:275.5,276.15 2 0
github.com/ninaivalaigal/cli-tools/config_commands.go:283.56,288.16 4 0
github.com/ninaivalaigal/cli-tools/config_commands.go:288.16,290.6 1 0
github.com/ninaivalaigal/cli-tools/config_commands.go:292.5,296.62 4 0
github.com/ninaivalaigal/cli-tools/config_commands.go:296.62,300.40 4 0
github.com/ninaivalaigal/cli-tools/config_commands.go:300.40,302.7 1 0
github.com/ninaivalaigal/cli-tools/config_commands.go:305.5,305.15 1 0
github.com/ninaivalaigal/cli-tools/config_commands.go:312.56,317.16 4 0
github.com/ninaivalaigal/cli-tools/config_commands.go:317.16,319.6 1 0
github.com/ninaivalaigal/cli-tools/config_commands.go:322.5,322.62 1 0
github.com/ninaivalaigal/cli-tools/config_commands.go:322.62,325.40 3 0
github.com/ninaivalaigal/cli-tools/config_commands.go:325.40,327.7 1 0
github.com/ninaivalaigal/cli-tools/config_commands.go:330.5,335.15 4 0
github.com/ninaivalaigal/cli-tools/config_commands.go:340.2,340.12 1 0
github.com/ninaivalaigal/cli-tools/config_commands.go:344.51,349.55 1 0
github.com/ninaivalaigal/cli-tools/config_commands.go:349.55,354.24 3 0
github.com/ninaivalaigal/cli-tools/config_commands.go:354.24,357.5 2 0
github.com/ninaivalaigal/cli-tools/config_commands.go:359.4,360.31 2 0
github.com/ninaivalaigal/cli-tools/config_commands.go:360.31,362.5 1 0
github.com/ninaivalaigal/cli-tools/config_commands.go:364.4,364.84 1 0
github.com/ninaivalaigal/cli-tools/config_commands.go:368.2,368.12 1 0
github.com/ninaivalaigal/cli-tools/config_commands.go:372.49,382.55 2 0
github.com/ninaivalaigal/cli-tools/config_commands.go:382.55,388.18 4 0
github.com/ninaivalaigal/cli-tools/config_commands.go:389.16,390.55 1 0
github.com/ninaivalaigal/cli-tools/config_commands.go:391.16,392.39 1 0
github.com/ninaivalaigal/cli-tools/config_commands.go:393.12,394.56 1 0
github.com/ninaivalaigal/cli-tools/config_commands.go:397.4,397.18 1 0
github.com/ninaivalaigal/cli-tools/config_commands.go:397.18,399.5 1 0
github.com/ninaivalaigal/cli-tools/config_commands.go:401.4,401.59 1 0
github.com/ninaivalaigal/cli-tools/config_commands.go:401.59,403.5 1 0
github.com/ninaivalaigal/cli-tools/config_commands.go:405.4,406.14 2 0
github.com/ninaivalaigal/cli-tools/config_commands.go:410.2,413.12 3 0
github.com/ninaivalaigal/cli-tools/config_commands.go:417.49,427.55 2 0
github.com/ninaivalaigal/cli-tools/config_commands.go:427.55,430.18 2 0
github.com/ninaivalaigal/cli-tools/config_commands.go:430.18,432.5 1 0
github.com/ninaivalaigal/cli-tools/config_commands.go:435.4,438.15 3 0
github.com/ninaivalaigal/cli-tools/config_commands.go:439.17,440.40 1 0
github.com/ninaivalaigal/cli-tools/config_commands.go:441.25,442.40 1 0
github.com/ninaivalaigal/cli-tools/config_commands.go:443.12,444.58 1 0
github.com/ninaivalaigal/cli-tools/config_commands.go:447.4,447.18 1 0
github.com/ninaivalaigal/cli-tools/config_commands.go:447.18,449.5 1 0
github.com/ninaivalaigal/cli-tools/config_commands.go:452.4,452.13 1 0
github.com/ninaivalaigal/cli-tools/config_commands.go:452.13,454.36 1 0
github.com/ninaivalaigal/cli-tools/config_commands.go:454.36,456.6 1 0
github.com/ninaivalaigal/cli-tools/config_commands.go:457.10,459.42 1 0
github.com/ninaivalaigal/cli-tools/config_commands.go:459.42,461.6 1 0
github.com/ninaivalaigal/cli-tools/config_commands.go:462.5,462.36 1 0
github.com/ninaivalaigal/cli-tools/config_commands.go:462.36,464.6 1 0
github.com/ninaivalaigal/cli-tools/config_commands.go:468.4,468.39 1 0
github.com/ninaivalaigal/cli-tools/config_commands.go:468.39,470.5 1 0
github.com/ninaivalaigal/cli-tools/config_commands.go:472.4,473.14 2 0
github.com/ninaivalaigal/cli-tools/config_commands.go:477.2,479.54 3 0
github.com/ninaivalaigal/cli-tools/config_commands.go:479.54,481.3 1 0
github.com/ninaivalaigal/cli-tools/config_commands.go:483.2,483.12 1 0
github.com/ninaivalaigal/cli-tools/config_commands.go:489.72,493.66 2 0
github.com/ninaivalaigal/cli-tools/config_commands.go:493.66,495.3 1 0
github.com/ninaivalaigal/cli-tools/config_commands.go:498.2,498.60 1 0
github.com/ninaivalaigal/cli-tools/config_commands.go:498.60,500.3 1 0
github.com/ninaivalaigal/cli-tools/config_commands.go:502.2,515.16 9 0
github.com/ninaivalaigal/cli-tools/config_commands.go:519.113,520.35 1 0
github.com/ninaivalaigal/cli-tools/config_commands.go:520.35,522.19 2 0
github.com/ninaivalaigal/cli-tools/config_commands.go:522.19,524.4 1 0
github.com/ninaivalaigal/cli-tools/config_commands.go:527.3,527.41 1 0
github.com/ninaivalaigal/cli-tools/config_commands.go:527.41,528.12 1 0
github.com/ninaivalaigal/cli-tools/config_commands.go:531.3,531.28 1 0
github.com/ninaivalaigal/cli-tools/config_commands.go:532.31,534.50 1 0
github.com/ninaivalaigal/cli-tools/config_commands.go:535.11,538.26 2 0
github.com/ninaivalaigal/cli-tools/config_commands.go:538.26,540.5 1 0
github.com/ninaivalaigal/cli-tools/config_commands.go:542.4,543.31 2 0
github.com/ninaivalaigal/cli-tools/config_commands.go:543.31,545.5 1 0
github.com/ninaivalaigal/cli-tools/config_commands.go:546.4,546.87 1 0
github.com/ninaivalaigal/cli-tools/config_commands.go:546.87,548.5 1 0
github.com/ninaivalaigal/cli-tools/config_commands.go:550.4,550.53 1 0
github.com/ninaivalaigal/cli-tools/config_commands.go:556.37,561.40 2 0
github.com/ninaivalaigal/cli-tools/config_commands.go:561.40,562.39 1 0
github.com/ninaivalaigal/cli-tools/config_commands.go:562.39,564.4 1 0
github.com/ninaivalaigal/cli-tools/config_commands.go:567.2,567.14 1 0
github.com/ninaivalaigal/cli-tools/config_commands.go:571.51,596.2 1 0
github.com/ninaivalaigal/cli-tools/config_commands.go:599.77,601.69 1 0
github.com/ninaivalaigal/cli-tools/config_commands.go:601.69,602.52 1 0
github.com/ninaivalaigal/cli-tools/config_commands.go:602.52,603.60 1 0
github.com/ninaivalaigal/cli-tools/config_commands.go:603.60,612.5 3 0
github.com/ninaivalaigal/cli-tools/config_commands.go:617.2,619.15 2 0
github.com/ninaivalaigal/cli-tools/config_commands.go:623.39,628.35 3 0
github.com/ninaivalaigal/cli-tools/config_commands.go:628.35,630.16 2 0
github.com/ninaivalaigal/cli-tools/config_commands.go:630.16,632.4 1 0
github.com/ninaivalaigal/cli-tools/config_commands.go:636.2,639.38 4 0
github.com/ninaivalaigal/cli-tools/config_commands.go:639.38,640.29 1 0
github.com/ninaivalaigal/cli-tools/config_commands.go:640.29,642.9 2 0
github.com/ninaivalaigal/cli-tools/config_commands.go:645.2,645.20 1 0
github.com/ninaivalaigal/cli-tools/config_commands.go:645.20,648.3 1 0
github.com/ninaivalaigal/cli-tools/config_commands.go:650.2,650.15 1 0
github.com/ninaivalaigal/cli-tools/config_commands.go:654.25,656.22 2 0
github.com/ninaivalaigal/cli-tools/config_commands.go:656.22,659.3 2 0
github.com/ninaivalaigal/cli-tools/config_commands.go:661.2,661.40 1 0
github.com/ninaivalaigal/cli-tools/graph_commands.go:41.42,61.2 3 0
github.com/ninaivalaigal/cli-tools/graph_commands.go:64.47,79.55 2 0
github.com/ninaivalaigal/cli-tools/graph_commands.go:79.55,80.21 1 0
github.com/ninaivalaigal/cli-tools/graph_commands.go:80.21,82.5 1 0
github.com/ninaivalaigal/cli-tools/graph_commands.go:84.4,84.19 1 0
github.com/ninaivalaigal/cli-tools/graph_commands.go:84.19,86.93 1 0
github.com/ninaivalaigal/cli-tools/graph_commands.go:86.93,88.51 2 0
github.com/ninaivalaigal/cli-tools/graph_commands.go:88.51,90.7 1 0
github.com/ninaivalaigal/cli-tools/graph_commands.go:90.12,92.7 1 0
github.com/ninaivalaigal/cli-tools/graph_commands.go:96.4,96.19 1 0
github.com/ninaivalaigal/cli-tools/graph_commands.go:96.19,98.5 1 0
github.com/ninaivalaigal/cli-tools/graph_commands.go:101.4,102.24 2 0
github.com/ninaivalaigal/cli-tools/graph_commands.go:102.24,103.71 1 0
github.com/ninaivalaigal/cli-tools/graph_commands.go:103.71,105.6 1 0
github.com/ninaivalaigal/cli-tools/graph_commands.go:109.4,109.15 1 0
github.com/ninaivalaigal/cli-tools/graph_commands.go:109.15,111.5 1 0
github.com/ninaivalaigal/cli-tools/graph_commands.go:112.4,112.15 1 0
github.com/ninaivalaigal/cli-tools/graph_commands.go:112.15,114.5 1 0
github.com/ninaivalaigal/cli-tools/graph_commands.go:117.4,134.18 6 0
github.com/ninaivalaigal/cli-tools/graph_commands.go:134.18,136.5 1 0
github.com/ninaivalaigal/cli-tools/graph_commands.go:138.4,138.32 1 0
github.com/ninaivalaigal/cli-tools/graph_commands.go:138.32,140.5 1 0
github.com/ninaivalaigal/cli-tools/graph_commands.go:142.4,142.28 1 0
github.com/ninaivalaigal/cli-tools/graph_commands.go:142.28,144.5 1 0
github.com/ninaivalaigal/cli-tools/graph_commands.go:147.4,148.31 2 0
github.com/ninaivalaigal/cli-tools/graph_commands.go:148.31,150.5 1 0
github.com/ninaivalaigal/cli-tools/graph_commands.go:152.4,152.14 1 0
github.com/ninaivalaigal/cli-tools/graph_commands.go:156.2,164.12 8 0
github.com/ninaivalaigal/cli-tools/graph_commands.go:168.48,180.56 2 1
github.com/ninaivalaigal/cli-tools/graph_commands.go:180.56,182.5 1 0
github.com/ninaivalaigal/cli-tools/graph_commands.go:187.56,189.5 1 0
github.com/ninaivalaigal/cli-tools/graph_commands.go:194.56,196.5 1 0
github.com/ninaivalaigal/cli-tools/graph_commands.go:201.56,203.5 1 0
github.com/ninaivalaigal/cli-tools/graph_commands.go:207.2,207.12 1 1
github.com/ninaivalaigal/cli-tools/graph_commands.go:211.47,216.55 1 0
github.com/ninaivalaigal/cli-tools/graph_commands.go:216.55,228.38 3 0
github.com/ninaivalaigal/cli-tools/graph_commands.go:228.38,230.52 2 0
github.com/ninaivalaigal/cli-tools/graph_commands.go:230.52,232.6 1 0
github.com/ninaivalaigal/cli-tools/graph_commands.go:235.4,235.14 1 0
github.com/ninaivalaigal/cli-tools/graph_commands.go:239.2,239.12 1 0
github.com/ninaivalaigal/cli-tools/graph_commands.go:243.55,255.55 2 0
github.com/ninaivalaigal/cli-tools/graph_commands.go:255.55,256.19 1 0
github.com/ninaivalaigal/cli-tools/graph_commands.go:256.19,258.5 1 0
github.com/ninaivalaigal/cli-tools/graph_commands.go:261.4,278.18 6 0
github.com/ninaivalaigal/cli-tools/graph_commands.go:278.18,280.5 1 0
github.com/ninaivalaigal/cli-tools/graph_commands.go:282.4,282.32 1 0
github.com/ninaivalaigal/cli-tools/graph_commands.go:282.32,284.5 1 0
github.com/ninaivalaigal/cli-tools/graph_commands.go:286.4,287.14 2 0
github.com/ninaivalaigal/cli-tools/graph_commands.go:291.2,296.12 5 0
github.com/ninaivalaigal/cli-tools/graph_commands.go:300.48,311.55 2 0
github.com/ninaivalaigal/cli-tools/graph_commands.go:311.55,316.19 2 0
github.com/ninaivalaigal/cli-tools/graph_commands.go:316.19,318.5 1 0
github.com/ninaivalaigal/cli-tools/graph_commands.go:321.4,330.18 4 0
github.com/ninaivalaigal/cli-tools/graph_commands.go:330.18,332.5 1 0
github.com/ninaivalaigal/cli-tools/graph_commands.go:334.4,334.32 1 0
github.com/ninaivalaigal/cli-tools/graph_commands.go:334.32,336.5 1 0
github.com/ninaivalaigal/cli-tools/graph_commands.go:338.4,339.14 2 0
github.com/ninaivalaigal/cli-tools/graph_commands.go:343.2,347.12 4 0
github.com/ninaivalaigal/cli-tools/graph_commands.go:351.48,362.55 2 0
github.com/ninaivalaigal/cli-tools/graph_commands.go:362.55,377.18 5 0
github.com/ninaivalaigal/cli-tools/graph_commands.go:377.18,379.5 1 0
github.com/ninaivalaigal/cli-tools/graph_commands.go:381.4,381.32 1 0
github.com/ninaivalaigal/cli-tools/graph_commands.go:381.32,383.5 1 0
github.com/ninaivalaigal/cli-tools/graph_commands.go:385.4,386.14 2 0
github.com/ninaivalaigal/cli-tools/graph_commands.go:390.2,393.54 4 0
github.com/ninaivalaigal/cli-tools/graph_commands.go:393.54,395.3 1 0
github.com/ninaivalaigal/cli-tools/graph_commands.go:397.2,397.12 1 0
github.com/ninaivalaigal/cli-tools/graph_commands.go:401.48,412.55 2 0
github.com/ninaivalaigal/cli-tools/graph_commands.go:412.55,431.18 6 0
github.com/ninaivalaigal/cli-tools/graph_commands.go:431.18,433.5 1 0
github.com/ninaivalaigal/cli-tools/graph_commands.go:435.4,435.32 1 0
github.com/ninaivalaigal/cli-tools/graph_commands.go:435.32,437.5 1 0
github.com/ninaivalaigal/cli-tools/graph_commands.go:439.4,440.14 2 0
github.com/ninaivalaigal/cli-tools/graph_commands.go:444.2,448.12 4 0
github.com/ninaivalaigal/cli-tools/graph_commands.go:452.47,463.56 2 0
github.com/ninaivalaigal/cli-tools/graph_commands.go:463.56,465.5 1 0
github.com/ninaivalaigal/cli-tools/graph_commands.go:471.56,475.5 3 0
github.com/ninaivalaigal/cli-tools/graph_commands.go:481.56,485.5 3 0
github.com/ninaivalaigal/cli-tools/graph_commands.go:489.2,489.12 1 0
github.com/ninaivalaigal/cli-tools/graph_commands.go:493.53,504.56 2 0
github.com/ninaivalaigal/cli-tools/graph_commands.go:504.56,506.5 1 0
github.com/ninaivalaigal/cli-tools/graph_commands.go:512.56,516.5 3 0
github.com/ninaivalaigal/cli-tools/graph_commands.go:520.2,520.12 1 0
github.com/ninaivalaigal/cli-tools/graph_commands.go:526.45,542.16 6 0
github.com/ninaivalaigal/cli-tools/graph_commands.go:542.16,544.3 1 0
github.com/ninaivalaigal/cli-tools/graph_commands.go:546.2,546.30 1 0
github.com/ninaivalaigal/cli-tools/graph_commands.go:546.30,548.3 1 0
github.com/ninaivalaigal/cli-tools/graph_commands.go:550.2,550.26 1 0
github.com/ninaivalaigal/cli-tools/graph_commands.go:550.26,552.3 1 0
github.com/ninaivalaigal/cli-tools/graph_commands.go:555.2,555.29 1 0
github.com/ninaivalaigal/cli-tools/graph_commands.go:555.29,557.3 1 0
github.com/ninaivalaigal/cli-tools/graph_commands.go:559.2,559.12 1 0
github.com/ninaivalaigal/cli-tools/graph_commands.go:563.44,565.2 1 0
github.com/ninaivalaigal/cli-tools/graph_commands.go:568.67,569.28 1 0
github.com/ninaivalaigal/cli-tools/graph_commands.go:569.28,572.3 2 0
github.com/ninaivalaigal/cli-tools/graph_commands.go:574.2,574.16 1 0
github.com/ninaivalaigal/cli-tools/graph_commands.go:575.14,577.28 2 0
github.com/ninaivalaigal/cli-tools/graph_commands.go:578.13,579.29 1 0
github.com/ninaivalaigal/cli-tools/graph_commands.go:580.10,581.31 1 0
github.com/ninaivalaigal/cli-tools/graph_commands.go:585.2,585.37 1 0
github.com/ninaivalaigal/cli-tools/graph_commands.go:585.37,587.37 2 0
github.com/ninaivalaigal/cli-tools/graph_commands.go:587.37,589.4 1 0
github.com/ninaivalaigal/cli-tools/graph_commands.go:590.3,590.45 1 0
github.com/ninaivalaigal/cli-tools/graph_commands.go:590.45,592.4 1 0
github.com/ninaivalaigal/cli-tools/graph_commands.go:593.3,593.38 1 0
github.com/ninaivalaigal/cli-tools/graph_commands.go:593.38,595.4 1 0
github.com/ninaivalaigal/cli-tools/graph_commands.go:600.52,614.35 13 0
github.com/ninaivalaigal/cli-tools/graph_commands.go:614.35,616.39 2 0
github.com/ninaivalaigal/cli-tools/graph_commands.go:616.39,621.26 3 0
github.com/ninaivalaigal/cli-tools/graph_commands.go:621.26,623.5 1 0
github.com/ninaivalaigal/cli-tools/graph_commands.go:625.4,625.39 1 0
github.com/ninaivalaigal/cli-tools/graph_commands.go:627.3,627.24 1 0
github.com/ninaivalaigal/cli-tools/graph_commands.go:630.2,630.16 1 0
github.com/ninaivalaigal/cli-tools/graph_commands.go:634.50,639.35 2 0
github.com/ninaivalaigal/cli-tools/graph_commands.go:639.35,641.39 2 0
github.com/ninaivalaigal/cli-tools/graph_commands.go:641.39,644.102 2 0
github.com/ninaivalaigal/cli-tools/graph_commands.go:644.102,646.5 1 0
github.com/ninaivalaigal/cli-tools/graph_commands.go:647.4,647.34 1 0
github.com/ninaivalaigal/cli-tools/graph_commands.go:649.3,649.41 1 0
github.com/ninaivalaigal/cli-tools/health_commands.go:40.43,56.2 3 0
github.com/ninaivalaigal/cli-tools/health_commands.go:59.48,71.55 2 0
github.com/ninaivalaigal/cli-tools/health_commands.go:71.55,72.21 1 0
github.com/ninaivalaigal/cli-tools/health_commands.go:72.21,74.5 1 0
github.com/ninaivalaigal/cli-tools/health_commands.go:77.4,80.25 2 0
github.com/ninaivalaigal/cli-tools/health_commands.go:80.25,82.35 2 0
github.com/ninaivalaigal/cli-tools/health_commands.go:82.35,83.38 1 0
github.com/ninaivalaigal/cli-tools/health_commands.go:83.38,84.27 1 0
github.com/ninaivalaigal/cli-tools/health_commands.go:84.27,86.13 2 0
github.com/ninaivalaigal/cli-tools/health_commands.go:90.5,90.27 1 0
github.com/ninaivalaigal/cli-tools/health_commands.go:93.4,93.29 1 0
github.com/ninaivalaigal/cli-tools/health_commands.go:93.29,95.5 1 0
github.com/ninaivalaigal/cli-tools/health_commands.go:98.4,104.16 5 0
github.com/ninaivalaigal/cli-tools/health_commands.go:104.16,106.5 1 0
github.com/ninaivalaigal/cli-tools/health_commands.go:106.10,108.5 1 0
github.com/ninaivalaigal/cli-tools/health_commands.go:110.4,113.18 2 0
github.com/ninaivalaigal/cli-tools/health_commands.go:113.18,116.5 2 0
github.com/ninaivalaigal/cli-tools/health_commands.go:116.10,118.5 1 0
github.com/ninaivalaigal/cli-tools/health_commands.go:121.4,121.35 1 0
github.com/ninaivalaigal/cli-tools/health_commands.go:121.35,122.35 1 0
github.com/ninaivalaigal/cli-tools/health_commands.go:122.35,124.6 1 0
github.com/ninaivalaigal/cli-tools/health_commands.go:127.4,127.14 1 0
github.com/ninaivalaigal/cli-tools/health_commands.go:131.2,136.12 5 0
github.com/ninaivalaigal/cli-tools/health_commands.go:140.48,151.55 2 0
github.com/ninaivalaigal/cli-tools/health_commands.go:151.55,152.21 1 0
github.com/ninaivalaigal/cli-tools/health_commands.go:152.21,154.5 1 0
github.com/ninaivalaigal/cli-tools/health_commands.go:157.4,160.25 2 0
github.com/ninaivalaigal/cli-tools/health_commands.go:160.25,162.35 2 0
github.com/ninaivalaigal/cli-tools/health_commands.go:162.35,163.38 1 0
github.com/ninaivalaigal/cli-tools/health_commands.go:163.38,164.27 1 0
github.com/ninaivalaigal/cli-tools/health_commands.go:164.27,166.13 2 0
github.com/ninaivalaigal/cli-tools/health_commands.go:170.5,170.27 1 0
github.com/ninaivalaigal/cli-tools/health_commands.go:173.4,177.45 3 0
github.com/ninaivalaigal/cli-tools/health_commands.go:177.45,178.14 1 0
github.com/ninaivalaigal/cli-tools/health_commands.go:178.14,180.6 1 0
github.com/ninaivalaigal/cli-tools/health_commands.go:183.5,191.71 4 0
github.com/ninaivalaigal/cli-tools/health_commands.go:194.4,194.14 1 0
github.com/ninaivalaigal/cli-tools/health_commands.go:198.2,202.12 4 0
github.com/ninaivalaigal/cli-tools/health_commands.go:206.49,214.55 2 0
github.com/ninaivalaigal/cli-tools/health_commands.go:214.55,215.21 1 0
github.com/ninaivalaigal/cli-tools/health_commands.go:215.21,217.5 1 0
github.com/ninaivalaigal/cli-tools/health_commands.go:219.4,219.21 1 0
github.com/ninaivalaigal/cli-tools/health_commands.go:219.21,221.5 1 0
github.com/ninaivalaigal/cli-tools/health_commands.go:224.4,226.36 3 0
github.com/ninaivalaigal/cli-tools/health_commands.go:226.36,227.28 1 0
github.com/ninaivalaigal/cli-tools/health_commands.go:227.28,229.11 2 0
github.com/ninaivalaigal/cli-tools/health_commands.go:233.4,233.25 1 0
github.com/ninaivalaigal/cli-tools/health_commands.go:233.25,235.5 1 0
github.com/ninaivalaigal/cli-tools/health_commands.go:238.4,249.14 7 0
github.com/ninaivalaigal/cli-tools/health_commands.go:253.2,255.12 2 0
github.com/ninaivalaigal/cli-tools/health_commands.go:259.50,264.55 1 0
github.com/ninaivalaigal/cli-tools/health_commands.go:264.55,282.35 10 0
github.com/ninaivalaigal/cli-tools/health_commands.go:282.35,283.26 1 0
github.com/ninaivalaigal/cli-tools/health_commands.go:284.20,285.15 1 0
github.com/ninaivalaigal/cli-tools/health_commands.go:286.22,287.17 1 0
github.com/ninaivalaigal/cli-tools/health_commands.go:288.13,289.15 1 0
github.com/ninaivalaigal/cli-tools/health_commands.go:294.4,299.19 5 0
github.com/ninaivalaigal/cli-tools/health_commands.go:299.19,301.5 1 0
github.com/ninaivalaigal/cli-tools/health_commands.go:303.4,304.17 2 0
github.com/ninaivalaigal/cli-tools/health_commands.go:304.17,307.32 3 0
github.com/ninaivalaigal/cli-tools/health_commands.go:307.32,309.6 1 0
github.com/ninaivalaigal/cli-tools/health_commands.go:309.11,309.38 1 0
github.com/ninaivalaigal/cli-tools/health_commands.go:309.38,311.6 1 0
github.com/ninaivalaigal/cli-tools/health_commands.go:311.11,313.6 1 0
github.com/ninaivalaigal/cli-tools/health_commands.go:317.4,317.36 1 0
github.com/ninaivalaigal/cli-tools/health_commands.go:317.36,319.36 2 0
github.com/ninaivalaigal/cli-tools/health_commands.go:319.36,320.36 1 0
github.com/ninaivalaigal/cli-tools/health_commands.go:320.36,322.29 2 0
github.com/ninaivalaigal/cli-tools/health_commands.go:322.29,324.8 1 0
github.com/ninaivalaigal/cli-tools/health_commands.go:329.4,329.14 1 0
github.com/ninaivalaigal/cli-tools/health_commands.go:333.2,333.12 1 0
github.com/ninaivalaigal/cli-tools/health_commands.go:339.50,370.2 1 0
github.com/ninaivalaigal/cli-tools/health_commands.go:373.96,376.35 2 0
github.com/ninaivalaigal/cli-tools/health_commands.go:376.35,379.3 2 0
github.com/ninaivalaigal/cli-tools/health_commands.go:381.2,381.16 1 0
github.com/ninaivalaigal/cli-tools/health_commands.go:385.94,389.35 3 0
github.com/ninaivalaigal/cli-tools/health_commands.go:389.35,391.45 2 0
github.com/ninaivalaigal/cli-tools/health_commands.go:391.45,394.4 2 0
github.com/ninaivalaigal/cli-tools/health_commands.go:397.2,398.16 2 0
github.com/ninaivalaigal/cli-tools/health_commands.go:402.88,417.16 6 0
github.com/ninaivalaigal/cli-tools/health_commands.go:417.16,422.3 4 0
github.com/ninaivalaigal/cli-tools/health_commands.go:424.2,427.47 2 0
github.com/ninaivalaigal/cli-tools/health_commands.go:427.47,429.3 1 0
github.com/ninaivalaigal/cli-tools/health_commands.go:429.8,432.3 2 0
github.com/ninaivalaigal/cli-tools/health_commands.go:435.2,436.62 2 0
github.com/ninaivalaigal/cli-tools/health_commands.go:436.62,438.3 1 0
github.com/ninaivalaigal/cli-tools/health_commands.go:440.2,440.15 1 0
github.com/ninaivalaigal/cli-tools/health_commands.go:444.66,451.2 2 0
github.com/ninaivalaigal/cli-tools/health_commands.go:454.51,455.23 1 0
github.com/ninaivalaigal/cli-tools/health_commands.go:455.23,458.3 2 0
github.com/ninaivalaigal/cli-tools/health_commands.go:461.2,474.33 13 0
github.com/ninaivalaigal/cli-tools/health_commands.go:474.33,477.24 2 0
github.com/ninaivalaigal/cli-tools/health_commands.go:478.18,479.58 1 0
github.com/ninaivalaigal/cli-tools/health_commands.go:480.20,481.56 1 0
github.com/ninaivalaigal/cli-tools/health_commands.go:482.11,483.59 1 0
github.com/ninaivalaigal/cli-tools/health_commands.go:487.3,488.40 2 0
github.com/ninaivalaigal/cli-tools/health_commands.go:488.40,490.4 1 0
github.com/ninaivalaigal/cli-tools/health_commands.go:490.9,490.56 1 0
github.com/ninaivalaigal/cli-tools/health_commands.go:490.56,492.4 1 0
github.com/ninaivalaigal/cli-tools/health_commands.go:492.9,494.4 1 0
github.com/ninaivalaigal/cli-tools/health_commands.go:497.3,498.29 2 0
github.com/ninaivalaigal/cli-tools/health_commands.go:498.29,500.4 1 0
github.com/ninaivalaigal/cli-tools/health_commands.go:500.9,500.65 1 0
github.com/ninaivalaigal/cli-tools/health_commands.go:500.65,502.4 1 0
github.com/ninaivalaigal/cli-tools/health_commands.go:502.9,504.4 1 0
github.com/ninaivalaigal/cli-tools/health_commands.go:506.3,512.5 1 0
github.com/ninaivalaigal/cli-tools/health_commands.go:515.2,518.33 2 0
github.com/ninaivalaigal/cli-tools/health_commands.go:518.33,519.25 1 0
github.com/ninaivalaigal/cli-tools/health_commands.go:519.25,521.4 1 0
github.com/ninaivalaigal/cli-tools/health_commands.go:526.49,535.23 5 0
github.com/ninaivalaigal/cli-tools/health_commands.go:536.17,537.47 1 0
github.com/ninaivalaigal/cli-tools/health_commands.go:538.19,539.45 1 0
github.com/ninaivalaigal/cli-tools/health_commands.go:540.10,541.48 1 0
github.com/ninaivalaigal/cli-tools/health_commands.go:545.2,546.39 2 0
github.com/ninaivalaigal/cli-tools/health_commands.go:546.39,548.3 1 0
github.com/ninaivalaigal/cli-tools/health_commands.go:548.8,548.55 1 0
github.com/ninaivalaigal/cli-tools/health_commands.go:548.55,550.3 1 0
github.com/ninaivalaigal/cli-tools/health_commands.go:550.8,552.3 1 0
github.com/ninaivalaigal/cli-tools/health_commands.go:555.2,555.28 1 0
github.com/ninaivalaigal/cli-tools/health_commands.go:555.28,557.3 1 0
github.com/ninaivalaigal/cli-tools/health_commands.go:557.8,557.64 1 0
github.com/ninaivalaigal/cli-tools/health_commands.go:557.64,559.3 1 0
github.com/ninaivalaigal/cli-tools/health_commands.go:559.8,561.3 1 0
github.com/ninaivalaigal/cli-tools/health_commands.go:564.2,564.24 1 0
github.com/ninaivalaigal/cli-tools/health_commands.go:564.24,566.3 1 0
github.com/ninaivalaigal/cli-tools/health_commands.go:569.2,569.29 1 0
github.com/ninaivalaigal/cli-tools/health_commands.go:569.29,571.42 2 0
github.com/ninaivalaigal/cli-tools/health_commands.go:571.42,573.4 1 0
github.com/ninaivalaigal/cli-tools/interactive_commands.go:15.46,21.16 3 0
github.com/ninaivalaigal/cli-tools/interactive_commands.go:21.16,23.3 1 0
github.com/ninaivalaigal/cli-tools/interactive_commands.go:24.2,24.29 1 0
github.com/ninaivalaigal/cli-tools/interactive_commands.go:28.48,34.55 1 0
github.com/ninaivalaigal/cli-tools/interactive_commands.go:34.55,36.4 1 0
github.com/ninaivalaigal/cli-tools/interactive_commands.go:39.2,46.12 2 0
github.com/ninaivalaigal/cli-tools/interactive_commands.go:50.35,54.6 3 0
github.com/ninaivalaigal/cli-tools/interactive_commands.go:54.6,75.17 3 0
github.com/ninaivalaigal/cli-tools/interactive_commands.go:75.17,77.4 1 0
github.com/ninaivalaigal/cli-tools/interactive_commands.go:79.3,79.17 1 0
github.com/ninaivalaigal/cli-tools/interactive_commands.go:80.28,81.49 1 0
github.com/ninaivalaigal/cli-tools/interactive_commands.go:81.49,83.5 1 0
github.com/ninaivalaigal/cli-tools/interactive_commands.go:84.27,85.48 1 0
github.com/ninaivalaigal/cli-tools/interactive_commands.go:85.48,87.5 1 0
github.com/ninaivalaigal/cli-tools/interactive_commands.go:88.28,89.49 1 0
github.com/ninaivalaigal/cli-tools/interactive_commands.go:89.49,91.5 1 0
github.com/ninaivalaigal/cli-tools/interactive_commands.go:92.23,93.51 1 0
github.com/ninaivalaigal/cli-tools/interactive_commands.go:93.51,95.5 1 0
github.com/ninaivalaigal/cli-tools/interactive_commands.go:96.24,97.49 1 0
github.com/ninaivalaigal/cli-tools/interactive_commands.go:97.49,99.5 1 0
github.com/ninaivalaigal/cli-tools/interactive_commands.go:100.29,101.51 1 0
github.com/ninaivalaigal/cli-tools/interactive_commands.go:101.51,103.5 1 0
github.com/ninaivalaigal/cli-tools/interactive_commands.go:104.15,106.14 2 0
github.com/ninaivalaigal/cli-tools/interactive_commands.go:109.3,109.16 1 0
github.com/ninaivalaigal/cli-tools/interactive_commands.go:114.54,119.55 1 0
github.com/ninaivalaigal/cli-tools/interactive_commands.go:119.55,121.4 1 0
github.com/ninaivalaigal/cli-tools/interactive_commands.go:126.35,129.6 2 0
github.com/ninaivalaigal/cli-tools/interactive_commands.go:129.6,142.17 3 0
github.com/ninaivalaigal/cli-tools/interactive_commands.go:142.17,144.4 1 0
github.com/ninaivalaigal/cli-tools/interactive_commands.go:146.3,146.17 1 0
github.com/ninaivalaigal/cli-tools/interactive_commands.go:147.27,148.54 1 0
github.com/ninaivalaigal/cli-tools/interactive_commands.go:148.54,150.5 1 0
github.com/ninaivalaigal/cli-tools/interactive_commands.go:151.26,152.52 1 0
github.com/ninaivalaigal/cli-tools/interactive_commands.go:152.52,154.5 1 0
github.com/ninaivalaigal/cli-tools/interactive_commands.go:155.28,156.50 1 0
github.com/ninaivalaigal/cli-tools/interactive_commands.go:156.50,158.5 1 0
github.com/ninaivalaigal/cli-tools/interactive_commands.go:159.28,160.51 1 0
github.com/ninaivalaigal/cli-tools/interactive_commands.go:160.51,162.5 1 0
github.com/ninaivalaigal/cli-tools/interactive_commands.go:163.28,164.14 1 0
github.com/ninaivalaigal/cli-tools/interactive_commands.go:170.40,183.16 4 0
github.com/ninaivalaigal/cli-tools/interactive_commands.go:183.16,185.3 1 0
github.com/ninaivalaigal/cli-tools/interactive_commands.go:188.2,196.16 4 0
github.com/ninaivalaigal/cli-tools/interactive_commands.go:196.16,198.3 1 0
github.com/ninaivalaigal/cli-tools/interactive_commands.go:200.2,201.17 2 0
github.com/ninaivalaigal/cli-tools/interactive_commands.go:201.17,207.3 2 0
github.com/ninaivalaigal/cli-tools/interactive_commands.go:210.2,212.19 3 0
github.com/ninaivalaigal/cli-tools/interactive_commands.go:212.19,214.3 1 0
github.com/ninaivalaigal/cli-tools/interactive_commands.go:215.2,215.20 1 0
github.com/ninaivalaigal/cli-tools/interactive_commands.go:215.20,217.3 1 0
github.com/ninaivalaigal/cli-tools/interactive_commands.go:219.2,220.16 2 0
github.com/ninaivalaigal/cli-tools/interactive_commands.go:220.16,222.3 1 0
github.com/ninaivalaigal/cli-tools/interactive_commands.go:223.2,223.16 1 0
github.com/ninaivalaigal/cli-tools/interactive_commands.go:223.16,226.3 2 0
github.com/ninaivalaigal/cli-tools/interactive_commands.go:230.2,231.12 2 0
github.com/ninaivalaigal/cli-tools/interactive_commands.go:235.38,243.16 4 0
github.com/ninaivalaigal/cli-tools/interactive_commands.go:243.16,245.3 1 0
github.com/ninaivalaigal/cli-tools/interactive_commands.go:248.2,251.38 1 0
github.com/ninaivalaigal/cli-tools/interactive_commands.go:251.38,252.49 1 0
github.com/ninaivalaigal/cli-tools/interactive_commands.go:252.49,254.5 1 0
github.com/ninaivalaigal/cli-tools/interactive_commands.go:255.4,255.14 1 0
github.com/ninaivalaigal/cli-tools/interactive_commands.go:258.2,264.38 2 0
github.com/ninaivalaigal/cli-tools/interactive_commands.go:264.38,265.101 1 0
github.com/ninaivalaigal/cli-tools/interactive_commands.go:265.101,267.5 1 0
github.com/ninaivalaigal/cli-tools/interactive_commands.go:268.4,268.14 1 0
github.com/ninaivalaigal/cli-tools/interactive_commands.go:271.2,278.12 5 0
github.com/ninaivalaigal/cli-tools/interactive_commands.go:282.36,289.38 2 0
github.com/ninaivalaigal/cli-tools/interactive_commands.go:289.38,290.49 1 0
github.com/ninaivalaigal/cli-tools/interactive_commands.go:290.49,292.5 1 0
github.com/ninaivalaigal/cli-tools/interactive_commands.go:293.4,293.14 1 0
github.com/ninaivalaigal/cli-tools/interactive_commands.go:296.2,307.19 6 0
github.com/ninaivalaigal/cli-tools/interactive_commands.go:307.19,309.3 1 0
github.com/ninaivalaigal/cli-tools/interactive_commands.go:312.2,313.12 2 0
github.com/ninaivalaigal/cli-tools/interactive_commands.go:317.37,321.2 3 0
github.com/ninaivalaigal/cli-tools/interactive_commands.go:324.53,329.55 1 0
github.com/ninaivalaigal/cli-tools/interactive_commands.go:329.55,331.4 1 0
github.com/ninaivalaigal/cli-tools/interactive_commands.go:336.34,339.6 2 0
github.com/ninaivalaigal/cli-tools/interactive_commands.go:339.6,352.17 3 0
github.com/ninaivalaigal/cli-tools/interactive_commands.go:352.17,354.4 1 0
github.com/ninaivalaigal/cli-tools/interactive_commands.go:356.3,356.17 1 0
github.com/ninaivalaigal/cli-tools/interactive_commands.go:357.31,358.50 1 0
github.com/ninaivalaigal/cli-tools/interactive_commands.go:358.50,360.5 1 0
github.com/ninaivalaigal/cli-tools/interactive_commands.go:361.25,362.53 1 0
github.com/ninaivalaigal/cli-tools/interactive_commands.go:362.53,364.5 1 0
github.com/ninaivalaigal/cli-tools/interactive_commands.go:365.29,366.51 1 0
github.com/ninaivalaigal/cli-tools/interactive_commands.go:366.51,368.5 1 0
github.com/ninaivalaigal/cli-tools/interactive_commands.go:369.27,370.50 1 0
github.com/ninaivalaigal/cli-tools/interactive_commands.go:370.50,372.5 1 0
github.com/ninaivalaigal/cli-tools/interactive_commands.go:373.28,374.14 1 0
github.com/ninaivalaigal/cli-tools/interactive_commands.go:380.36,393.16 4 0
github.com/ninaivalaigal/cli-tools/interactive_commands.go:393.16,395.3 1 0
github.com/ninaivalaigal/cli-tools/interactive_commands.go:398.2,399.16 2 0
github.com/ninaivalaigal/cli-tools/interactive_commands.go:399.16,401.3 1 0
github.com/ninaivalaigal/cli-tools/interactive_commands.go:403.2,404.15 2 0
github.com/ninaivalaigal/cli-tools/interactive_commands.go:404.15,408.39 1 0
github.com/ninaivalaigal/cli-tools/interactive_commands.go:408.39,410.64 2 0
github.com/ninaivalaigal/cli-tools/interactive_commands.go:410.64,412.6 1 0
github.com/ninaivalaigal/cli-tools/interactive_commands.go:413.5,413.15 1 0
github.com/ninaivalaigal/cli-tools/interactive_commands.go:416.3,416.40 1 0
github.com/ninaivalaigal/cli-tools/interactive_commands.go:419.2,421.18 3 0
github.com/ninaivalaigal/cli-tools/interactive_commands.go:421.18,423.3 1 0
github.com/ninaivalaigal/cli-tools/interactive_commands.go:426.2,427.12 2 0
github.com/ninaivalaigal/cli-tools/interactive_commands.go:431.39,436.28 4 0
github.com/ninaivalaigal/cli-tools/interactive_commands.go:436.28,438.3 1 0
github.com/ninaivalaigal/cli-tools/interactive_commands.go:439.2,453.16 4 0
github.com/ninaivalaigal/cli-tools/interactive_commands.go:453.16,455.3 1 0
github.com/ninaivalaigal/cli-tools/interactive_commands.go:457.2,457.22 1 0
github.com/ninaivalaigal/cli-tools/interactive_commands.go:457.22,459.3 1 0
github.com/ninaivalaigal/cli-tools/interactive_commands.go:461.2,466.16 5 0
github.com/ninaivalaigal/cli-tools/interactive_commands.go:466.16,468.3 1 0
github.com/ninaivalaigal/cli-tools/interactive_commands.go:469.2,469.13 1 0
github.com/ninaivalaigal/cli-tools/interactive_commands.go:469.13,471.3 1 0
github.com/ninaivalaigal/cli-tools/interactive_commands.go:473.2,473.12 1 0
github.com/ninaivalaigal/cli-tools/interactive_commands.go:477.37,494.16 5 0
github.com/ninaivalaigal/cli-tools/interactive_commands.go:494.16,496.3 1 0
github.com/ninaivalaigal/cli-tools/interactive_commands.go:498.2,498.16 1 0
github.com/ninaivalaigal/cli-tools/interactive_commands.go:499.26,500.77 1 0
github.com/ninaivalaigal/cli-tools/interactive_commands.go:501.26,502.77 1 0
github.com/ninaivalaigal/cli-tools/interactive_commands.go:503.33,504.83 1 0
github.com/ninaivalaigal/cli-tools/interactive_commands.go:505.28,506.77 1 0
github.com/ninaivalaigal/cli-tools/interactive_commands.go:507.14,508.13 1 0
github.com/ninaivalaigal/cli-tools/interactive_commands.go:511.2,511.12 1 0
github.com/ninaivalaigal/cli-tools/interactive_commands.go:515.36,519.2 3 0
github.com/ninaivalaigal/cli-tools/interactive_commands.go:522.54,527.55 1 0
github.com/ninaivalaigal/cli-tools/interactive_commands.go:527.55,529.4 1 0
github.com/ninaivalaigal/cli-tools/interactive_commands.go:534.35,537.6 2 0
github.com/ninaivalaigal/cli-tools/interactive_commands.go:537.6,550.17 3 0
github.com/ninaivalaigal/cli-tools/interactive_commands.go:550.17,552.4 1 0
github.com/ninaivalaigal/cli-tools/interactive_commands.go:554.3,554.17 1 0
github.com/ninaivalaigal/cli-tools/interactive_commands.go:555.29,556.54 1 0
github.com/ninaivalaigal/cli-tools/interactive_commands.go:556.54,558.5 1 0
github.com/ninaivalaigal/cli-tools/interactive_commands.go:559.33,560.59 1 0
github.com/ninaivalaigal/cli-tools/interactive_commands.go:560.59,562.5 1 0
github.com/ninaivalaigal/cli-tools/interactive_commands.go:563.31,564.51 1 0
github.com/ninaivalaigal/cli-tools/interactive_commands.go:564.51,566.5 1 0
github.com/ninaivalaigal/cli-tools/interactive_commands.go:567.33,568.53 1 0
github.com/ninaivalaigal/cli-tools/interactive_commands.go:568.53,570.5 1 0
github.com/ninaivalaigal/cli-tools/interactive_commands.go:571.28,572.14 1 0
github.com/ninaivalaigal/cli-tools/interactive_commands.go:578.40,582.2 3 0
github.com/ninaivalaigal/cli-tools/interactive_commands.go:585.45,596.16 5 0
github.com/ninaivalaigal/cli-tools/interactive_commands.go:596.16,598.3 1 0
github.com/ninaivalaigal/cli-tools/interactive_commands.go:600.2,602.12 3 0
github.com/ninaivalaigal/cli-tools/interactive_commands.go:606.37,612.38 2 0
github.com/ninaivalaigal/cli-tools/interactive_commands.go:612.38,613.49 1 0
github.com/ninaivalaigal/cli-tools/interactive_commands.go:613.49,615.5 1 0
github.com/ninaivalaigal/cli-tools/interactive_commands.go:616.4,616.14 1 0
github.com/ninaivalaigal/cli-tools/interactive_commands.go:619.2,623.12 4 0
github.com/ninaivalaigal/cli-tools/interactive_commands.go:627.39,631.2 3 0
github.com/ninaivalaigal/cli-tools/interactive_commands.go:634.37,649.16 4 0
github.com/ninaivalaigal/cli-tools/interactive_commands.go:649.16,651.3 1 0
github.com/ninaivalaigal/cli-tools/interactive_commands.go:653.2,653.16 1 0
github.com/ninaivalaigal/cli-tools/interactive_commands.go:654.26,655.32 1 0
github.com/ninaivalaigal/cli-tools/interactive_commands.go:656.24,657.35 1 0
github.com/ninaivalaigal/cli-tools/interactive_commands.go:658.29,659.35 1 0
github.com/ninaivalaigal/cli-tools/interactive_commands.go:660.26,661.37 1 0
github.com/ninaivalaigal/cli-tools/interactive_commands.go:662.27,663.13 1 0
github.com/ninaivalaigal/cli-tools/interactive_commands.go:666.2,666.12 1 0
github.com/ninaivalaigal/cli-tools/interactive_commands.go:670.35,681.16 5 0
github.com/ninaivalaigal/cli-tools/interactive_commands.go:681.16,683.3 1 0
github.com/ninaivalaigal/cli-tools/interactive_commands.go:685.2,687.12 3 0
github.com/ninaivalaigal/cli-tools/interactive_commands.go:691.38,705.38 4 0
github.com/ninaivalaigal/cli-tools/interactive_commands.go:705.38,706.49 1 0
github.com/ninaivalaigal/cli-tools/interactive_commands.go:706.49,708.5 1 0
github.com/ninaivalaigal/cli-tools/interactive_commands.go:709.4,709.14 1 0
github.com/ninaivalaigal/cli-tools/interactive_commands.go:712.2,727.16 9 0
github.com/ninaivalaigal/cli-tools/interactive_commands.go:727.16,729.3 1 0
github.com/ninaivalaigal/cli-tools/interactive_commands.go:730.2,730.15 1 0
github.com/ninaivalaigal/cli-tools/interactive_commands.go:730.15,732.3 1 0
github.com/ninaivalaigal/cli-tools/interactive_commands.go:734.2,734.12 1 0
github.com/ninaivalaigal/cli-tools/interactive_commands.go:738.38,754.16 5 0
github.com/ninaivalaigal/cli-tools/interactive_commands.go:754.16,756.3 1 0
github.com/ninaivalaigal/cli-tools/interactive_commands.go:758.2,758.38 1 0
github.com/ninaivalaigal/cli-tools/interactive_commands.go:758.38,763.3 2 0
github.com/ninaivalaigal/cli-tools/interactive_commands.go:765.2,767.12 3 0
github.com/ninaivalaigal/cli-tools/interactive_commands.go:771.40,776.2 4 0
github.com/ninaivalaigal/cli-tools/interactive_commands.go:779.35,794.16 4 0
github.com/ninaivalaigal/cli-tools/interactive_commands.go:794.16,796.3 1 0
github.com/ninaivalaigal/cli-tools/interactive_commands.go:798.2,798.16 1 0
github.com/ninaivalaigal/cli-tools/interactive_commands.go:799.29,800.83 1 0
github.com/ninaivalaigal/cli-tools/interactive_commands.go:801.33,802.32 1 0
github.com/ninaivalaigal/cli-tools/interactive_commands.go:803.24,804.36 1 0
github.com/ninaivalaigal/cli-tools/interactive_commands.go:805.27,806.33 1 0
github.com/ninaivalaigal/cli-tools/interactive_commands.go:807.27,808.13 1 0
github.com/ninaivalaigal/cli-tools/interactive_commands.go:811.2,811.12 1 0
github.com/ninaivalaigal/cli-tools/interactive_commands.go:815.35,820.16 3 0
github.com/ninaivalaigal/cli-tools/interactive_commands.go:820.16,822.3 1 0
github.com/ninaivalaigal/cli-tools/interactive_commands.go:824.2,828.16 3 0
github.com/ninaivalaigal/cli-tools/interactive_commands.go:828.16,830.3 1 0
github.com/ninaivalaigal/cli-tools/interactive_commands.go:832.2,833.12 2 0
github.com/ninaivalaigal/cli-tools/interactive_commands.go:837.39,846.16 4 0
github.com/ninaivalaigal/cli-tools/interactive_commands.go:846.16,848.3 1 0
github.com/ninaivalaigal/cli-tools/interactive_commands.go:850.2,851.12 2 0
github.com/ninaivalaigal/cli-tools/interactive_commands.go:855.36,859.16 3 0
github.com/ninaivalaigal/cli-tools/interactive_commands.go:859.16,861.3 1 0
github.com/ninaivalaigal/cli-tools/interactive_commands.go:863.2,863.20 1 0
github.com/ninaivalaigal/cli-tools/interactive_commands.go:863.20,865.3 1 0
github.com/ninaivalaigal/cli-tools/interactive_commands.go:865.8,867.3 1 0
github.com/ninaivalaigal/cli-tools/interactive_commands.go:869.2,869.12 1 0
github.com/ninaivalaigal/cli-tools/interactive_commands.go:873.37,889.16 4 0
github.com/ninaivalaigal/cli-tools/interactive_commands.go:889.16,891.3 1 0
github.com/ninaivalaigal/cli-tools/interactive_commands.go:893.2,893.16 1 0
github.com/ninaivalaigal/cli-tools/interactive_commands.go:894.24,895.35 1 0
github.com/ninaivalaigal/cli-tools/interactive_commands.go:896.23,897.34 1 0
github.com/ninaivalaigal/cli-tools/interactive_commands.go:898.26,899.37 1 0
github.com/ninaivalaigal/cli-tools/interactive_commands.go:900.24,901.76 1 0
github.com/ninaivalaigal/cli-tools/interactive_commands.go:902.19,903.34 1 0
github.com/ninaivalaigal/cli-tools/interactive_commands.go:904.27,905.13 1 0
github.com/ninaivalaigal/cli-tools/interactive_commands.go:908.2,908.12 1 0
github.com/ninaivalaigal/cli-tools/interactive_commands.go:912.38,921.16 4 0
github.com/ninaivalaigal/cli-tools/interactive_commands.go:921.16,923.3 1 0
github.com/ninaivalaigal/cli-tools/interactive_commands.go:925.2,926.16 2 0
github.com/ninaivalaigal/cli-tools/interactive_commands.go:926.16,928.3 1 0
github.com/ninaivalaigal/cli-tools/interactive_commands.go:930.2,931.12 2 0
github.com/ninaivalaigal/cli-tools/interactive_commands.go:931.12,933.3 1 0
github.com/ninaivalaigal/cli-tools/interactive_commands.go:935.2,936.12 2 0
github.com/ninaivalaigal/cli-tools/interactive_commands.go:940.37,949.16 4 0
github.com/ninaivalaigal/cli-tools/interactive_commands.go:949.16,951.3 1 0
github.com/ninaivalaigal/cli-tools/interactive_commands.go:953.2,954.12 2 0
github.com/ninaivalaigal/cli-tools/interactive_commands.go:958.40,967.16 4 0
github.com/ninaivalaigal/cli-tools/interactive_commands.go:967.16,969.3 1 0
github.com/ninaivalaigal/cli-tools/interactive_commands.go:971.2,972.16 2 0
github.com/ninaivalaigal/cli-tools/interactive_commands.go:972.16,974.3 1 0
github.com/ninaivalaigal/cli-tools/interactive_commands.go:976.2,977.13 2 0
github.com/ninaivalaigal/cli-tools/interactive_commands.go:977.13,979.3 1 0
github.com/ninaivalaigal/cli-tools/interactive_commands.go:982.2,982.21 1 0
github.com/ninaivalaigal/cli-tools/interactive_commands.go:982.21,984.3 1 0
github.com/ninaivalaigal/cli-tools/interactive_commands.go:985.2,986.12 2 0
github.com/ninaivalaigal/cli-tools/interactive_commands.go:990.37,999.16 4 0
github.com/ninaivalaigal/cli-tools/interactive_commands.go:999.16,1001.3 1 0
github.com/ninaivalaigal/cli-tools/interactive_commands.go:1003.2,1004.16 2 0
github.com/ninaivalaigal/cli-tools/interactive_commands.go:1004.16,1006.3 1 0
github.com/ninaivalaigal/cli-tools/interactive_commands.go:1008.2,1009.12 2 0
github.com/ninaivalaigal/cli-tools/interactive_commands.go:1009.12,1011.3 1 0
github.com/ninaivalaigal/cli-tools/interactive_commands.go:1013.2,1014.12 2 0
github.com/ninaivalaigal/cli-tools/interactive_commands.go:1018.53,1023.55 1 0
github.com/ninaivalaigal/cli-tools/interactive_commands.go:1023.55,1025.4 1 0
github.com/ninaivalaigal/cli-tools/interactive_commands.go:1030.34,1036.16 4 0
github.com/ninaivalaigal/cli-tools/interactive_commands.go:1036.16,1038.3 1 0
github.com/ninaivalaigal/cli-tools/interactive_commands.go:1039.2,1039.10 1 0
github.com/ninaivalaigal/cli-tools/interactive_commands.go:1039.10,1041.3 1 0
github.com/ninaivalaigal/cli-tools/interactive_commands.go:1044.2,1053.16 5 0
github.com/ninaivalaigal/cli-tools/interactive_commands.go:1053.16,1055.3 1 0
github.com/ninaivalaigal/cli-tools/interactive_commands.go:1056.2,1056.10 1 0
github.com/ninaivalaigal/cli-tools/interactive_commands.go:1056.10,1058.3 1 0
github.com/ninaivalaigal/cli-tools/interactive_commands.go:1061.2,1065.12 4 0
github.com/ninaivalaigal/cli-tools/loadtest_commands.go:15.45,32.2 3 0
github.com/ninaivalaigal/cli-tools/loadtest_commands.go:35.49,53.55 2 0
github.com/ninaivalaigal/cli-tools/loadtest_commands.go:53.55,54.21 1 0
github.com/ninaivalaigal/cli-tools/loadtest_commands.go:54.21,56.5 1 0
github.com/ninaivalaigal/cli-tools/loadtest_commands.go:58.4,58.17 1 0
github.com/ninaivalaigal/cli-tools/loadtest_commands.go:58.17,61.5 1 0
github.com/ninaivalaigal/cli-tools/loadtest_commands.go:64.4,73.20 2 0
github.com/ninaivalaigal/cli-tools/loadtest_commands.go:73.20,75.5 1 0
github.com/ninaivalaigal/cli-tools/loadtest_commands.go:76.4,76.22 1 0
github.com/ninaivalaigal/cli-tools/loadtest_commands.go:76.22,78.5 1 0
github.com/ninaivalaigal/cli-tools/loadtest_commands.go:79.4,79.21 1 0
github.com/ninaivalaigal/cli-tools/loadtest_commands.go:79.21,81.5 1 0
github.com/ninaivalaigal/cli-tools/loadtest_commands.go:84.4,84.35 1 0
github.com/ninaivalaigal/cli-tools/loadtest_commands.go:84.35,86.5 1 0
github.com/ninaivalaigal/cli-tools/loadtest_commands.go:89.4,89.18 1 0
github.com/ninaivalaigal/cli-tools/loadtest_commands.go:89.18,91.5 1 0
github.com/ninaivalaigal/cli-tools/loadtest_commands.go:94.4,98.43 4 0
github.com/ninaivalaigal/cli-tools/loadtest_commands.go:102.2,112.12 10 0
github.com/ninaivalaigal/cli-tools/loadtest_commands.go:116.53,129.55 2 0
github.com/ninaivalaigal/cli-tools/loadtest_commands.go:129.55,130.21 1 0
github.com/ninaivalaigal/cli-tools/loadtest_commands.go:130.21,132.5 1 0
github.com/ninaivalaigal/cli-tools/loadtest_commands.go:134.4,134.26 1 0
github.com/ninaivalaigal/cli-tools/loadtest_commands.go:134.26,136.5 1 0
github.com/ninaivalaigal/cli-tools/loadtest_commands.go:139.4,146.22 2 0
github.com/ninaivalaigal/cli-tools/loadtest_commands.go:146.22,148.5 1 0
github.com/ninaivalaigal/cli-tools/loadtest_commands.go:149.4,149.21 1 0
github.com/ninaivalaigal/cli-tools/loadtest_commands.go:149.21,151.5 1 0
github.com/ninaivalaigal/cli-tools/loadtest_commands.go:154.4,158.43 4 0
github.com/ninaivalaigal/cli-tools/loadtest_commands.go:162.2,167.12 5 0
github.com/ninaivalaigal/cli-tools/loadtest_commands.go:171.50,179.55 2 0
github.com/ninaivalaigal/cli-tools/loadtest_commands.go:179.55,180.21 1 0
github.com/ninaivalaigal/cli-tools/loadtest_commands.go:180.21,182.5 1 0
github.com/ninaivalaigal/cli-tools/loadtest_commands.go:185.4,186.18 2 0
github.com/ninaivalaigal/cli-tools/loadtest_commands.go:187.18,188.61 1 0
github.com/ninaivalaigal/cli-tools/loadtest_commands.go:189.29,190.63 1 0
github.com/ninaivalaigal/cli-tools/loadtest_commands.go:191.19,192.62 1 0
github.com/ninaivalaigal/cli-tools/loadtest_commands.go:193.12,194.62 1 0
github.com/ninaivalaigal/cli-tools/loadtest_commands.go:198.4,208.43 4 0
github.com/ninaivalaigal/cli-tools/loadtest_commands.go:212.2,214.12 2 0
github.com/ninaivalaigal/cli-tools/loadtest_commands.go:218.52,230.55 2 0
github.com/ninaivalaigal/cli-tools/loadtest_commands.go:230.55,231.21 1 0
github.com/ninaivalaigal/cli-tools/loadtest_commands.go:231.21,233.5 1 0
github.com/ninaivalaigal/cli-tools/loadtest_commands.go:236.4,237.47 2 0
github.com/ninaivalaigal/cli-tools/loadtest_commands.go:237.47,239.5 1 0
github.com/ninaivalaigal/cli-tools/loadtest_commands.go:242.4,242.17 1 0
github.com/ninaivalaigal/cli-tools/loadtest_commands.go:242.17,243.19 1 0
github.com/ninaivalaigal/cli-tools/loadtest_commands.go:244.19,245.76 1 0
github.com/ninaivalaigal/cli-tools/loadtest_commands.go:246.30,247.77 1 0
github.com/ninaivalaigal/cli-tools/loadtest_commands.go:248.20,249.63 1 0
github.com/ninaivalaigal/cli-tools/loadtest_commands.go:250.13,251.63 1 0
github.com/ninaivalaigal/cli-tools/loadtest_commands.go:256.4,269.52 5 0
github.com/ninaivalaigal/cli-tools/loadtest_commands.go:269.52,271.5 1 0
github.com/ninaivalaigal/cli-tools/loadtest_commands.go:273.4,273.43 1 0
github.com/ninaivalaigal/cli-tools/loadtest_commands.go:277.2,281.12 4 0
github.com/ninaivalaigal/cli-tools/loadtest_commands.go:285.53,293.55 2 0
github.com/ninaivalaigal/cli-tools/loadtest_commands.go:293.55,294.21 1 0
github.com/ninaivalaigal/cli-tools/loadtest_commands.go:294.21,296.5 1 0
github.com/ninaivalaigal/cli-tools/loadtest_commands.go:298.4,298.21 1 0
github.com/ninaivalaigal/cli-tools/loadtest_commands.go:298.21,300.5 1 0
github.com/ninaivalaigal/cli-tools/loadtest_commands.go:303.4,313.43 4 0
github.com/ninaivalaigal/cli-tools/loadtest_commands.go:317.2,319.12 2 0
github.com/ninaivalaigal/cli-tools/loadtest_commands.go:323.48,326.57 2 0
github.com/ninaivalaigal/cli-tools/loadtest_commands.go:326.57,328.49 1 0
github.com/ninaivalaigal/cli-tools/loadtest_commands.go:328.49,335.41 5 0
github.com/ninaivalaigal/cli-tools/loadtest_commands.go:335.41,337.5 1 0
github.com/ninaivalaigal/cli-tools/loadtest_commands.go:339.4,339.53 1 0
github.com/ninaivalaigal/cli-tools/loadtest_commands.go:340.9,342.4 1 0
github.com/ninaivalaigal/cli-tools/loadtest_commands.go:346.2,356.16 8 0
github.com/ninaivalaigal/cli-tools/loadtest_commands.go:356.16,359.3 2 0
github.com/ninaivalaigal/cli-tools/loadtest_commands.go:361.2,362.12 2 0
github.com/ninaivalaigal/cli-tools/main.go:30.13,52.68 2 0
github.com/ninaivalaigal/cli-tools/main.go:52.68,54.4 1 0
github.com/ninaivalaigal/cli-tools/main.go:58.2,75.28 6 0
github.com/ninaivalaigal/cli-tools/main.go:75.28,76.38 1 0
github.com/ninaivalaigal/cli-tools/main.go:76.38,79.4 2 0
github.com/ninaivalaigal/cli-tools/main.go:83.2,90.12 5 0
github.com/ninaivalaigal/cli-tools/main.go:90.12,94.3 3 0
github.com/ninaivalaigal/cli-tools/main.go:97.2,97.52 1 0
github.com/ninaivalaigal/cli-tools/main.go:97.52,100.3 2 0
github.com/ninaivalaigal/cli-tools/main.go:104.25,105.19 1 0
github.com/ninaivalaigal/cli-tools/main.go:105.19,108.3 1 0
github.com/ninaivalaigal/cli-tools/main.go:108.8,111.17 2 0
github.com/ninaivalaigal/cli-tools/main.go:111.17,113.4 1 0
github.com/ninaivalaigal/cli-tools/main.go:116.3,118.31 3 0
github.com/ninaivalaigal/cli-tools/main.go:122.2,138.45 12 0
github.com/ninaivalaigal/cli-tools/main.go:138.45,139.56 1 0
github.com/ninaivalaigal/cli-tools/main.go:139.56,141.4 1 0
github.com/ninaivalaigal/cli-tools/main.go:146.2,146.28 1 0
github.com/ninaivalaigal/cli-tools/main.go:146.28,148.3 1 0
github.com/ninaivalaigal/cli-tools/main.go:149.2,149.34 1 0
github.com/ninaivalaigal/cli-tools/main.go:149.34,151.3 1 0
github.com/ninaivalaigal/cli-tools/main.go:154.2,154.13 1 0
github.com/ninaivalaigal/cli-tools/main.go:154.13,156.3 1 0
github.com/ninaivalaigal/cli-tools/main.go:156.8,159.3 2 0
github.com/ninaivalaigal/cli-tools/main.go:161.2,161.12 1 0
github.com/ninaivalaigal/cli-tools/main.go:165.13,174.16 2 1
github.com/ninaivalaigal/cli-tools/main.go:174.16,176.3 1 0
github.com/ninaivalaigal/cli-tools/main.go:179.2,179.46 1 1
github.com/ninaivalaigal/cli-tools/memory_commands.go:39.43,58.2 3 0
github.com/ninaivalaigal/cli-tools/memory_commands.go:61.51,73.55 2 0
github.com/ninaivalaigal/cli-tools/memory_commands.go:73.55,74.21 1 0
github.com/ninaivalaigal/cli-tools/memory_commands.go:74.21,76.5 1 0
github.com/ninaivalaigal/cli-tools/memory_commands.go:78.4,78.21 1 0
github.com/ninaivalaigal/cli-tools/memory_commands.go:78.21,80.5 1 0
github.com/ninaivalaigal/cli-tools/memory_commands.go:83.4,84.22 2 0
github.com/ninaivalaigal/cli-tools/memory_commands.go:84.22,85.74 1 0
github.com/ninaivalaigal/cli-tools/memory_commands.go:85.74,87.6 1 0
github.com/ninaivalaigal/cli-tools/memory_commands.go:91.4,95.26 2 0
github.com/ninaivalaigal/cli-tools/memory_commands.go:95.26,97.5 1 0
github.com/ninaivalaigal/cli-tools/memory_commands.go:100.4,110.18 5 0
github.com/ninaivalaigal/cli-tools/memory_commands.go:110.18,112.5 1 0
github.com/ninaivalaigal/cli-tools/memory_commands.go:114.4,114.32 1 0
github.com/ninaivalaigal/cli-tools/memory_commands.go:114.32,116.5 1 0
github.com/ninaivalaigal/cli-tools/memory_commands.go:119.4,120.30 2 0
github.com/ninaivalaigal/cli-tools/memory_commands.go:120.30,122.5 1 0
github.com/ninaivalaigal/cli-tools/memory_commands.go:124.4,124.14 1 0
github.com/ninaivalaigal/cli-tools/memory_commands.go:128.2,132.12 4 0
github.com/ninaivalaigal/cli-tools/memory_commands.go:136.49,149.55 2 0
github.com/ninaivalaigal/cli-tools/memory_commands.go:149.55,150.21 1 0
github.com/ninaivalaigal/cli-tools/memory_commands.go:150.21,152.5 1 0
github.com/ninaivalaigal/cli-tools/memory_commands.go:154.4,154.19 1 0
github.com/ninaivalaigal/cli-tools/memory_commands.go:154.19,156.5 1 0
github.com/ninaivalaigal/cli-tools/memory_commands.go:159.4,173.18 5 0
github.com/ninaivalaigal/cli-tools/memory_commands.go:173.18,175.5 1 0
github.com/ninaivalaigal/cli-tools/memory_commands.go:177.4,177.32 1 0
github.com/ninaivalaigal/cli-tools/memory_commands.go:177.32,179.5 1 0
github.com/ninaivalaigal/cli-tools/memory_commands.go:182.4,185.14 3 0
github.com/ninaivalaigal/cli-tools/memory_commands.go:189.2,194.12 5 0
github.com/ninaivalaigal/cli-tools/memory_commands.go:198.47,209.55 2 0
github.com/ninaivalaigal/cli-tools/memory_commands.go:209.55,224.18 5 0
github.com/ninaivalaigal/cli-tools/memory_commands.go:224.18,226.5 1 0
github.com/ninaivalaigal/cli-tools/memory_commands.go:228.4,228.32 1 0
github.com/ninaivalaigal/cli-tools/memory_commands.go:228.32,230.5 1 0
github.com/ninaivalaigal/cli-tools/memory_commands.go:233.4,236.14 3 0
github.com/ninaivalaigal/cli-tools/memory_commands.go:240.2,244.12 4 0
github.com/ninaivalaigal/cli-tools/memory_commands.go:248.49,261.55 2 0
github.com/ninaivalaigal/cli-tools/memory_commands.go:261.55,268.18 2 0
github.com/ninaivalaigal/cli-tools/memory_commands.go:268.18,270.5 1 0
github.com/ninaivalaigal/cli-tools/memory_commands.go:271.4,271.21 1 0
github.com/ninaivalaigal/cli-tools/memory_commands.go:271.21,273.5 1 0
github.com/ninaivalaigal/cli-tools/memory_commands.go:274.4,274.22 1 0
github.com/ninaivalaigal/cli-tools/memory_commands.go:274.22,276.74 2 0
github.com/ninaivalaigal/cli-tools/memory_commands.go:276.74,278.6 1 0
github.com/ninaivalaigal/cli-tools/memory_commands.go:279.5,279.38 1 0
github.com/ninaivalaigal/cli-tools/memory_commands.go:283.4,293.18 5 0
github.com/ninaivalaigal/cli-tools/memory_commands.go:293.18,295.5 1 0
github.com/ninaivalaigal/cli-tools/memory_commands.go:297.4,297.32 1 0
github.com/ninaivalaigal/cli-tools/memory_commands.go:297.32,299.5 1 0
github.com/ninaivalaigal/cli-tools/memory_commands.go:302.4,305.14 3 0
github.com/ninaivalaigal/cli-tools/memory_commands.go:309.2,315.12 6 0
github.com/ninaivalaigal/cli-tools/memory_commands.go:319.49,325.55 1 0
github.com/ninaivalaigal/cli-tools/memory_commands.go:325.55,337.18 6 0
github.com/ninaivalaigal/cli-tools/memory_commands.go:337.18,339.5 1 0
github.com/ninaivalaigal/cli-tools/memory_commands.go:341.4,341.32 1 0
github.com/ninaivalaigal/cli-tools/memory_commands.go:341.32,343.5 1 0
github.com/ninaivalaigal/cli-tools/memory_commands.go:345.4,346.14 2 0
github.com/ninaivalaigal/cli-tools/memory_commands.go:350.2,350.12 1 0
github.com/ninaivalaigal/cli-tools/memory_commands.go:354.48,359.55 1 0
github.com/ninaivalaigal/cli-tools/memory_commands.go:359.55,369.18 5 0
github.com/ninaivalaigal/cli-tools/memory_commands.go:369.18,371.5 1 0
github.com/ninaivalaigal/cli-tools/memory_commands.go:373.4,373.32 1 0
github.com/ninaivalaigal/cli-tools/memory_commands.go:373.32,375.5 1 0
github.com/ninaivalaigal/cli-tools/memory_commands.go:378.4,381.14 3 0
github.com/ninaivalaigal/cli-tools/memory_commands.go:385.2,385.12 1 0
github.com/ninaivalaigal/cli-tools/memory_commands.go:389.49,402.55 2 0
github.com/ninaivalaigal/cli-tools/memory_commands.go:402.55,408.21 2 0
github.com/ninaivalaigal/cli-tools/memory_commands.go:408.21,410.5 1 0
github.com/ninaivalaigal/cli-tools/memory_commands.go:411.4,411.23 1 0
github.com/ninaivalaigal/cli-tools/memory_commands.go:411.23,413.5 1 0
github.com/ninaivalaigal/cli-tools/memory_commands.go:414.4,414.21 1 0
github.com/ninaivalaigal/cli-tools/memory_commands.go:414.21,416.5 1 0
github.com/ninaivalaigal/cli-tools/memory_commands.go:419.4,428.18 4 0
github.com/ninaivalaigal/cli-tools/memory_commands.go:428.18,430.5 1 0
github.com/ninaivalaigal/cli-tools/memory_commands.go:432.4,432.32 1 0
github.com/ninaivalaigal/cli-tools/memory_commands.go:432.32,434.5 1 0
github.com/ninaivalaigal/cli-tools/memory_commands.go:436.4,437.14 2 0
github.com/ninaivalaigal/cli-tools/memory_commands.go:441.2,447.12 6 0
github.com/ninaivalaigal/cli-tools/memory_commands.go:451.49,462.55 2 0
github.com/ninaivalaigal/cli-tools/memory_commands.go:462.55,477.18 5 0
github.com/ninaivalaigal/cli-tools/memory_commands.go:477.18,479.5 1 0
github.com/ninaivalaigal/cli-tools/memory_commands.go:481.4,481.32 1 0
github.com/ninaivalaigal/cli-tools/memory_commands.go:481.32,483.5 1 0
github.com/ninaivalaigal/cli-tools/memory_commands.go:485.4,486.14 2 0
github.com/ninaivalaigal/cli-tools/memory_commands.go:490.2,493.54 4 0
github.com/ninaivalaigal/cli-tools/memory_commands.go:493.54,495.3 1 0
github.com/ninaivalaigal/cli-tools/memory_commands.go:497.2,497.12 1 0
github.com/ninaivalaigal/cli-tools/memory_commands.go:501.40,505.26 4 0
github.com/ninaivalaigal/cli-tools/memory_commands.go:505.26,507.3 1 0
github.com/ninaivalaigal/cli-tools/memory_commands.go:508.2,508.22 1 0
github.com/ninaivalaigal/cli-tools/memory_commands.go:508.22,510.3 1 0
github.com/ninaivalaigal/cli-tools/memory_commands.go:511.2,513.30 2 0
github.com/ninaivalaigal/cli-tools/memory_commands.go:513.30,515.37 2 0
github.com/ninaivalaigal/cli-tools/memory_commands.go:515.37,517.4 1 0
github.com/ninaivalaigal/cli-tools/memory_commands.go:519.2,519.18 1 0
github.com/ninaivalaigal/cli-tools/memory_commands.go:523.46,524.24 1 0
github.com/ninaivalaigal/cli-tools/memory_commands.go:524.24,527.3 2 0
github.com/ninaivalaigal/cli-tools/memory_commands.go:529.2,529.28 1 0
github.com/ninaivalaigal/cli-tools/memory_commands.go:529.28,533.3 3 0
github.com/ninaivalaigal/cli-tools/memory_commands.go:536.2,550.34 14 0
github.com/ninaivalaigal/cli-tools/memory_commands.go:550.34,552.24 2 0
github.com/ninaivalaigal/cli-tools/memory_commands.go:552.24,554.4 1 0
github.com/ninaivalaigal/cli-tools/memory_commands.go:556.3,557.23 2 0
github.com/ninaivalaigal/cli-tools/memory_commands.go:557.23,559.4 1 0
github.com/ninaivalaigal/cli-tools/memory_commands.go:561.3,567.5 1 0
github.com/ninaivalaigal/cli-tools/memory_commands.go:570.2,570.16 1 0
github.com/ninaivalaigal/cli-tools/memory_commands.go:574.49,581.32 6 0
github.com/ninaivalaigal/cli-tools/memory_commands.go:581.32,584.28 2 0
github.com/ninaivalaigal/cli-tools/memory_commands.go:584.28,586.4 1 0
github.com/ninaivalaigal/cli-tools/memory_commands.go:587.3,587.65 1 0
github.com/ninaivalaigal/cli-tools/memory_commands.go:590.2,590.16 1 0
github.com/ninaivalaigal/cli-tools/server_commands.go:17.43,35.2 3 0
github.com/ninaivalaigal/cli-tools/server_commands.go:38.48,50.55 2 0
github.com/ninaivalaigal/cli-tools/server_commands.go:50.55,51.21 1 0
github.com/ninaivalaigal/cli-tools/server_commands.go:51.21,53.5 1 0
github.com/ninaivalaigal/cli-tools/server_commands.go:56.4,56.26 1 0
github.com/ninaivalaigal/cli-tools/server_commands.go:56.26,58.5 1 0
github.com/ninaivalaigal/cli-tools/server_commands.go:60.4,63.15 2 0
github.com/ninaivalaigal/cli-tools/server_commands.go:63.15,65.51 2 0
github.com/ninaivalaigal/cli-tools/server_commands.go:65.51,67.6 1 0
github.com/ninaivalaigal/cli-tools/server_commands.go:71.4,71.37 1 0
github.com/ninaivalaigal/cli-tools/server_commands.go:71.37,72.62 1 0
github.com/ninaivalaigal/cli-tools/server_commands.go:72.62,75.6 2 0
github.com/ninaivalaigal/cli-tools/server_commands.go:76.5,76.43 1 0
github.com/ninaivalaigal/cli-tools/server_commands.go:79.4,79.14 1 0
github.com/ninaivalaigal/cli-tools/server_commands.go:79.14,83.5 3 0
github.com/ninaivalaigal/cli-tools/server_commands.go:83.10,86.5 2 0
github.com/ninaivalaigal/cli-tools/server_commands.go:88.4,88.14 1 0
github.com/ninaivalaigal/cli-tools/server_commands.go:92.2,97.12 5 0
github.com/ninaivalaigal/cli-tools/server_commands.go:101.47,111.55 2 0
github.com/ninaivalaigal/cli-tools/server_commands.go:111.55,112.21 1 0
github.com/ninaivalaigal/cli-tools/server_commands.go:112.21,114.5 1 0
github.com/ninaivalaigal/cli-tools/server_commands.go:117.4,117.26 1 0
github.com/ninaivalaigal/cli-tools/server_commands.go:117.26,119.5 1 0
github.com/ninaivalaigal/cli-tools/server_commands.go:121.4,124.37 2 0
github.com/ninaivalaigal/cli-tools/server_commands.go:124.37,125.55 1 0
github.com/ninaivalaigal/cli-tools/server_commands.go:125.55,128.6 1 0
github.com/ninaivalaigal/cli-tools/server_commands.go:128.11,130.6 1 0
github.com/ninaivalaigal/cli-tools/server_commands.go:133.4,133.14 1 0
github.com/ninaivalaigal/cli-tools/server_commands.go:137.2,140.12 3 0
github.com/ninaivalaigal/cli-tools/server_commands.go:144.50,154.55 2 0
github.com/ninaivalaigal/cli-tools/server_commands.go:154.55,155.21 1 0
github.com/ninaivalaigal/cli-tools/server_commands.go:155.21,157.5 1 0
github.com/ninaivalaigal/cli-tools/server_commands.go:160.4,160.26 1 0
github.com/ninaivalaigal/cli-tools/server_commands.go:160.26,162.5 1 0
github.com/ninaivalaigal/cli-tools/server_commands.go:164.4,167.37 2 0
github.com/ninaivalaigal/cli-tools/server_commands.go:167.37,168.55 1 0
github.com/ninaivalaigal/cli-tools/server_commands.go:168.55,170.6 1 0
github.com/ninaivalaigal/cli-tools/server_commands.go:174.4,177.15 2 0
github.com/ninaivalaigal/cli-tools/server_commands.go:177.15,179.51 2 0
github.com/ninaivalaigal/cli-tools/server_commands.go:179.51,181.6 1 0
github.com/ninaivalaigal/cli-tools/server_commands.go:185.4,185.37 1 0
github.com/ninaivalaigal/cli-tools/server_commands.go:185.37,186.64 1 0
github.com/ninaivalaigal/cli-tools/server_commands.go:186.64,189.6 2 0
github.com/ninaivalaigal/cli-tools/server_commands.go:190.5,190.45 1 0
github.com/ninaivalaigal/cli-tools/server_commands.go:193.4,194.14 2 0
github.com/ninaivalaigal/cli-tools/server_commands.go:198.2,201.12 3 0
github.com/ninaivalaigal/cli-tools/server_commands.go:205.49,210.55 1 0
github.com/ninaivalaigal/cli-tools/server_commands.go:210.55,215.37 3 0
github.com/ninaivalaigal/cli-tools/server_commands.go:215.37,218.5 2 0
github.com/ninaivalaigal/cli-tools/server_commands.go:220.4,220.14 1 0
github.com/ninaivalaigal/cli-tools/server_commands.go:224.2,224.12 1 0
github.com/ninaivalaigal/cli-tools/server_commands.go:228.47,240.55 2 0
github.com/ninaivalaigal/cli-tools/server_commands.go:240.55,241.21 1 0
github.com/ninaivalaigal/cli-tools/server_commands.go:241.21,243.5 1 0
github.com/ninaivalaigal/cli-tools/server_commands.go:245.4,245.21 1 0
github.com/ninaivalaigal/cli-tools/server_commands.go:245.21,247.5 1 0
github.com/ninaivalaigal/cli-tools/server_commands.go:249.4,251.49 2 0
github.com/ninaivalaigal/cli-tools/server_commands.go:255.2,259.12 4 0
github.com/ninaivalaigal/cli-tools/server_commands.go:263.48,274.55 2 0
github.com/ninaivalaigal/cli-tools/server_commands.go:274.55,275.21 1 0
github.com/ninaivalaigal/cli-tools/server_commands.go:275.21,277.5 1 0
github.com/ninaivalaigal/cli-tools/server_commands.go:280.4,280.26 1 0
github.com/ninaivalaigal/cli-tools/server_commands.go:280.26,282.5 1 0
github.com/ninaivalaigal/cli-tools/server_commands.go:284.4,286.13 2 0
github.com/ninaivalaigal/cli-tools/server_commands.go:286.13,288.51 2 0
github.com/ninaivalaigal/cli-tools/server_commands.go:288.51,290.6 1 0
github.com/ninaivalaigal/cli-tools/server_commands.go:293.4,293.50 1 0
github.com/ninaivalaigal/cli-tools/server_commands.go:293.50,295.5 1 0
github.com/ninaivalaigal/cli-tools/server_commands.go:297.4,298.14 2 0
github.com/ninaivalaigal/cli-tools/server_commands.go:302.2,306.12 4 0
github.com/ninaivalaigal/cli-tools/server_commands.go:323.66,327.17 3 0
github.com/ninaivalaigal/cli-tools/server_commands.go:328.33,330.72 2 0
github.com/ninaivalaigal/cli-tools/server_commands.go:330.72,332.4 1 0
github.com/ninaivalaigal/cli-tools/server_commands.go:332.9,336.41 3 0
github.com/ninaivalaigal/cli-tools/server_commands.go:336.41,338.5 1 0
github.com/ninaivalaigal/cli-tools/server_commands.go:339.4,339.40 1 0
github.com/ninaivalaigal/cli-tools/server_commands.go:342.35,344.71 2 0
github.com/ninaivalaigal/cli-tools/server_commands.go:344.71,346.4 1 0
github.com/ninaivalaigal/cli-tools/server_commands.go:346.9,350.41 3 0
github.com/ninaivalaigal/cli-tools/server_commands.go:350.41,352.5 1 0
github.com/ninaivalaigal/cli-tools/server_commands.go:353.4,353.67 1 0
github.com/ninaivalaigal/cli-tools/server_commands.go:356.10,357.52 1 0
github.com/ninaivalaigal/cli-tools/server_commands.go:360.2,362.12 2 0
github.com/ninaivalaigal/cli-tools/server_commands.go:362.12,364.37 1 0
github.com/ninaivalaigal/cli-tools/server_commands.go:364.37,366.4 1 0
github.com/ninaivalaigal/cli-tools/server_commands.go:369.3,371.73 3 0
github.com/ninaivalaigal/cli-tools/server_commands.go:371.73,373.4 1 0
github.com/ninaivalaigal/cli-tools/server_commands.go:374.8,378.35 3 0
github.com/ninaivalaigal/cli-tools/server_commands.go:378.35,380.4 1 0
github.com/ninaivalaigal/cli-tools/server_commands.go:383.2,383.12 1 0
github.com/ninaivalaigal/cli-tools/server_commands.go:387.52,392.16 3 0
github.com/ninaivalaigal/cli-tools/server_commands.go:392.16,394.3 1 0
github.com/ninaivalaigal/cli-tools/server_commands.go:397.2,398.11 2 0
github.com/ninaivalaigal/cli-tools/server_commands.go:398.11,400.3 1 0
github.com/ninaivalaigal/cli-tools/server_commands.go:402.2,402.38 1 0
github.com/ninaivalaigal/cli-tools/server_commands.go:402.38,404.3 1 0
github.com/ninaivalaigal/cli-tools/server_commands.go:407.2,407.66 1 0
github.com/ninaivalaigal/cli-tools/server_commands.go:407.66,409.3 1 0
github.com/ninaivalaigal/cli-tools/server_commands.go:411.2,411.12 1 0
github.com/ninaivalaigal/cli-tools/server_commands.go:415.45,416.35 1 0
github.com/ninaivalaigal/cli-tools/server_commands.go:416.35,420.18 3 0
github.com/ninaivalaigal/cli-tools/server_commands.go:421.34,422.27 1 0
github.com/ninaivalaigal/cli-tools/server_commands.go:423.36,424.26 1 0
github.com/ninaivalaigal/cli-tools/server_commands.go:425.11,427.12 2 0
github.com/ninaivalaigal/cli-tools/server_commands.go:430.3,435.40 5 0
github.com/ninaivalaigal/cli-tools/server_commands.go:435.40,437.4 1 0
github.com/ninaivalaigal/cli-tools/server_commands.go:439.3,439.39 1 0
github.com/ninaivalaigal/cli-tools/server_commands.go:442.2,442.12 1 0
github.com/ninaivalaigal/cli-tools/server_commands.go:446.45,447.35 1 0
github.com/ninaivalaigal/cli-tools/server_commands.go:447.35,449.18 2 0
github.com/ninaivalaigal/cli-tools/server_commands.go:450.34,451.27 1 0
github.com/ninaivalaigal/cli-tools/server_commands.go:452.36,453.26 1 0
github.com/ninaivalaigal/cli-tools/server_commands.go:454.11,455.12 1 0
github.com/ninaivalaigal/cli-tools/server_commands.go:458.3,460.40 3 0
github.com/ninaivalaigal/cli-tools/server_commands.go:460.40,462.4 1 0
github.com/ninaivalaigal/cli-tools/server_commands.go:465.2,465.12 1 0
github.com/ninaivalaigal/cli-tools/server_commands.go:469.53,477.54 3 0
github.com/ninaivalaigal/cli-tools/server_commands.go:477.54,480.40 2 0
github.com/ninaivalaigal/cli-tools/server_commands.go:480.40,484.19 2 0
github.com/ninaivalaigal/cli-tools/server_commands.go:485.35,487.41 2 0
github.com/ninaivalaigal/cli-tools/server_commands.go:488.23,490.41 2 0
github.com/ninaivalaigal/cli-tools/server_commands.go:494.4,494.24 1 0
github.com/ninaivalaigal/cli-tools/server_commands.go:494.24,496.68 2 0
github.com/ninaivalaigal/cli-tools/server_commands.go:496.68,497.56 1 0
github.com/ninaivalaigal/cli-tools/server_commands.go:497.56,499.7 1 0
github.com/ninaivalaigal/cli-tools/server_commands.go:500.6,500.32 1 0
github.com/ninaivalaigal/cli-tools/server_commands.go:500.32,502.7 1 0
github.com/ninaivalaigal/cli-tools/server_commands.go:503.11,505.6 1 0
github.com/ninaivalaigal/cli-tools/server_commands.go:510.2,510.15 1 0
github.com/ninaivalaigal/cli-tools/server_commands.go:514.65,515.20 1 0
github.com/ninaivalaigal/cli-tools/server_commands.go:515.20,517.23 2 0
github.com/ninaivalaigal/cli-tools/server_commands.go:517.23,519.4 1 0
github.com/ninaivalaigal/cli-tools/server_commands.go:520.3,520.22 1 0
github.com/ninaivalaigal/cli-tools/server_commands.go:520.22,522.4 1 0
github.com/ninaivalaigal/cli-tools/server_commands.go:523.3,523.25 1 0
github.com/ninaivalaigal/cli-tools/server_commands.go:523.25,525.4 1 0
github.com/ninaivalaigal/cli-tools/server_commands.go:526.8,528.3 1 0
github.com/ninaivalaigal/cli-tools/server_commands.go:532.67,536.12 3 0
github.com/ninaivalaigal/cli-tools/server_commands.go:536.12,538.3 1 0
github.com/ninaivalaigal/cli-tools/server_commands.go:538.8,540.3 1 0
github.com/ninaivalaigal/cli-tools/server_commands.go:542.2,545.34 3 0
github.com/ninaivalaigal/cli-tools/server_commands.go:545.34,547.52 1 0
github.com/ninaivalaigal/cli-tools/server_commands.go:547.52,550.17 3 0
github.com/ninaivalaigal/cli-tools/server_commands.go:550.17,552.5 1 0
github.com/ninaivalaigal/cli-tools/server_commands.go:554.4,554.39 1 0
github.com/ninaivalaigal/cli-tools/server_commands.go:554.39,555.19 1 0
github.com/ninaivalaigal/cli-tools/server_commands.go:555.19,557.6 1 0
github.com/ninaivalaigal/cli-tools/server_commands.go:559.9,561.4 1 0
github.com/ninaivalaigal/cli-tools/server_commands.go:564.2,564.12 1 0
